{"total": {"lines":{"total":688,"covered":524,"skipped":0,"pct":76.16},"statements":{"total":701,"covered":529,"skipped":0,"pct":75.46},"functions":{"total":153,"covered":110,"skipped":0,"pct":71.9},"branches":{"total":756,"covered":475,"skipped":0,"pct":62.83}}
,"C:\\Users\\Oliver\\Documents\\GitHub\\hs-ui\\packages\\foundry-react-ui\\src\\components\\commonTypes.ts": {"lines":{"total":0,"covered":0,"skipped":0,"pct":100},"functions":{"total":0,"covered":0,"skipped":0,"pct":100},"statements":{"total":0,"covered":0,"skipped":0,"pct":100},"branches":{"total":0,"covered":0,"skipped":0,"pct":100}}
,"C:\\Users\\Oliver\\Documents\\GitHub\\hs-ui\\packages\\foundry-react-ui\\src\\components\\Button\\Button.tsx": {"lines":{"total":25,"covered":25,"skipped":0,"pct":100},"functions":{"total":6,"covered":4,"skipped":0,"pct":66.67},"statements":{"total":25,"covered":25,"skipped":0,"pct":100},"branches":{"total":51,"covered":43,"skipped":0,"pct":84.31}}
,"C:\\Users\\Oliver\\Documents\\GitHub\\hs-ui\\packages\\foundry-react-ui\\src\\components\\Card\\Card.tsx": {"lines":{"total":26,"covered":26,"skipped":0,"pct":100},"functions":{"total":6,"covered":5,"skipped":0,"pct":83.33},"statements":{"total":26,"covered":26,"skipped":0,"pct":100},"branches":{"total":30,"covered":28,"skipped":0,"pct":93.33}}
,"C:\\Users\\Oliver\\Documents\\GitHub\\hs-ui\\packages\\foundry-react-ui\\src\\components\\Checkbox\\Checkbox.tsx": {"lines":{"total":41,"covered":34,"skipped":0,"pct":82.93},"functions":{"total":7,"covered":4,"skipped":0,"pct":57.14},"statements":{"total":43,"covered":35,"skipped":0,"pct":81.4},"branches":{"total":41,"covered":32,"skipped":0,"pct":78.05}}
,"C:\\Users\\Oliver\\Documents\\GitHub\\hs-ui\\packages\\foundry-react-ui\\src\\components\\Divider\\Divider.tsx": {"lines":{"total":7,"covered":7,"skipped":0,"pct":100},"functions":{"total":2,"covered":2,"skipped":0,"pct":100},"statements":{"total":7,"covered":7,"skipped":0,"pct":100},"branches":{"total":8,"covered":6,"skipped":0,"pct":75}}
,"C:\\Users\\Oliver\\Documents\\GitHub\\hs-ui\\packages\\foundry-react-ui\\src\\components\\Dropdown\\Dropdown.tsx": {"lines":{"total":105,"covered":90,"skipped":0,"pct":85.71},"functions":{"total":24,"covered":19,"skipped":0,"pct":79.17},"statements":{"total":105,"covered":90,"skipped":0,"pct":85.71},"branches":{"total":108,"covered":79,"skipped":0,"pct":73.15}}
,"C:\\Users\\Oliver\\Documents\\GitHub\\hs-ui\\packages\\foundry-react-ui\\src\\components\\InteractionFeedback\\InteractionFeedback.tsx": {"lines":{"total":28,"covered":27,"skipped":0,"pct":96.43},"functions":{"total":11,"covered":8,"skipped":0,"pct":72.73},"statements":{"total":32,"covered":29,"skipped":0,"pct":90.63},"branches":{"total":15,"covered":14,"skipped":0,"pct":93.33}}
,"C:\\Users\\Oliver\\Documents\\GitHub\\hs-ui\\packages\\foundry-react-ui\\src\\components\\Label\\Label.tsx": {"lines":{"total":22,"covered":22,"skipped":0,"pct":100},"functions":{"total":2,"covered":2,"skipped":0,"pct":100},"statements":{"total":22,"covered":22,"skipped":0,"pct":100},"branches":{"total":26,"covered":22,"skipped":0,"pct":84.62}}
,"C:\\Users\\Oliver\\Documents\\GitHub\\hs-ui\\packages\\foundry-react-ui\\src\\components\\Modal\\Modal.tsx": {"lines":{"total":28,"covered":19,"skipped":0,"pct":67.86},"functions":{"total":5,"covered":3,"skipped":0,"pct":60},"statements":{"total":28,"covered":19,"skipped":0,"pct":67.86},"branches":{"total":26,"covered":20,"skipped":0,"pct":76.92}}
,"C:\\Users\\Oliver\\Documents\\GitHub\\hs-ui\\packages\\foundry-react-ui\\src\\components\\Progress\\Progress.tsx": {"lines":{"total":4,"covered":4,"skipped":0,"pct":100},"functions":{"total":1,"covered":1,"skipped":0,"pct":100},"statements":{"total":4,"covered":4,"skipped":0,"pct":100},"branches":{"total":0,"covered":0,"skipped":0,"pct":100}}
,"C:\\Users\\Oliver\\Documents\\GitHub\\hs-ui\\packages\\foundry-react-ui\\src\\components\\RangeSlider\\RangeSlider.tsx": {"lines":{"total":94,"covered":61,"skipped":0,"pct":64.89},"functions":{"total":24,"covered":18,"skipped":0,"pct":75},"statements":{"total":95,"covered":61,"skipped":0,"pct":64.21},"branches":{"total":94,"covered":51,"skipped":0,"pct":54.26}}
,"C:\\Users\\Oliver\\Documents\\GitHub\\hs-ui\\packages\\foundry-react-ui\\src\\components\\RangeSlider\\types.ts": {"lines":{"total":0,"covered":0,"skipped":0,"pct":100},"functions":{"total":0,"covered":0,"skipped":0,"pct":100},"statements":{"total":0,"covered":0,"skipped":0,"pct":100},"branches":{"total":0,"covered":0,"skipped":0,"pct":100}}
,"C:\\Users\\Oliver\\Documents\\GitHub\\hs-ui\\packages\\foundry-react-ui\\src\\components\\Table\\Table.tsx": {"lines":{"total":136,"covered":84,"skipped":0,"pct":61.76},"functions":{"total":32,"covered":19,"skipped":0,"pct":59.38},"statements":{"total":139,"covered":84,"skipped":0,"pct":60.43},"branches":{"total":185,"covered":68,"skipped":0,"pct":36.76}}
,"C:\\Users\\Oliver\\Documents\\GitHub\\hs-ui\\packages\\foundry-react-ui\\src\\components\\Table\\types.ts": {"lines":{"total":0,"covered":0,"skipped":0,"pct":100},"functions":{"total":0,"covered":0,"skipped":0,"pct":100},"statements":{"total":0,"covered":0,"skipped":0,"pct":100},"branches":{"total":0,"covered":0,"skipped":0,"pct":100}}
,"C:\\Users\\Oliver\\Documents\\GitHub\\hs-ui\\packages\\foundry-react-ui\\src\\components\\Tag\\Tag.tsx": {"lines":{"total":17,"covered":17,"skipped":0,"pct":100},"functions":{"total":3,"covered":3,"skipped":0,"pct":100},"statements":{"total":17,"covered":17,"skipped":0,"pct":100},"branches":{"total":35,"covered":33,"skipped":0,"pct":94.29}}
,"C:\\Users\\Oliver\\Documents\\GitHub\\hs-ui\\packages\\foundry-react-ui\\src\\components\\Text\\Text.tsx": {"lines":{"total":10,"covered":10,"skipped":0,"pct":100},"functions":{"total":4,"covered":4,"skipped":0,"pct":100},"statements":{"total":10,"covered":10,"skipped":0,"pct":100},"branches":{"total":27,"covered":27,"skipped":0,"pct":100}}
,"C:\\Users\\Oliver\\Documents\\GitHub\\hs-ui\\packages\\foundry-react-ui\\src\\components\\TextInput\\TextInput.tsx": {"lines":{"total":40,"covered":24,"skipped":0,"pct":60},"functions":{"total":10,"covered":4,"skipped":0,"pct":40},"statements":{"total":40,"covered":24,"skipped":0,"pct":60},"branches":{"total":53,"covered":28,"skipped":0,"pct":52.83}}
,"C:\\Users\\Oliver\\Documents\\GitHub\\hs-ui\\packages\\foundry-react-ui\\src\\context\\index.tsx": {"lines":{"total":16,"covered":12,"skipped":0,"pct":75},"functions":{"total":5,"covered":4,"skipped":0,"pct":80},"statements":{"total":16,"covered":12,"skipped":0,"pct":75},"branches":{"total":7,"covered":1,"skipped":0,"pct":14.29}}
,"C:\\Users\\Oliver\\Documents\\GitHub\\hs-ui\\packages\\foundry-react-ui\\src\\enums\\colors.ts": {"lines":{"total":0,"covered":0,"skipped":0,"pct":100},"functions":{"total":0,"covered":0,"skipped":0,"pct":100},"statements":{"total":0,"covered":0,"skipped":0,"pct":100},"branches":{"total":0,"covered":0,"skipped":0,"pct":100}}
,"C:\\Users\\Oliver\\Documents\\GitHub\\hs-ui\\packages\\foundry-react-ui\\src\\enums\\feedbackTypes.ts": {"lines":{"total":0,"covered":0,"skipped":0,"pct":100},"functions":{"total":0,"covered":0,"skipped":0,"pct":100},"statements":{"total":0,"covered":0,"skipped":0,"pct":100},"branches":{"total":0,"covered":0,"skipped":0,"pct":100}}
,"C:\\Users\\Oliver\\Documents\\GitHub\\hs-ui\\packages\\foundry-react-ui\\src\\enums\\fonts.ts": {"lines":{"total":0,"covered":0,"skipped":0,"pct":100},"functions":{"total":0,"covered":0,"skipped":0,"pct":100},"statements":{"total":0,"covered":0,"skipped":0,"pct":100},"branches":{"total":0,"covered":0,"skipped":0,"pct":100}}
,"C:\\Users\\Oliver\\Documents\\GitHub\\hs-ui\\packages\\foundry-react-ui\\src\\enums\\timings.ts": {"lines":{"total":0,"covered":0,"skipped":0,"pct":100},"functions":{"total":0,"covered":0,"skipped":0,"pct":100},"statements":{"total":0,"covered":0,"skipped":0,"pct":100},"branches":{"total":0,"covered":0,"skipped":0,"pct":100}}
,"C:\\Users\\Oliver\\Documents\\GitHub\\hs-ui\\packages\\foundry-react-ui\\src\\enums\\variants.ts": {"lines":{"total":0,"covered":0,"skipped":0,"pct":100},"functions":{"total":0,"covered":0,"skipped":0,"pct":100},"statements":{"total":0,"covered":0,"skipped":0,"pct":100},"branches":{"total":0,"covered":0,"skipped":0,"pct":100}}
,"C:\\Users\\Oliver\\Documents\\GitHub\\hs-ui\\packages\\foundry-react-ui\\src\\htmlElements\\index.tsx": {"lines":{"total":13,"covered":13,"skipped":0,"pct":100},"functions":{"total":0,"covered":0,"skipped":0,"pct":100},"statements":{"total":13,"covered":13,"skipped":0,"pct":100},"branches":{"total":0,"covered":0,"skipped":0,"pct":100}}
,"C:\\Users\\Oliver\\Documents\\GitHub\\hs-ui\\packages\\foundry-react-ui\\src\\utils\\color.ts": {"lines":{"total":10,"covered":9,"skipped":0,"pct":90},"functions":{"total":3,"covered":2,"skipped":0,"pct":66.67},"statements":{"total":10,"covered":9,"skipped":0,"pct":90},"branches":{"total":12,"covered":8,"skipped":0,"pct":66.67}}
,"C:\\Users\\Oliver\\Documents\\GitHub\\hs-ui\\packages\\foundry-react-ui\\src\\utils\\math.ts": {"lines":{"total":2,"covered":2,"skipped":0,"pct":100},"functions":{"total":1,"covered":1,"skipped":0,"pct":100},"statements":{"total":2,"covered":2,"skipped":0,"pct":100},"branches":{"total":0,"covered":0,"skipped":0,"pct":100}}
,"C:\\Users\\Oliver\\Documents\\GitHub\\hs-ui\\packages\\foundry-react-ui\\src\\utils\\refs.ts": {"lines":{"total":10,"covered":10,"skipped":0,"pct":100},"functions":{"total":3,"covered":3,"skipped":0,"pct":100},"statements":{"total":12,"covered":11,"skipped":0,"pct":91.67},"branches":{"total":8,"covered":6,"skipped":0,"pct":75}}
,"C:\\Users\\Oliver\\Documents\\GitHub\\hs-ui\\packages\\foundry-react-ui\\src\\utils\\styles.ts": {"lines":{"total":54,"covered":28,"skipped":0,"pct":51.85},"functions":{"total":4,"covered":4,"skipped":0,"pct":100},"statements":{"total":55,"covered":29,"skipped":0,"pct":52.73},"branches":{"total":30,"covered":9,"skipped":0,"pct":30}}
}
