{"total": {"lines":{"total":572,"covered":262,"skipped":0,"pct":45.8},"statements":{"total":579,"covered":264,"skipped":0,"pct":45.6},"functions":{"total":143,"covered":51,"skipped":0,"pct":35.66},"branches":{"total":631,"covered":241,"skipped":0,"pct":38.19}}
,"/Users/William/code/headstorm/rasa-ui/packages/hs-react-ui/src/serviceWorker.ts": {"lines":{"total":39,"covered":0,"skipped":0,"pct":0},"functions":{"total":16,"covered":0,"skipped":0,"pct":0},"statements":{"total":39,"covered":0,"skipped":0,"pct":0},"branches":{"total":32,"covered":0,"skipped":0,"pct":0}}
,"/Users/William/code/headstorm/rasa-ui/packages/hs-react-ui/src/components/commonTypes.ts": {"lines":{"total":0,"covered":0,"skipped":0,"pct":100},"functions":{"total":0,"covered":0,"skipped":0,"pct":100},"statements":{"total":0,"covered":0,"skipped":0,"pct":100},"branches":{"total":0,"covered":0,"skipped":0,"pct":100}}
,"/Users/William/code/headstorm/rasa-ui/packages/hs-react-ui/src/components/Button/Button.tsx": {"lines":{"total":20,"covered":20,"skipped":0,"pct":100},"functions":{"total":6,"covered":4,"skipped":0,"pct":66.67},"statements":{"total":20,"covered":20,"skipped":0,"pct":100},"branches":{"total":41,"covered":36,"skipped":0,"pct":87.8}}
,"/Users/William/code/headstorm/rasa-ui/packages/hs-react-ui/src/components/Card/Card.tsx": {"lines":{"total":20,"covered":0,"skipped":0,"pct":0},"functions":{"total":6,"covered":0,"skipped":0,"pct":0},"statements":{"total":20,"covered":0,"skipped":0,"pct":0},"branches":{"total":14,"covered":0,"skipped":0,"pct":0}}
,"/Users/William/code/headstorm/rasa-ui/packages/hs-react-ui/src/components/Checkbox/Checkbox.tsx": {"lines":{"total":41,"covered":34,"skipped":0,"pct":82.93},"functions":{"total":7,"covered":4,"skipped":0,"pct":57.14},"statements":{"total":43,"covered":35,"skipped":0,"pct":81.4},"branches":{"total":41,"covered":32,"skipped":0,"pct":78.05}}
,"/Users/William/code/headstorm/rasa-ui/packages/hs-react-ui/src/components/Divider/Divider.tsx": {"lines":{"total":7,"covered":7,"skipped":0,"pct":100},"functions":{"total":2,"covered":2,"skipped":0,"pct":100},"statements":{"total":7,"covered":7,"skipped":0,"pct":100},"branches":{"total":8,"covered":6,"skipped":0,"pct":75}}
,"/Users/William/code/headstorm/rasa-ui/packages/hs-react-ui/src/components/Dropdown/Dropdown.tsx": {"lines":{"total":100,"covered":85,"skipped":0,"pct":85},"functions":{"total":23,"covered":18,"skipped":0,"pct":78.26},"statements":{"total":100,"covered":85,"skipped":0,"pct":85},"branches":{"total":98,"covered":70,"skipped":0,"pct":71.43}}
,"/Users/William/code/headstorm/rasa-ui/packages/hs-react-ui/src/components/Label/Label.tsx": {"lines":{"total":22,"covered":22,"skipped":0,"pct":100},"functions":{"total":2,"covered":2,"skipped":0,"pct":100},"statements":{"total":22,"covered":22,"skipped":0,"pct":100},"branches":{"total":26,"covered":22,"skipped":0,"pct":84.62}}
,"/Users/William/code/headstorm/rasa-ui/packages/hs-react-ui/src/components/Modal/Modal.tsx": {"lines":{"total":25,"covered":0,"skipped":0,"pct":0},"functions":{"total":5,"covered":0,"skipped":0,"pct":0},"statements":{"total":25,"covered":0,"skipped":0,"pct":0},"branches":{"total":25,"covered":0,"skipped":0,"pct":0}}
,"/Users/William/code/headstorm/rasa-ui/packages/hs-react-ui/src/components/Progress/Progress.tsx": {"lines":{"total":4,"covered":4,"skipped":0,"pct":100},"functions":{"total":1,"covered":1,"skipped":0,"pct":100},"statements":{"total":4,"covered":4,"skipped":0,"pct":100},"branches":{"total":0,"covered":0,"skipped":0,"pct":100}}
,"/Users/William/code/headstorm/rasa-ui/packages/hs-react-ui/src/components/RangeSlider/RangeSlider.tsx": {"lines":{"total":55,"covered":29,"skipped":0,"pct":52.73},"functions":{"total":18,"covered":7,"skipped":0,"pct":38.89},"statements":{"total":56,"covered":29,"skipped":0,"pct":51.79},"branches":{"total":70,"covered":34,"skipped":0,"pct":48.57}}
,"/Users/William/code/headstorm/rasa-ui/packages/hs-react-ui/src/components/RangeSlider/types.ts": {"lines":{"total":0,"covered":0,"skipped":0,"pct":100},"functions":{"total":0,"covered":0,"skipped":0,"pct":100},"statements":{"total":0,"covered":0,"skipped":0,"pct":100},"branches":{"total":0,"covered":0,"skipped":0,"pct":100}}
,"/Users/William/code/headstorm/rasa-ui/packages/hs-react-ui/src/components/Table/Table.tsx": {"lines":{"total":136,"covered":0,"skipped":0,"pct":0},"functions":{"total":32,"covered":0,"skipped":0,"pct":0},"statements":{"total":139,"covered":0,"skipped":0,"pct":0},"branches":{"total":185,"covered":0,"skipped":0,"pct":0}}
,"/Users/William/code/headstorm/rasa-ui/packages/hs-react-ui/src/components/Table/types.ts": {"lines":{"total":0,"covered":0,"skipped":0,"pct":100},"functions":{"total":0,"covered":0,"skipped":0,"pct":100},"statements":{"total":0,"covered":0,"skipped":0,"pct":100},"branches":{"total":0,"covered":0,"skipped":0,"pct":100}}
,"/Users/William/code/headstorm/rasa-ui/packages/hs-react-ui/src/components/Text/Text.tsx": {"lines":{"total":10,"covered":10,"skipped":0,"pct":100},"functions":{"total":4,"covered":4,"skipped":0,"pct":100},"statements":{"total":10,"covered":10,"skipped":0,"pct":100},"branches":{"total":27,"covered":27,"skipped":0,"pct":100}}
,"/Users/William/code/headstorm/rasa-ui/packages/hs-react-ui/src/components/TextInput/TextInput.tsx": {"lines":{"total":36,"covered":0,"skipped":0,"pct":0},"functions":{"total":9,"covered":0,"skipped":0,"pct":0},"statements":{"total":36,"covered":0,"skipped":0,"pct":0},"branches":{"total":36,"covered":0,"skipped":0,"pct":0}}
,"/Users/William/code/headstorm/rasa-ui/packages/hs-react-ui/src/context/index.tsx": {"lines":{"total":14,"covered":11,"skipped":0,"pct":78.57},"functions":{"total":5,"covered":4,"skipped":0,"pct":80},"statements":{"total":14,"covered":11,"skipped":0,"pct":78.57},"branches":{"total":4,"covered":1,"skipped":0,"pct":25}}
,"/Users/William/code/headstorm/rasa-ui/packages/hs-react-ui/src/enums/colors.ts": {"lines":{"total":0,"covered":0,"skipped":0,"pct":100},"functions":{"total":0,"covered":0,"skipped":0,"pct":100},"statements":{"total":0,"covered":0,"skipped":0,"pct":100},"branches":{"total":0,"covered":0,"skipped":0,"pct":100}}
,"/Users/William/code/headstorm/rasa-ui/packages/hs-react-ui/src/enums/fonts.ts": {"lines":{"total":0,"covered":0,"skipped":0,"pct":100},"functions":{"total":0,"covered":0,"skipped":0,"pct":100},"statements":{"total":0,"covered":0,"skipped":0,"pct":100},"branches":{"total":0,"covered":0,"skipped":0,"pct":100}}
,"/Users/William/code/headstorm/rasa-ui/packages/hs-react-ui/src/enums/timings.ts": {"lines":{"total":0,"covered":0,"skipped":0,"pct":100},"functions":{"total":0,"covered":0,"skipped":0,"pct":100},"statements":{"total":0,"covered":0,"skipped":0,"pct":100},"branches":{"total":0,"covered":0,"skipped":0,"pct":100}}
,"/Users/William/code/headstorm/rasa-ui/packages/hs-react-ui/src/enums/variants.ts": {"lines":{"total":0,"covered":0,"skipped":0,"pct":100},"functions":{"total":0,"covered":0,"skipped":0,"pct":100},"statements":{"total":0,"covered":0,"skipped":0,"pct":100},"branches":{"total":0,"covered":0,"skipped":0,"pct":100}}
,"/Users/William/code/headstorm/rasa-ui/packages/hs-react-ui/src/htmlElements/index.tsx": {"lines":{"total":11,"covered":11,"skipped":0,"pct":100},"functions":{"total":0,"covered":0,"skipped":0,"pct":100},"statements":{"total":11,"covered":11,"skipped":0,"pct":100},"branches":{"total":0,"covered":0,"skipped":0,"pct":100}}
,"/Users/William/code/headstorm/rasa-ui/packages/hs-react-ui/src/utils/color.ts": {"lines":{"total":10,"covered":9,"skipped":0,"pct":90},"functions":{"total":3,"covered":2,"skipped":0,"pct":66.67},"statements":{"total":10,"covered":9,"skipped":0,"pct":90},"branches":{"total":12,"covered":7,"skipped":0,"pct":58.33}}
,"/Users/William/code/headstorm/rasa-ui/packages/hs-react-ui/src/utils/math.ts": {"lines":{"total":2,"covered":1,"skipped":0,"pct":50},"functions":{"total":1,"covered":0,"skipped":0,"pct":0},"statements":{"total":2,"covered":1,"skipped":0,"pct":50},"branches":{"total":0,"covered":0,"skipped":0,"pct":100}}
,"/Users/William/code/headstorm/rasa-ui/packages/hs-react-ui/src/utils/styles.ts": {"lines":{"total":20,"covered":19,"skipped":0,"pct":95},"functions":{"total":3,"covered":3,"skipped":0,"pct":100},"statements":{"total":21,"covered":20,"skipped":0,"pct":95.24},"branches":{"total":12,"covered":6,"skipped":0,"pct":50}}
}
