{"/home/runner/work/rasa-ui/rasa-ui/packages/hs-react-ui/src/serviceWorker.ts": {"path":"/home/runner/work/rasa-ui/rasa-ui/packages/hs-react-ui/src/serviceWorker.ts","statementMap":{"0":{"start":{"line":13,"column":20},"end":{"line":19,"column":1}},"1":{"start":{"line":22,"column":2},"end":{"line":52,"column":3}},"2":{"start":{"line":24,"column":22},"end":{"line":24,"column":75}},"3":{"start":{"line":25,"column":4},"end":{"line":30,"column":5}},"4":{"start":{"line":29,"column":6},"end":{"line":29,"column":13}},"5":{"start":{"line":32,"column":4},"end":{"line":51,"column":7}},"6":{"start":{"line":33,"column":20},"end":{"line":33,"column":65}},"7":{"start":{"line":35,"column":6},"end":{"line":50,"column":7}},"8":{"start":{"line":37,"column":8},"end":{"line":37,"column":47}},"9":{"start":{"line":41,"column":8},"end":{"line":46,"column":11}},"10":{"start":{"line":42,"column":10},"end":{"line":45,"column":12}},"11":{"start":{"line":49,"column":8},"end":{"line":49,"column":39}},"12":{"start":{"line":56,"column":2},"end":{"line":96,"column":7}},"13":{"start":{"line":59,"column":6},"end":{"line":92,"column":8}},"14":{"start":{"line":60,"column":33},"end":{"line":60,"column":56}},"15":{"start":{"line":61,"column":8},"end":{"line":63,"column":9}},"16":{"start":{"line":62,"column":10},"end":{"line":62,"column":17}},"17":{"start":{"line":64,"column":8},"end":{"line":91,"column":10}},"18":{"start":{"line":65,"column":10},"end":{"line":90,"column":11}},"19":{"start":{"line":66,"column":12},"end":{"line":89,"column":13}},"20":{"start":{"line":70,"column":14},"end":{"line":73,"column":16}},"21":{"start":{"line":76,"column":14},"end":{"line":78,"column":15}},"22":{"start":{"line":77,"column":16},"end":{"line":77,"column":46}},"23":{"start":{"line":83,"column":14},"end":{"line":83,"column":64}},"24":{"start":{"line":86,"column":14},"end":{"line":88,"column":15}},"25":{"start":{"line":87,"column":16},"end":{"line":87,"column":47}},"26":{"start":{"line":95,"column":6},"end":{"line":95,"column":72}},"27":{"start":{"line":101,"column":2},"end":{"line":124,"column":7}},"28":{"start":{"line":106,"column":26},"end":{"line":106,"column":62}},"29":{"start":{"line":107,"column":6},"end":{"line":120,"column":7}},"30":{"start":{"line":112,"column":8},"end":{"line":116,"column":11}},"31":{"start":{"line":113,"column":10},"end":{"line":115,"column":13}},"32":{"start":{"line":114,"column":12},"end":{"line":114,"column":37}},"33":{"start":{"line":119,"column":8},"end":{"line":119,"column":39}},"34":{"start":{"line":123,"column":6},"end":{"line":123,"column":83}},"35":{"start":{"line":128,"column":2},"end":{"line":136,"column":3}},"36":{"start":{"line":129,"column":4},"end":{"line":135,"column":9}},"37":{"start":{"line":131,"column":8},"end":{"line":131,"column":34}},"38":{"start":{"line":134,"column":8},"end":{"line":134,"column":37}}},"fnMap":{"0":{"name":"register","decl":{"start":{"line":21,"column":16},"end":{"line":21,"column":24}},"loc":{"start":{"line":21,"column":33},"end":{"line":53,"column":1}},"line":21},"1":{"name":"(anonymous_1)","decl":{"start":{"line":32,"column":36},"end":{"line":32,"column":37}},"loc":{"start":{"line":32,"column":42},"end":{"line":51,"column":5}},"line":32},"2":{"name":"(anonymous_2)","decl":{"start":{"line":41,"column":43},"end":{"line":41,"column":44}},"loc":{"start":{"line":41,"column":49},"end":{"line":46,"column":9}},"line":41},"3":{"name":"registerValidSW","decl":{"start":{"line":55,"column":9},"end":{"line":55,"column":24}},"loc":{"start":{"line":55,"column":40},"end":{"line":97,"column":1}},"line":55},"4":{"name":"(anonymous_4)","decl":{"start":{"line":58,"column":10},"end":{"line":58,"column":11}},"loc":{"start":{"line":58,"column":26},"end":{"line":93,"column":5}},"line":58},"5":{"name":"(anonymous_5)","decl":{"start":{"line":59,"column":35},"end":{"line":59,"column":36}},"loc":{"start":{"line":59,"column":41},"end":{"line":92,"column":7}},"line":59},"6":{"name":"(anonymous_6)","decl":{"start":{"line":64,"column":41},"end":{"line":64,"column":42}},"loc":{"start":{"line":64,"column":47},"end":{"line":91,"column":9}},"line":64},"7":{"name":"(anonymous_7)","decl":{"start":{"line":94,"column":11},"end":{"line":94,"column":12}},"loc":{"start":{"line":94,"column":20},"end":{"line":96,"column":5}},"line":94},"8":{"name":"checkValidServiceWorker","decl":{"start":{"line":99,"column":9},"end":{"line":99,"column":32}},"loc":{"start":{"line":99,"column":48},"end":{"line":125,"column":1}},"line":99},"9":{"name":"(anonymous_9)","decl":{"start":{"line":104,"column":10},"end":{"line":104,"column":11}},"loc":{"start":{"line":104,"column":22},"end":{"line":121,"column":5}},"line":104},"10":{"name":"(anonymous_10)","decl":{"start":{"line":112,"column":43},"end":{"line":112,"column":44}},"loc":{"start":{"line":112,"column":59},"end":{"line":116,"column":9}},"line":112},"11":{"name":"(anonymous_11)","decl":{"start":{"line":113,"column":41},"end":{"line":113,"column":42}},"loc":{"start":{"line":113,"column":47},"end":{"line":115,"column":11}},"line":113},"12":{"name":"(anonymous_12)","decl":{"start":{"line":122,"column":11},"end":{"line":122,"column":12}},"loc":{"start":{"line":122,"column":17},"end":{"line":124,"column":5}},"line":122},"13":{"name":"unregister","decl":{"start":{"line":127,"column":16},"end":{"line":127,"column":26}},"loc":{"start":{"line":127,"column":29},"end":{"line":137,"column":1}},"line":127},"14":{"name":"(anonymous_14)","decl":{"start":{"line":130,"column":12},"end":{"line":130,"column":13}},"loc":{"start":{"line":130,"column":28},"end":{"line":132,"column":7}},"line":130},"15":{"name":"(anonymous_15)","decl":{"start":{"line":133,"column":13},"end":{"line":133,"column":14}},"loc":{"start":{"line":133,"column":22},"end":{"line":135,"column":7}},"line":133}},"branchMap":{"0":{"loc":{"start":{"line":14,"column":2},"end":{"line":18,"column":92}},"type":"binary-expr","locations":[{"start":{"line":14,"column":2},"end":{"line":14,"column":42}},{"start":{"line":16,"column":4},"end":{"line":16,"column":40}},{"start":{"line":18,"column":4},"end":{"line":18,"column":92}}],"line":14},"1":{"loc":{"start":{"line":22,"column":2},"end":{"line":52,"column":3}},"type":"if","locations":[{"start":{"line":22,"column":2},"end":{"line":52,"column":3}},{"start":{"line":22,"column":2},"end":{"line":52,"column":3}}],"line":22},"2":{"loc":{"start":{"line":22,"column":6},"end":{"line":22,"column":75}},"type":"binary-expr","locations":[{"start":{"line":22,"column":6},"end":{"line":22,"column":43}},{"start":{"line":22,"column":47},"end":{"line":22,"column":75}}],"line":22},"3":{"loc":{"start":{"line":25,"column":4},"end":{"line":30,"column":5}},"type":"if","locations":[{"start":{"line":25,"column":4},"end":{"line":30,"column":5}},{"start":{"line":25,"column":4},"end":{"line":30,"column":5}}],"line":25},"4":{"loc":{"start":{"line":35,"column":6},"end":{"line":50,"column":7}},"type":"if","locations":[{"start":{"line":35,"column":6},"end":{"line":50,"column":7}},{"start":{"line":35,"column":6},"end":{"line":50,"column":7}}],"line":35},"5":{"loc":{"start":{"line":61,"column":8},"end":{"line":63,"column":9}},"type":"if","locations":[{"start":{"line":61,"column":8},"end":{"line":63,"column":9}},{"start":{"line":61,"column":8},"end":{"line":63,"column":9}}],"line":61},"6":{"loc":{"start":{"line":65,"column":10},"end":{"line":90,"column":11}},"type":"if","locations":[{"start":{"line":65,"column":10},"end":{"line":90,"column":11}},{"start":{"line":65,"column":10},"end":{"line":90,"column":11}}],"line":65},"7":{"loc":{"start":{"line":66,"column":12},"end":{"line":89,"column":13}},"type":"if","locations":[{"start":{"line":66,"column":12},"end":{"line":89,"column":13}},{"start":{"line":66,"column":12},"end":{"line":89,"column":13}}],"line":66},"8":{"loc":{"start":{"line":76,"column":14},"end":{"line":78,"column":15}},"type":"if","locations":[{"start":{"line":76,"column":14},"end":{"line":78,"column":15}},{"start":{"line":76,"column":14},"end":{"line":78,"column":15}}],"line":76},"9":{"loc":{"start":{"line":76,"column":18},"end":{"line":76,"column":43}},"type":"binary-expr","locations":[{"start":{"line":76,"column":18},"end":{"line":76,"column":24}},{"start":{"line":76,"column":28},"end":{"line":76,"column":43}}],"line":76},"10":{"loc":{"start":{"line":86,"column":14},"end":{"line":88,"column":15}},"type":"if","locations":[{"start":{"line":86,"column":14},"end":{"line":88,"column":15}},{"start":{"line":86,"column":14},"end":{"line":88,"column":15}}],"line":86},"11":{"loc":{"start":{"line":86,"column":18},"end":{"line":86,"column":44}},"type":"binary-expr","locations":[{"start":{"line":86,"column":18},"end":{"line":86,"column":24}},{"start":{"line":86,"column":28},"end":{"line":86,"column":44}}],"line":86},"12":{"loc":{"start":{"line":107,"column":6},"end":{"line":120,"column":7}},"type":"if","locations":[{"start":{"line":107,"column":6},"end":{"line":120,"column":7}},{"start":{"line":107,"column":6},"end":{"line":120,"column":7}}],"line":107},"13":{"loc":{"start":{"line":108,"column":8},"end":{"line":109,"column":73}},"type":"binary-expr","locations":[{"start":{"line":108,"column":8},"end":{"line":108,"column":31}},{"start":{"line":109,"column":9},"end":{"line":109,"column":28}},{"start":{"line":109,"column":32},"end":{"line":109,"column":72}}],"line":108},"14":{"loc":{"start":{"line":128,"column":2},"end":{"line":136,"column":3}},"type":"if","locations":[{"start":{"line":128,"column":2},"end":{"line":136,"column":3}},{"start":{"line":128,"column":2},"end":{"line":136,"column":3}}],"line":128}},"s":{"0":0,"1":0,"2":0,"3":0,"4":0,"5":0,"6":0,"7":0,"8":0,"9":0,"10":0,"11":0,"12":0,"13":0,"14":0,"15":0,"16":0,"17":0,"18":0,"19":0,"20":0,"21":0,"22":0,"23":0,"24":0,"25":0,"26":0,"27":0,"28":0,"29":0,"30":0,"31":0,"32":0,"33":0,"34":0,"35":0,"36":0,"37":0,"38":0},"f":{"0":0,"1":0,"2":0,"3":0,"4":0,"5":0,"6":0,"7":0,"8":0,"9":0,"10":0,"11":0,"12":0,"13":0,"14":0,"15":0},"b":{"0":[0,0,0],"1":[0,0],"2":[0,0],"3":[0,0],"4":[0,0],"5":[0,0],"6":[0,0],"7":[0,0],"8":[0,0],"9":[0,0],"10":[0,0],"11":[0,0],"12":[0,0],"13":[0,0,0],"14":[0,0]}}
,"/home/runner/work/rasa-ui/rasa-ui/packages/hs-react-ui/src/components/commonTypes.ts": {"path":"/home/runner/work/rasa-ui/rasa-ui/packages/hs-react-ui/src/components/commonTypes.ts","statementMap":{},"fnMap":{},"branchMap":{},"s":{},"f":{},"b":{}}
,"/home/runner/work/rasa-ui/rasa-ui/packages/hs-react-ui/src/components/Button/Button.tsx": {"path":"/home/runner/work/rasa-ui/rasa-ui/packages/hs-react-ui/src/components/Button/Button.tsx","statementMap":{"0":{"start":{"line":54,"column":92},"end":{"line":93,"column":1}},"1":{"start":{"line":58,"column":23},"end":{"line":58,"column":33}},"2":{"start":{"line":59,"column":28},"end":{"line":59,"column":93}},"3":{"start":{"line":60,"column":22},"end":{"line":60,"column":97}},"4":{"start":{"line":62,"column":4},"end":{"line":91,"column":6}},"5":{"start":{"line":95,"column":23},"end":{"line":100,"column":1}},"6":{"start":{"line":102,"column":22},"end":{"line":104,"column":1}},"7":{"start":{"line":106,"column":26},"end":{"line":110,"column":1}},"8":{"start":{"line":107,"column":49},"end":{"line":109,"column":3}},"9":{"start":{"line":112,"column":27},"end":{"line":116,"column":1}},"10":{"start":{"line":113,"column":49},"end":{"line":115,"column":3}},"11":{"start":{"line":118,"column":15},"end":{"line":187,"column":1}},"12":{"start":{"line":137,"column":21},"end":{"line":137,"column":38}},"13":{"start":{"line":138,"column":21},"end":{"line":138,"column":31}},"14":{"start":{"line":139,"column":25},"end":{"line":139,"column":50}},"15":{"start":{"line":141,"column":31},"end":{"line":153,"column":3}},"16":{"start":{"line":155,"column":2},"end":{"line":186,"column":4}},"17":{"start":{"line":189,"column":0},"end":{"line":189,"column":35}},"18":{"start":{"line":190,"column":0},"end":{"line":190,"column":33}},"19":{"start":{"line":191,"column":0},"end":{"line":191,"column":35}}},"fnMap":{"0":{"name":"(anonymous_0)","decl":{"start":{"line":57,"column":4},"end":{"line":57,"column":5}},"loc":{"start":{"line":57,"column":75},"end":{"line":92,"column":3}},"line":57},"1":{"name":"(anonymous_1)","decl":{"start":{"line":107,"column":4},"end":{"line":107,"column":5}},"loc":{"start":{"line":107,"column":49},"end":{"line":109,"column":3}},"line":107},"2":{"name":"(anonymous_2)","decl":{"start":{"line":113,"column":4},"end":{"line":113,"column":5}},"loc":{"start":{"line":113,"column":49},"end":{"line":115,"column":3}},"line":113},"3":{"name":"(anonymous_3)","decl":{"start":{"line":118,"column":15},"end":{"line":118,"column":16}},"loc":{"start":{"line":136,"column":39},"end":{"line":187,"column":1}},"line":136},"4":{"name":"(anonymous_4)","decl":{"start":{"line":132,"column":16},"end":{"line":132,"column":17}},"loc":{"start":{"line":132,"column":22},"end":{"line":132,"column":24}},"line":132},"5":{"name":"(anonymous_5)","decl":{"start":{"line":133,"column":14},"end":{"line":133,"column":15}},"loc":{"start":{"line":133,"column":20},"end":{"line":133,"column":22}},"line":133}},"branchMap":{"0":{"loc":{"start":{"line":57,"column":17},"end":{"line":57,"column":30}},"type":"default-arg","locations":[{"start":{"line":57,"column":29},"end":{"line":57,"column":30}}],"line":57},"1":{"loc":{"start":{"line":75,"column":16},"end":{"line":75,"column":98}},"type":"cond-expr","locations":[{"start":{"line":75,"column":47},"end":{"line":75,"column":86}},{"start":{"line":75,"column":89},"end":{"line":75,"column":98}}],"line":75},"2":{"loc":{"start":{"line":75,"column":60},"end":{"line":75,"column":84}},"type":"binary-expr","locations":[{"start":{"line":75,"column":60},"end":{"line":75,"column":65}},{"start":{"line":75,"column":69},"end":{"line":75,"column":84}}],"line":75},"3":{"loc":{"start":{"line":80,"column":8},"end":{"line":80,"column":40}},"type":"cond-expr","locations":[{"start":{"line":80,"column":19},"end":{"line":80,"column":35}},{"start":{"line":80,"column":38},"end":{"line":80,"column":40}}],"line":80},"4":{"loc":{"start":{"line":83,"column":10},"end":{"line":83,"column":99}},"type":"cond-expr","locations":[{"start":{"line":83,"column":46},"end":{"line":83,"column":75}},{"start":{"line":83,"column":78},"end":{"line":83,"column":99}}],"line":83},"5":{"loc":{"start":{"line":88,"column":10},"end":{"line":88,"column":97}},"type":"cond-expr","locations":[{"start":{"line":88,"column":46},"end":{"line":88,"column":74}},{"start":{"line":88,"column":77},"end":{"line":88,"column":97}}],"line":88},"6":{"loc":{"start":{"line":108,"column":6},"end":{"line":108,"column":44}},"type":"cond-expr","locations":[{"start":{"line":108,"column":19},"end":{"line":108,"column":39}},{"start":{"line":108,"column":42},"end":{"line":108,"column":44}}],"line":108},"7":{"loc":{"start":{"line":114,"column":6},"end":{"line":114,"column":43}},"type":"cond-expr","locations":[{"start":{"line":114,"column":19},"end":{"line":114,"column":38}},{"start":{"line":114,"column":41},"end":{"line":114,"column":43}}],"line":114},"8":{"loc":{"start":{"line":119,"column":2},"end":{"line":119,"column":35}},"type":"default-arg","locations":[{"start":{"line":119,"column":20},"end":{"line":119,"column":35}}],"line":119},"9":{"loc":{"start":{"line":120,"column":2},"end":{"line":120,"column":21}},"type":"default-arg","locations":[{"start":{"line":120,"column":19},"end":{"line":120,"column":21}}],"line":120},"10":{"loc":{"start":{"line":126,"column":2},"end":{"line":126,"column":15}},"type":"default-arg","locations":[{"start":{"line":126,"column":14},"end":{"line":126,"column":15}}],"line":126},"11":{"loc":{"start":{"line":127,"column":2},"end":{"line":127,"column":25}},"type":"default-arg","locations":[{"start":{"line":127,"column":12},"end":{"line":127,"column":25}}],"line":127},"12":{"loc":{"start":{"line":128,"column":2},"end":{"line":128,"column":27}},"type":"default-arg","locations":[{"start":{"line":128,"column":9},"end":{"line":128,"column":27}}],"line":128},"13":{"loc":{"start":{"line":130,"column":2},"end":{"line":130,"column":18}},"type":"default-arg","locations":[{"start":{"line":130,"column":13},"end":{"line":130,"column":18}}],"line":130},"14":{"loc":{"start":{"line":132,"column":2},"end":{"line":132,"column":24}},"type":"default-arg","locations":[{"start":{"line":132,"column":16},"end":{"line":132,"column":24}}],"line":132},"15":{"loc":{"start":{"line":133,"column":2},"end":{"line":133,"column":22}},"type":"default-arg","locations":[{"start":{"line":133,"column":14},"end":{"line":133,"column":22}}],"line":133},"16":{"loc":{"start":{"line":134,"column":2},"end":{"line":134,"column":29}},"type":"default-arg","locations":[{"start":{"line":134,"column":15},"end":{"line":134,"column":29}}],"line":134},"17":{"loc":{"start":{"line":139,"column":25},"end":{"line":139,"column":50}},"type":"binary-expr","locations":[{"start":{"line":139,"column":25},"end":{"line":139,"column":30}},{"start":{"line":139,"column":34},"end":{"line":139,"column":50}}],"line":139},"18":{"loc":{"start":{"line":155,"column":9},"end":{"line":186,"column":3}},"type":"cond-expr","locations":[{"start":{"line":156,"column":4},"end":{"line":158,"column":22}},{"start":{"line":160,"column":4},"end":{"line":185,"column":22}}],"line":155},"19":{"loc":{"start":{"line":161,"column":7},"end":{"line":169,"column":10}},"type":"binary-expr","locations":[{"start":{"line":161,"column":7},"end":{"line":161,"column":20}},{"start":{"line":162,"column":8},"end":{"line":162,"column":18}},{"start":{"line":163,"column":9},"end":{"line":169,"column":9}}],"line":161},"20":{"loc":{"start":{"line":163,"column":9},"end":{"line":169,"column":9}},"type":"cond-expr","locations":[{"start":{"line":164,"column":10},"end":{"line":166,"column":30}},{"start":{"line":168,"column":10},"end":{"line":168,"column":61}}],"line":163},"21":{"loc":{"start":{"line":163,"column":9},"end":{"line":163,"column":60}},"type":"binary-expr","locations":[{"start":{"line":163,"column":9},"end":{"line":163,"column":39}},{"start":{"line":163,"column":43},"end":{"line":163,"column":60}}],"line":163},"22":{"loc":{"start":{"line":170,"column":7},"end":{"line":174,"column":7}},"type":"binary-expr","locations":[{"start":{"line":170,"column":7},"end":{"line":170,"column":19}},{"start":{"line":171,"column":8},"end":{"line":173,"column":28}}],"line":170},"23":{"loc":{"start":{"line":177,"column":7},"end":{"line":184,"column":10}},"type":"binary-expr","locations":[{"start":{"line":177,"column":7},"end":{"line":177,"column":17}},{"start":{"line":178,"column":9},"end":{"line":184,"column":9}}],"line":177},"24":{"loc":{"start":{"line":178,"column":9},"end":{"line":184,"column":9}},"type":"cond-expr","locations":[{"start":{"line":179,"column":10},"end":{"line":181,"column":31}},{"start":{"line":183,"column":10},"end":{"line":183,"column":87}}],"line":178}},"s":{"0":2,"1":36,"2":36,"3":36,"4":36,"5":2,"6":2,"7":2,"8":3,"9":2,"10":2,"11":2,"12":36,"13":36,"14":36,"15":36,"16":36,"17":2,"18":2,"19":2},"f":{"0":36,"1":3,"2":2,"3":36,"4":0,"5":0},"b":{"0":[0],"1":[27,9],"2":[27,0],"3":[0,36],"4":[8,28],"5":[8,28],"6":[0,3],"7":[0,2],"8":[11],"9":[11],"10":[35],"11":[7],"12":[36],"13":[36],"14":[11],"15":[36],"16":[36],"17":[36,10],"18":[2,34],"19":[34,33,2],"20":[1,1],"21":[2,1],"22":[34,1],"23":[34,2],"24":[1,1]},"_coverageSchema":"1a1c01bbd47fc00a2c39e90264f33305004495a9","hash":"0e9e46b941ecd0e041118ceaffdf85848dfab7cb"}
,"/home/runner/work/rasa-ui/rasa-ui/packages/hs-react-ui/src/components/Card/Card.tsx": {"path":"/home/runner/work/rasa-ui/rasa-ui/packages/hs-react-ui/src/components/Card/Card.tsx","statementMap":{"0":{"start":{"line":10,"column":29},"end":{"line":25,"column":1}},"1":{"start":{"line":12,"column":23},"end":{"line":12,"column":33}},"2":{"start":{"line":14,"column":4},"end":{"line":23,"column":4}},"3":{"start":{"line":27,"column":22},"end":{"line":38,"column":1}},"4":{"start":{"line":29,"column":23},"end":{"line":29,"column":33}},"5":{"start":{"line":31,"column":4},"end":{"line":36,"column":6}},"6":{"start":{"line":40,"column":31},"end":{"line":43,"column":1}},"7":{"start":{"line":45,"column":20},"end":{"line":54,"column":1}},"8":{"start":{"line":47,"column":23},"end":{"line":47,"column":33}},"9":{"start":{"line":49,"column":4},"end":{"line":52,"column":6}},"10":{"start":{"line":56,"column":22},"end":{"line":72,"column":1}},"11":{"start":{"line":58,"column":23},"end":{"line":58,"column":33}},"12":{"start":{"line":60,"column":4},"end":{"line":70,"column":6}},"13":{"start":{"line":94,"column":13},"end":{"line":118,"column":1}},"14":{"start":{"line":113,"column":2},"end":{"line":117,"column":20}},"15":{"start":{"line":120,"column":0},"end":{"line":120,"column":21}},"16":{"start":{"line":121,"column":0},"end":{"line":121,"column":39}},"17":{"start":{"line":122,"column":0},"end":{"line":122,"column":21}},"18":{"start":{"line":123,"column":0},"end":{"line":123,"column":17}},"19":{"start":{"line":124,"column":0},"end":{"line":124,"column":31}}},"fnMap":{"0":{"name":"(anonymous_0)","decl":{"start":{"line":11,"column":4},"end":{"line":11,"column":5}},"loc":{"start":{"line":11,"column":46},"end":{"line":24,"column":3}},"line":11},"1":{"name":"(anonymous_1)","decl":{"start":{"line":28,"column":4},"end":{"line":28,"column":5}},"loc":{"start":{"line":28,"column":10},"end":{"line":37,"column":3}},"line":28},"2":{"name":"(anonymous_2)","decl":{"start":{"line":46,"column":4},"end":{"line":46,"column":5}},"loc":{"start":{"line":46,"column":10},"end":{"line":53,"column":3}},"line":46},"3":{"name":"(anonymous_3)","decl":{"start":{"line":57,"column":4},"end":{"line":57,"column":5}},"loc":{"start":{"line":57,"column":10},"end":{"line":71,"column":3}},"line":57},"4":{"name":"(anonymous_4)","decl":{"start":{"line":94,"column":13},"end":{"line":94,"column":14}},"loc":{"start":{"line":113,"column":2},"end":{"line":117,"column":20}},"line":113},"5":{"name":"(anonymous_5)","decl":{"start":{"line":105,"column":12},"end":{"line":105,"column":13}},"loc":{"start":{"line":105,"column":18},"end":{"line":105,"column":20}},"line":105}},"branchMap":{"0":{"loc":{"start":{"line":19,"column":16},"end":{"line":19,"column":87}},"type":"cond-expr","locations":[{"start":{"line":19,"column":29},"end":{"line":19,"column":61}},{"start":{"line":19,"column":64},"end":{"line":19,"column":87}}],"line":19},"1":{"loc":{"start":{"line":95,"column":2},"end":{"line":95,"column":33}},"type":"default-arg","locations":[{"start":{"line":95,"column":20},"end":{"line":95,"column":33}}],"line":95},"2":{"loc":{"start":{"line":96,"column":2},"end":{"line":96,"column":23}},"type":"default-arg","locations":[{"start":{"line":96,"column":17},"end":{"line":96,"column":23}}],"line":96},"3":{"loc":{"start":{"line":97,"column":2},"end":{"line":97,"column":19}},"type":"default-arg","locations":[{"start":{"line":97,"column":15},"end":{"line":97,"column":19}}],"line":97},"4":{"loc":{"start":{"line":98,"column":2},"end":{"line":98,"column":23}},"type":"default-arg","locations":[{"start":{"line":98,"column":17},"end":{"line":98,"column":23}}],"line":98},"5":{"loc":{"start":{"line":105,"column":2},"end":{"line":105,"column":20}},"type":"default-arg","locations":[{"start":{"line":105,"column":12},"end":{"line":105,"column":20}}],"line":105},"6":{"loc":{"start":{"line":111,"column":2},"end":{"line":111,"column":15}},"type":"default-arg","locations":[{"start":{"line":111,"column":14},"end":{"line":111,"column":15}}],"line":111},"7":{"loc":{"start":{"line":114,"column":5},"end":{"line":114,"column":69}},"type":"binary-expr","locations":[{"start":{"line":114,"column":5},"end":{"line":114,"column":11}},{"start":{"line":114,"column":15},"end":{"line":114,"column":69}}],"line":114},"8":{"loc":{"start":{"line":115,"column":5},"end":{"line":115,"column":67}},"type":"binary-expr","locations":[{"start":{"line":115,"column":5},"end":{"line":115,"column":13}},{"start":{"line":115,"column":17},"end":{"line":115,"column":67}}],"line":115},"9":{"loc":{"start":{"line":116,"column":5},"end":{"line":116,"column":69}},"type":"binary-expr","locations":[{"start":{"line":116,"column":5},"end":{"line":116,"column":11}},{"start":{"line":116,"column":15},"end":{"line":116,"column":69}}],"line":116}},"s":{"0":0,"1":0,"2":0,"3":0,"4":0,"5":0,"6":0,"7":0,"8":0,"9":0,"10":0,"11":0,"12":0,"13":0,"14":0,"15":0,"16":0,"17":0,"18":0,"19":0},"f":{"0":0,"1":0,"2":0,"3":0,"4":0,"5":0},"b":{"0":[0,0],"1":[0],"2":[0],"3":[0],"4":[0],"5":[0],"6":[0],"7":[0,0],"8":[0,0],"9":[0,0]}}
,"/home/runner/work/rasa-ui/rasa-ui/packages/hs-react-ui/src/components/Checkbox/Checkbox.tsx": {"path":"/home/runner/work/rasa-ui/rasa-ui/packages/hs-react-ui/src/components/Checkbox/Checkbox.tsx","statementMap":{"0":{"start":{"line":23,"column":21},"end":{"line":34,"column":1}},"1":{"start":{"line":36,"column":21},"end":{"line":52,"column":1}},"2":{"start":{"line":38,"column":23},"end":{"line":38,"column":33}},"3":{"start":{"line":39,"column":4},"end":{"line":50,"column":6}},"4":{"start":{"line":54,"column":19},"end":{"line":82,"column":1}},"5":{"start":{"line":56,"column":23},"end":{"line":56,"column":33}},"6":{"start":{"line":57,"column":16},"end":{"line":57,"column":32}},"7":{"start":{"line":58,"column":4},"end":{"line":58,"column":80}},"8":{"start":{"line":58,"column":57},"end":{"line":58,"column":80}},"9":{"start":{"line":59,"column":4},"end":{"line":59,"column":84}},"10":{"start":{"line":59,"column":57},"end":{"line":59,"column":84}},"11":{"start":{"line":60,"column":28},"end":{"line":60,"column":92}},"12":{"start":{"line":62,"column":4},"end":{"line":80,"column":6}},"13":{"start":{"line":84,"column":33},"end":{"line":87,"column":1}},"14":{"start":{"line":89,"column":24},"end":{"line":93,"column":42}},"15":{"start":{"line":95,"column":18},"end":{"line":102,"column":1}},"16":{"start":{"line":97,"column":23},"end":{"line":97,"column":33}},"17":{"start":{"line":98,"column":4},"end":{"line":100,"column":6}},"18":{"start":{"line":104,"column":18},"end":{"line":111,"column":1}},"19":{"start":{"line":106,"column":23},"end":{"line":106,"column":33}},"20":{"start":{"line":107,"column":4},"end":{"line":109,"column":6}},"21":{"start":{"line":113,"column":20},"end":{"line":120,"column":1}},"22":{"start":{"line":115,"column":23},"end":{"line":115,"column":33}},"23":{"start":{"line":116,"column":4},"end":{"line":118,"column":6}},"24":{"start":{"line":122,"column":20},"end":{"line":134,"column":1}},"25":{"start":{"line":124,"column":23},"end":{"line":124,"column":33}},"26":{"start":{"line":125,"column":18},"end":{"line":125,"column":83}},"27":{"start":{"line":126,"column":4},"end":{"line":132,"column":6}},"28":{"start":{"line":157,"column":18},"end":{"line":163,"column":1}},"29":{"start":{"line":165,"column":30},"end":{"line":171,"column":1}},"30":{"start":{"line":173,"column":17},"end":{"line":218,"column":1}},"31":{"start":{"line":193,"column":19},"end":{"line":193,"column":42}},"32":{"start":{"line":194,"column":24},"end":{"line":194,"column":66}},"33":{"start":{"line":195,"column":2},"end":{"line":217,"column":4}},"34":{"start":{"line":220,"column":0},"end":{"line":220,"column":23}},"35":{"start":{"line":221,"column":0},"end":{"line":221,"column":19}},"36":{"start":{"line":222,"column":0},"end":{"line":222,"column":23}},"37":{"start":{"line":223,"column":0},"end":{"line":223,"column":39}},"38":{"start":{"line":224,"column":0},"end":{"line":224,"column":31}},"39":{"start":{"line":225,"column":0},"end":{"line":225,"column":31}},"40":{"start":{"line":226,"column":0},"end":{"line":226,"column":31}},"41":{"start":{"line":227,"column":0},"end":{"line":227,"column":35}},"42":{"start":{"line":228,"column":0},"end":{"line":228,"column":32}}},"fnMap":{"0":{"name":"(anonymous_0)","decl":{"start":{"line":37,"column":4},"end":{"line":37,"column":5}},"loc":{"start":{"line":37,"column":22},"end":{"line":51,"column":3}},"line":37},"1":{"name":"(anonymous_1)","decl":{"start":{"line":55,"column":4},"end":{"line":55,"column":5}},"loc":{"start":{"line":55,"column":44},"end":{"line":81,"column":3}},"line":55},"2":{"name":"(anonymous_2)","decl":{"start":{"line":96,"column":4},"end":{"line":96,"column":5}},"loc":{"start":{"line":96,"column":21},"end":{"line":101,"column":3}},"line":96},"3":{"name":"(anonymous_3)","decl":{"start":{"line":105,"column":4},"end":{"line":105,"column":5}},"loc":{"start":{"line":105,"column":21},"end":{"line":110,"column":3}},"line":105},"4":{"name":"(anonymous_4)","decl":{"start":{"line":114,"column":4},"end":{"line":114,"column":5}},"loc":{"start":{"line":114,"column":10},"end":{"line":119,"column":3}},"line":114},"5":{"name":"(anonymous_5)","decl":{"start":{"line":123,"column":4},"end":{"line":123,"column":5}},"loc":{"start":{"line":123,"column":21},"end":{"line":133,"column":3}},"line":123},"6":{"name":"(anonymous_6)","decl":{"start":{"line":173,"column":17},"end":{"line":173,"column":18}},"loc":{"start":{"line":192,"column":21},"end":{"line":218,"column":1}},"line":192}},"branchMap":{"0":{"loc":{"start":{"line":49,"column":8},"end":{"line":49,"column":40}},"type":"cond-expr","locations":[{"start":{"line":49,"column":19},"end":{"line":49,"column":35}},{"start":{"line":49,"column":38},"end":{"line":49,"column":40}}],"line":49},"1":{"loc":{"start":{"line":58,"column":4},"end":{"line":58,"column":80}},"type":"if","locations":[{"start":{"line":58,"column":4},"end":{"line":58,"column":80}},{"start":{"line":58,"column":4},"end":{"line":58,"column":80}}],"line":58},"2":{"loc":{"start":{"line":58,"column":8},"end":{"line":58,"column":55}},"type":"binary-expr","locations":[{"start":{"line":58,"column":8},"end":{"line":58,"column":44}},{"start":{"line":58,"column":48},"end":{"line":58,"column":55}}],"line":58},"3":{"loc":{"start":{"line":59,"column":4},"end":{"line":59,"column":84}},"type":"if","locations":[{"start":{"line":59,"column":4},"end":{"line":59,"column":84}},{"start":{"line":59,"column":4},"end":{"line":59,"column":84}}],"line":59},"4":{"loc":{"start":{"line":59,"column":8},"end":{"line":59,"column":55}},"type":"binary-expr","locations":[{"start":{"line":59,"column":8},"end":{"line":59,"column":44}},{"start":{"line":59,"column":48},"end":{"line":59,"column":55}}],"line":59},"5":{"loc":{"start":{"line":60,"column":28},"end":{"line":60,"column":92}},"type":"cond-expr","locations":[{"start":{"line":60,"column":67},"end":{"line":60,"column":72}},{"start":{"line":60,"column":75},"end":{"line":60,"column":92}}],"line":60},"6":{"loc":{"start":{"line":60,"column":28},"end":{"line":60,"column":64}},"type":"binary-expr","locations":[{"start":{"line":60,"column":28},"end":{"line":60,"column":53}},{"start":{"line":60,"column":57},"end":{"line":60,"column":64}}],"line":60},"7":{"loc":{"start":{"line":64,"column":8},"end":{"line":66,"column":14}},"type":"cond-expr","locations":[{"start":{"line":65,"column":12},"end":{"line":65,"column":41}},{"start":{"line":66,"column":12},"end":{"line":66,"column":14}}],"line":64},"8":{"loc":{"start":{"line":64,"column":8},"end":{"line":64,"column":65}},"type":"binary-expr","locations":[{"start":{"line":64,"column":8},"end":{"line":64,"column":36}},{"start":{"line":64,"column":40},"end":{"line":64,"column":65}}],"line":64},"9":{"loc":{"start":{"line":99,"column":15},"end":{"line":99,"column":77}},"type":"cond-expr","locations":[{"start":{"line":99,"column":43},"end":{"line":99,"column":60}},{"start":{"line":99,"column":63},"end":{"line":99,"column":77}}],"line":99},"10":{"loc":{"start":{"line":108,"column":15},"end":{"line":108,"column":81}},"type":"cond-expr","locations":[{"start":{"line":108,"column":43},"end":{"line":108,"column":60}},{"start":{"line":108,"column":63},"end":{"line":108,"column":81}}],"line":108},"11":{"loc":{"start":{"line":125,"column":18},"end":{"line":125,"column":83}},"type":"cond-expr","locations":[{"start":{"line":125,"column":46},"end":{"line":125,"column":63}},{"start":{"line":125,"column":66},"end":{"line":125,"column":83}}],"line":125},"12":{"loc":{"start":{"line":174,"column":2},"end":{"line":174,"column":21}},"type":"default-arg","locations":[{"start":{"line":174,"column":16},"end":{"line":174,"column":21}}],"line":174},"13":{"loc":{"start":{"line":175,"column":2},"end":{"line":175,"column":45}},"type":"default-arg","locations":[{"start":{"line":175,"column":28},"end":{"line":175,"column":45}}],"line":175},"14":{"loc":{"start":{"line":176,"column":2},"end":{"line":176,"column":17}},"type":"default-arg","locations":[{"start":{"line":176,"column":14},"end":{"line":176,"column":17}}],"line":176},"15":{"loc":{"start":{"line":177,"column":2},"end":{"line":177,"column":21}},"type":"default-arg","locations":[{"start":{"line":177,"column":16},"end":{"line":177,"column":21}}],"line":177},"16":{"loc":{"start":{"line":180,"column":2},"end":{"line":180,"column":17}},"type":"default-arg","locations":[{"start":{"line":180,"column":15},"end":{"line":180,"column":17}}],"line":180},"17":{"loc":{"start":{"line":181,"column":2},"end":{"line":181,"column":29}},"type":"default-arg","locations":[{"start":{"line":181,"column":27},"end":{"line":181,"column":29}}],"line":181},"18":{"loc":{"start":{"line":182,"column":2},"end":{"line":182,"column":15}},"type":"default-arg","locations":[{"start":{"line":182,"column":13},"end":{"line":182,"column":15}}],"line":182},"19":{"loc":{"start":{"line":183,"column":2},"end":{"line":183,"column":17}},"type":"default-arg","locations":[{"start":{"line":183,"column":15},"end":{"line":183,"column":17}}],"line":183},"20":{"loc":{"start":{"line":184,"column":2},"end":{"line":184,"column":16}},"type":"default-arg","locations":[{"start":{"line":184,"column":14},"end":{"line":184,"column":16}}],"line":184},"21":{"loc":{"start":{"line":186,"column":2},"end":{"line":186,"column":36}},"type":"default-arg","locations":[{"start":{"line":186,"column":17},"end":{"line":186,"column":36}}],"line":186},"22":{"loc":{"start":{"line":187,"column":2},"end":{"line":187,"column":25}},"type":"default-arg","locations":[{"start":{"line":187,"column":12},"end":{"line":187,"column":25}}],"line":187},"23":{"loc":{"start":{"line":188,"column":2},"end":{"line":188,"column":17}},"type":"default-arg","locations":[{"start":{"line":188,"column":12},"end":{"line":188,"column":17}}],"line":188},"24":{"loc":{"start":{"line":190,"column":2},"end":{"line":190,"column":18}},"type":"default-arg","locations":[{"start":{"line":190,"column":13},"end":{"line":190,"column":18}}],"line":190},"25":{"loc":{"start":{"line":194,"column":24},"end":{"line":194,"column":66}},"type":"binary-expr","locations":[{"start":{"line":194,"column":24},"end":{"line":194,"column":34}},{"start":{"line":194,"column":38},"end":{"line":194,"column":66}}],"line":194},"26":{"loc":{"start":{"line":199,"column":11},"end":{"line":206,"column":18}},"type":"cond-expr","locations":[{"start":{"line":200,"column":12},"end":{"line":205,"column":14}},{"start":{"line":206,"column":14},"end":{"line":206,"column":18}}],"line":199}},"s":{"0":1,"1":1,"2":4,"3":4,"4":1,"5":4,"6":4,"7":4,"8":2,"9":4,"10":0,"11":4,"12":4,"13":1,"14":1,"15":1,"16":2,"17":2,"18":1,"19":0,"20":0,"21":1,"22":0,"23":0,"24":1,"25":0,"26":0,"27":0,"28":1,"29":1,"30":1,"31":4,"32":4,"33":4,"34":1,"35":1,"36":1,"37":1,"38":1,"39":1,"40":1,"41":1,"42":1},"f":{"0":4,"1":4,"2":2,"3":0,"4":0,"5":0,"6":4},"b":{"0":[0,4],"1":[2,2],"2":[4,4],"3":[0,4],"4":[4,0],"5":[2,2],"6":[4,4],"7":[4,0],"8":[4,4],"9":[2,0],"10":[0,0],"11":[0,0],"12":[4],"13":[4],"14":[4],"15":[4],"16":[4],"17":[4],"18":[4],"19":[4],"20":[4],"21":[4],"22":[4],"23":[1],"24":[4],"25":[4,4],"26":[2,2]},"_coverageSchema":"1a1c01bbd47fc00a2c39e90264f33305004495a9","hash":"1af472eda4808a95c5d5df1e05f2db214a01f8be"}
,"/home/runner/work/rasa-ui/rasa-ui/packages/hs-react-ui/src/components/Divider/Divider.tsx": {"path":"/home/runner/work/rasa-ui/rasa-ui/packages/hs-react-ui/src/components/Divider/Divider.tsx","statementMap":{"0":{"start":{"line":8,"column":30},"end":{"line":18,"column":1}},"1":{"start":{"line":10,"column":23},"end":{"line":10,"column":33}},"2":{"start":{"line":11,"column":4},"end":{"line":16,"column":4}},"3":{"start":{"line":20,"column":39},"end":{"line":25,"column":1}},"4":{"start":{"line":37,"column":16},"end":{"line":48,"column":1}},"5":{"start":{"line":45,"column":2},"end":{"line":47,"column":27}},"6":{"start":{"line":50,"column":0},"end":{"line":50,"column":44}}},"fnMap":{"0":{"name":"(anonymous_0)","decl":{"start":{"line":9,"column":4},"end":{"line":9,"column":5}},"loc":{"start":{"line":9,"column":78},"end":{"line":17,"column":3}},"line":9},"1":{"name":"(anonymous_1)","decl":{"start":{"line":37,"column":16},"end":{"line":37,"column":17}},"loc":{"start":{"line":45,"column":2},"end":{"line":47,"column":27}},"line":45}},"branchMap":{"0":{"loc":{"start":{"line":9,"column":7},"end":{"line":9,"column":20}},"type":"default-arg","locations":[{"start":{"line":9,"column":15},"end":{"line":9,"column":20}}],"line":9},"1":{"loc":{"start":{"line":9,"column":22},"end":{"line":9,"column":36}},"type":"default-arg","locations":[{"start":{"line":9,"column":31},"end":{"line":9,"column":36}}],"line":9},"2":{"loc":{"start":{"line":38,"column":2},"end":{"line":38,"column":32}},"type":"default-arg","locations":[{"start":{"line":38,"column":18},"end":{"line":38,"column":32}}],"line":38},"3":{"loc":{"start":{"line":39,"column":2},"end":{"line":39,"column":50}},"type":"default-arg","locations":[{"start":{"line":39,"column":27},"end":{"line":39,"column":50}}],"line":39},"4":{"loc":{"start":{"line":40,"column":2},"end":{"line":40,"column":19}},"type":"default-arg","locations":[{"start":{"line":40,"column":17},"end":{"line":40,"column":19}}],"line":40},"5":{"loc":{"start":{"line":41,"column":2},"end":{"line":41,"column":28}},"type":"default-arg","locations":[{"start":{"line":41,"column":26},"end":{"line":41,"column":28}}],"line":41},"6":{"loc":{"start":{"line":42,"column":2},"end":{"line":42,"column":15}},"type":"default-arg","locations":[{"start":{"line":42,"column":10},"end":{"line":42,"column":15}}],"line":42},"7":{"loc":{"start":{"line":43,"column":2},"end":{"line":43,"column":16}},"type":"default-arg","locations":[{"start":{"line":43,"column":11},"end":{"line":43,"column":16}}],"line":43}},"s":{"0":1,"1":2,"2":2,"3":1,"4":1,"5":2,"6":1},"f":{"0":2,"1":2},"b":{"0":[0],"1":[0],"2":[2],"3":[2],"4":[2],"5":[2],"6":[1],"7":[1]},"_coverageSchema":"1a1c01bbd47fc00a2c39e90264f33305004495a9","hash":"724600de0863d8ad094ca7ca8bc760e69da72aeb"}
,"/home/runner/work/rasa-ui/rasa-ui/packages/hs-react-ui/src/components/Dropdown/Dropdown.tsx": {"path":"/home/runner/work/rasa-ui/rasa-ui/packages/hs-react-ui/src/components/Dropdown/Dropdown.tsx","statementMap":{"0":{"start":{"line":30,"column":18},"end":{"line":41,"column":1}},"1":{"start":{"line":32,"column":23},"end":{"line":32,"column":33}},"2":{"start":{"line":33,"column":4},"end":{"line":39,"column":6}},"3":{"start":{"line":43,"column":30},"end":{"line":63,"column":1}},"4":{"start":{"line":44,"column":25},"end":{"line":62,"column":3}},"5":{"start":{"line":65,"column":27},"end":{"line":71,"column":1}},"6":{"start":{"line":74,"column":27},"end":{"line":76,"column":1}},"7":{"start":{"line":78,"column":18},"end":{"line":81,"column":1}},"8":{"start":{"line":83,"column":25},"end":{"line":97,"column":1}},"9":{"start":{"line":84,"column":40},"end":{"line":96,"column":3}},"10":{"start":{"line":99,"column":19},"end":{"line":130,"column":1}},"11":{"start":{"line":101,"column":28},"end":{"line":101,"column":94}},"12":{"start":{"line":102,"column":23},"end":{"line":102,"column":33}},"13":{"start":{"line":104,"column":4},"end":{"line":128,"column":4}},"14":{"start":{"line":131,"column":23},"end":{"line":145,"column":1}},"15":{"start":{"line":133,"column":23},"end":{"line":133,"column":33}},"16":{"start":{"line":135,"column":4},"end":{"line":143,"column":6}},"17":{"start":{"line":147,"column":29},"end":{"line":149,"column":1}},"18":{"start":{"line":184,"column":17},"end":{"line":441,"column":1}},"19":{"start":{"line":214,"column":21},"end":{"line":214,"column":31}},"20":{"start":{"line":215,"column":25},"end":{"line":215,"column":49}},"21":{"start":{"line":216,"column":30},"end":{"line":216,"column":54}},"22":{"start":{"line":217,"column":23},"end":{"line":217,"column":51}},"23":{"start":{"line":220,"column":33},"end":{"line":223,"column":3}},"24":{"start":{"line":225,"column":54},"end":{"line":225,"column":56}},"25":{"start":{"line":226,"column":2},"end":{"line":228,"column":5}},"26":{"start":{"line":227,"column":4},"end":{"line":227,"column":83}},"27":{"start":{"line":230,"column":21},"end":{"line":243,"column":3}},"28":{"start":{"line":232,"column":6},"end":{"line":232,"column":25}},"29":{"start":{"line":233,"column":21},"end":{"line":233,"column":70}},"30":{"start":{"line":235,"column":6},"end":{"line":240,"column":7}},"31":{"start":{"line":236,"column":8},"end":{"line":236,"column":25}},"32":{"start":{"line":237,"column":8},"end":{"line":239,"column":9}},"33":{"start":{"line":238,"column":10},"end":{"line":238,"column":19}},"34":{"start":{"line":245,"column":23},"end":{"line":259,"column":3}},"35":{"start":{"line":247,"column":6},"end":{"line":256,"column":7}},"36":{"start":{"line":248,"column":8},"end":{"line":248,"column":25}},"37":{"start":{"line":249,"column":8},"end":{"line":249,"column":30}},"38":{"start":{"line":251,"column":35},"end":{"line":251,"column":68}},"39":{"start":{"line":252,"column":26},"end":{"line":254,"column":34}},"40":{"start":{"line":253,"column":33},"end":{"line":253,"column":50}},"41":{"start":{"line":255,"column":8},"end":{"line":255,"column":28}},"42":{"start":{"line":261,"column":22},"end":{"line":271,"column":3}},"43":{"start":{"line":263,"column":6},"end":{"line":263,"column":25}},"44":{"start":{"line":264,"column":6},"end":{"line":264,"column":47}},"45":{"start":{"line":265,"column":6},"end":{"line":265,"column":39}},"46":{"start":{"line":266,"column":6},"end":{"line":268,"column":7}},"47":{"start":{"line":267,"column":8},"end":{"line":267,"column":18}},"48":{"start":{"line":275,"column":23},"end":{"line":286,"column":3}},"49":{"start":{"line":277,"column":6},"end":{"line":277,"column":25}},"50":{"start":{"line":278,"column":6},"end":{"line":278,"column":47}},"51":{"start":{"line":279,"column":6},"end":{"line":279,"column":25}},"52":{"start":{"line":280,"column":6},"end":{"line":283,"column":7}},"53":{"start":{"line":282,"column":8},"end":{"line":282,"column":37}},"54":{"start":{"line":288,"column":25},"end":{"line":331,"column":3}},"55":{"start":{"line":292,"column":6},"end":{"line":328,"column":12}},"56":{"start":{"line":293,"column":31},"end":{"line":293,"column":53}},"57":{"start":{"line":294,"column":8},"end":{"line":327,"column":9}},"58":{"start":{"line":296,"column":26},"end":{"line":296,"column":90}},"59":{"start":{"line":297,"column":12},"end":{"line":299,"column":13}},"60":{"start":{"line":298,"column":14},"end":{"line":298,"column":37}},"61":{"start":{"line":300,"column":12},"end":{"line":300,"column":18}},"62":{"start":{"line":302,"column":12},"end":{"line":307,"column":13}},"63":{"start":{"line":303,"column":30},"end":{"line":303,"column":89}},"64":{"start":{"line":304,"column":14},"end":{"line":306,"column":15}},"65":{"start":{"line":305,"column":16},"end":{"line":305,"column":32}},"66":{"start":{"line":308,"column":12},"end":{"line":308,"column":18}},"67":{"start":{"line":310,"column":12},"end":{"line":323,"column":13}},"68":{"start":{"line":311,"column":39},"end":{"line":311,"column":65}},"69":{"start":{"line":312,"column":14},"end":{"line":317,"column":15}},"70":{"start":{"line":313,"column":32},"end":{"line":313,"column":87}},"71":{"start":{"line":314,"column":16},"end":{"line":316,"column":17}},"72":{"start":{"line":315,"column":18},"end":{"line":315,"column":34}},"73":{"start":{"line":318,"column":19},"end":{"line":323,"column":13}},"74":{"start":{"line":319,"column":30},"end":{"line":319,"column":85}},"75":{"start":{"line":320,"column":14},"end":{"line":322,"column":15}},"76":{"start":{"line":321,"column":16},"end":{"line":321,"column":32}},"77":{"start":{"line":324,"column":12},"end":{"line":324,"column":18}},"78":{"start":{"line":326,"column":12},"end":{"line":326,"column":18}},"79":{"start":{"line":333,"column":2},"end":{"line":339,"column":23}},"80":{"start":{"line":334,"column":4},"end":{"line":334,"column":58}},"81":{"start":{"line":335,"column":4},"end":{"line":335,"column":55}},"82":{"start":{"line":336,"column":4},"end":{"line":338,"column":6}},"83":{"start":{"line":337,"column":6},"end":{"line":337,"column":60}},"84":{"start":{"line":342,"column":4},"end":{"line":353,"column":25}},"85":{"start":{"line":346,"column":44},"end":{"line":346,"column":63}},"86":{"start":{"line":356,"column":2},"end":{"line":440,"column":4}},"87":{"start":{"line":365,"column":8},"end":{"line":365,"column":27}},"88":{"start":{"line":366,"column":8},"end":{"line":366,"column":24}},"89":{"start":{"line":379,"column":42},"end":{"line":379,"column":60}},"90":{"start":{"line":391,"column":27},"end":{"line":391,"column":78}},"91":{"start":{"line":393,"column":14},"end":{"line":400,"column":15}},"92":{"start":{"line":411,"column":12},"end":{"line":435,"column":31}},"93":{"start":{"line":415,"column":29},"end":{"line":415,"column":52}},"94":{"start":{"line":443,"column":0},"end":{"line":443,"column":31}},"95":{"start":{"line":444,"column":0},"end":{"line":444,"column":45}},"96":{"start":{"line":445,"column":0},"end":{"line":445,"column":33}},"97":{"start":{"line":446,"column":0},"end":{"line":446,"column":41}},"98":{"start":{"line":447,"column":0},"end":{"line":447,"column":31}},"99":{"start":{"line":448,"column":0},"end":{"line":448,"column":28}}},"fnMap":{"0":{"name":"(anonymous_0)","decl":{"start":{"line":31,"column":4},"end":{"line":31,"column":5}},"loc":{"start":{"line":31,"column":31},"end":{"line":40,"column":3}},"line":31},"1":{"name":"(anonymous_1)","decl":{"start":{"line":44,"column":4},"end":{"line":44,"column":5}},"loc":{"start":{"line":44,"column":25},"end":{"line":62,"column":3}},"line":44},"2":{"name":"(anonymous_2)","decl":{"start":{"line":84,"column":4},"end":{"line":84,"column":5}},"loc":{"start":{"line":84,"column":40},"end":{"line":96,"column":3}},"line":84},"3":{"name":"(anonymous_3)","decl":{"start":{"line":100,"column":4},"end":{"line":100,"column":5}},"loc":{"start":{"line":100,"column":50},"end":{"line":129,"column":3}},"line":100},"4":{"name":"(anonymous_4)","decl":{"start":{"line":132,"column":4},"end":{"line":132,"column":5}},"loc":{"start":{"line":132,"column":40},"end":{"line":144,"column":3}},"line":132},"5":{"name":"(anonymous_5)","decl":{"start":{"line":184,"column":17},"end":{"line":184,"column":18}},"loc":{"start":{"line":213,"column":41},"end":{"line":441,"column":1}},"line":213},"6":{"name":"(anonymous_6)","decl":{"start":{"line":226,"column":18},"end":{"line":226,"column":19}},"loc":{"start":{"line":226,"column":28},"end":{"line":228,"column":3}},"line":226},"7":{"name":"(anonymous_7)","decl":{"start":{"line":231,"column":4},"end":{"line":231,"column":5}},"loc":{"start":{"line":231,"column":29},"end":{"line":241,"column":5}},"line":231},"8":{"name":"(anonymous_8)","decl":{"start":{"line":246,"column":4},"end":{"line":246,"column":5}},"loc":{"start":{"line":246,"column":36},"end":{"line":257,"column":5}},"line":246},"9":{"name":"(anonymous_9)","decl":{"start":{"line":253,"column":26},"end":{"line":253,"column":27}},"loc":{"start":{"line":253,"column":33},"end":{"line":253,"column":50}},"line":253},"10":{"name":"(anonymous_10)","decl":{"start":{"line":262,"column":4},"end":{"line":262,"column":5}},"loc":{"start":{"line":262,"column":29},"end":{"line":269,"column":5}},"line":262},"11":{"name":"(anonymous_11)","decl":{"start":{"line":276,"column":4},"end":{"line":276,"column":5}},"loc":{"start":{"line":276,"column":29},"end":{"line":284,"column":5}},"line":276},"12":{"name":"(anonymous_12)","decl":{"start":{"line":289,"column":4},"end":{"line":289,"column":5}},"loc":{"start":{"line":289,"column":17},"end":{"line":329,"column":5}},"line":289},"13":{"name":"(anonymous_13)","decl":{"start":{"line":292,"column":24},"end":{"line":292,"column":25}},"loc":{"start":{"line":292,"column":30},"end":{"line":328,"column":7}},"line":292},"14":{"name":"(anonymous_14)","decl":{"start":{"line":333,"column":12},"end":{"line":333,"column":13}},"loc":{"start":{"line":333,"column":18},"end":{"line":339,"column":3}},"line":333},"15":{"name":"(anonymous_15)","decl":{"start":{"line":336,"column":11},"end":{"line":336,"column":12}},"loc":{"start":{"line":336,"column":17},"end":{"line":338,"column":5}},"line":336},"16":{"name":"(anonymous_16)","decl":{"start":{"line":346,"column":19},"end":{"line":346,"column":20}},"loc":{"start":{"line":346,"column":44},"end":{"line":346,"column":63}},"line":346},"17":{"name":"(anonymous_17)","decl":{"start":{"line":364,"column":15},"end":{"line":364,"column":16}},"loc":{"start":{"line":364,"column":40},"end":{"line":367,"column":7}},"line":364},"18":{"name":"(anonymous_18)","decl":{"start":{"line":379,"column":17},"end":{"line":379,"column":18}},"loc":{"start":{"line":379,"column":42},"end":{"line":379,"column":60}},"line":379},"19":{"name":"(anonymous_19)","decl":{"start":{"line":391,"column":20},"end":{"line":391,"column":21}},"loc":{"start":{"line":391,"column":27},"end":{"line":391,"column":78}},"line":391},"20":{"name":"(anonymous_20)","decl":{"start":{"line":392,"column":17},"end":{"line":392,"column":18}},"loc":{"start":{"line":393,"column":14},"end":{"line":400,"column":15}},"line":393},"21":{"name":"(anonymous_21)","decl":{"start":{"line":410,"column":23},"end":{"line":410,"column":24}},"loc":{"start":{"line":411,"column":12},"end":{"line":435,"column":31}},"line":411},"22":{"name":"(anonymous_22)","decl":{"start":{"line":415,"column":23},"end":{"line":415,"column":24}},"loc":{"start":{"line":415,"column":29},"end":{"line":415,"column":52}},"line":415}},"branchMap":{"0":{"loc":{"start":{"line":38,"column":17},"end":{"line":38,"column":35}},"type":"cond-expr","locations":[{"start":{"line":38,"column":26},"end":{"line":38,"column":29}},{"start":{"line":38,"column":32},"end":{"line":38,"column":35}}],"line":38},"1":{"loc":{"start":{"line":51,"column":6},"end":{"line":57,"column":12}},"type":"cond-expr","locations":[{"start":{"line":52,"column":10},"end":{"line":56,"column":9}},{"start":{"line":57,"column":10},"end":{"line":57,"column":12}}],"line":51},"2":{"loc":{"start":{"line":101,"column":28},"end":{"line":101,"column":94}},"type":"cond-expr","locations":[{"start":{"line":101,"column":56},"end":{"line":101,"column":75}},{"start":{"line":101,"column":78},"end":{"line":101,"column":94}}],"line":101},"3":{"loc":{"start":{"line":108,"column":13},"end":{"line":108,"column":90}},"type":"cond-expr","locations":[{"start":{"line":108,"column":24},"end":{"line":108,"column":72}},{"start":{"line":108,"column":75},"end":{"line":108,"column":90}}],"line":108},"4":{"loc":{"start":{"line":110,"column":6},"end":{"line":110,"column":87}},"type":"cond-expr","locations":[{"start":{"line":110,"column":17},"end":{"line":110,"column":71}},{"start":{"line":110,"column":74},"end":{"line":110,"column":87}}],"line":110},"5":{"loc":{"start":{"line":116,"column":8},"end":{"line":116,"column":83}},"type":"cond-expr","locations":[{"start":{"line":116,"column":19},"end":{"line":116,"column":73}},{"start":{"line":116,"column":76},"end":{"line":116,"column":83}}],"line":116},"6":{"loc":{"start":{"line":125,"column":8},"end":{"line":125,"column":83}},"type":"cond-expr","locations":[{"start":{"line":125,"column":19},"end":{"line":125,"column":73}},{"start":{"line":125,"column":76},"end":{"line":125,"column":83}}],"line":125},"7":{"loc":{"start":{"line":140,"column":57},"end":{"line":140,"column":83}},"type":"binary-expr","locations":[{"start":{"line":140,"column":57},"end":{"line":140,"column":62}},{"start":{"line":140,"column":66},"end":{"line":140,"column":83}}],"line":140},"8":{"loc":{"start":{"line":185,"column":2},"end":{"line":185,"column":29}},"type":"default-arg","locations":[{"start":{"line":185,"column":20},"end":{"line":185,"column":29}}],"line":185},"9":{"loc":{"start":{"line":186,"column":2},"end":{"line":186,"column":39}},"type":"default-arg","locations":[{"start":{"line":186,"column":25},"end":{"line":186,"column":39}}],"line":186},"10":{"loc":{"start":{"line":187,"column":2},"end":{"line":187,"column":29}},"type":"default-arg","locations":[{"start":{"line":187,"column":20},"end":{"line":187,"column":29}}],"line":187},"11":{"loc":{"start":{"line":188,"column":2},"end":{"line":188,"column":43}},"type":"default-arg","locations":[{"start":{"line":188,"column":27},"end":{"line":188,"column":43}}],"line":188},"12":{"loc":{"start":{"line":189,"column":2},"end":{"line":189,"column":31}},"type":"default-arg","locations":[{"start":{"line":189,"column":21},"end":{"line":189,"column":31}}],"line":189},"13":{"loc":{"start":{"line":190,"column":2},"end":{"line":190,"column":39}},"type":"default-arg","locations":[{"start":{"line":190,"column":25},"end":{"line":190,"column":39}}],"line":190},"14":{"loc":{"start":{"line":191,"column":2},"end":{"line":191,"column":26}},"type":"default-arg","locations":[{"start":{"line":191,"column":22},"end":{"line":191,"column":26}}],"line":191},"15":{"loc":{"start":{"line":202,"column":2},"end":{"line":202,"column":15}},"type":"default-arg","locations":[{"start":{"line":202,"column":14},"end":{"line":202,"column":15}}],"line":202},"16":{"loc":{"start":{"line":203,"column":2},"end":{"line":203,"column":15}},"type":"default-arg","locations":[{"start":{"line":203,"column":10},"end":{"line":203,"column":15}}],"line":203},"17":{"loc":{"start":{"line":209,"column":2},"end":{"line":209,"column":14}},"type":"default-arg","locations":[{"start":{"line":209,"column":12},"end":{"line":209,"column":14}}],"line":209},"18":{"loc":{"start":{"line":210,"column":2},"end":{"line":210,"column":14}},"type":"default-arg","locations":[{"start":{"line":210,"column":13},"end":{"line":210,"column":14}}],"line":210},"19":{"loc":{"start":{"line":211,"column":2},"end":{"line":211,"column":28}},"type":"default-arg","locations":[{"start":{"line":211,"column":12},"end":{"line":211,"column":28}}],"line":211},"20":{"loc":{"start":{"line":212,"column":2},"end":{"line":212,"column":13}},"type":"default-arg","locations":[{"start":{"line":212,"column":11},"end":{"line":212,"column":13}}],"line":212},"21":{"loc":{"start":{"line":215,"column":25},"end":{"line":215,"column":49}},"type":"binary-expr","locations":[{"start":{"line":215,"column":25},"end":{"line":215,"column":30}},{"start":{"line":215,"column":34},"end":{"line":215,"column":49}}],"line":215},"22":{"loc":{"start":{"line":235,"column":6},"end":{"line":240,"column":7}},"type":"if","locations":[{"start":{"line":235,"column":6},"end":{"line":240,"column":7}},{"start":{"line":235,"column":6},"end":{"line":240,"column":7}}],"line":235},"23":{"loc":{"start":{"line":235,"column":10},"end":{"line":235,"column":63}},"type":"binary-expr","locations":[{"start":{"line":235,"column":10},"end":{"line":235,"column":17}},{"start":{"line":235,"column":22},"end":{"line":235,"column":31}},{"start":{"line":235,"column":35},"end":{"line":235,"column":62}}],"line":235},"24":{"loc":{"start":{"line":237,"column":8},"end":{"line":239,"column":9}},"type":"if","locations":[{"start":{"line":237,"column":8},"end":{"line":239,"column":9}},{"start":{"line":237,"column":8},"end":{"line":239,"column":9}}],"line":237},"25":{"loc":{"start":{"line":247,"column":6},"end":{"line":256,"column":7}},"type":"if","locations":[{"start":{"line":247,"column":6},"end":{"line":256,"column":7}},{"start":{"line":247,"column":6},"end":{"line":256,"column":7}}],"line":247},"26":{"loc":{"start":{"line":252,"column":26},"end":{"line":254,"column":34}},"type":"cond-expr","locations":[{"start":{"line":253,"column":12},"end":{"line":253,"column":51}},{"start":{"line":254,"column":12},"end":{"line":254,"column":34}}],"line":252},"27":{"loc":{"start":{"line":265,"column":15},"end":{"line":265,"column":37}},"type":"cond-expr","locations":[{"start":{"line":265,"column":23},"end":{"line":265,"column":25}},{"start":{"line":265,"column":28},"end":{"line":265,"column":37}}],"line":265},"28":{"loc":{"start":{"line":266,"column":6},"end":{"line":268,"column":7}},"type":"if","locations":[{"start":{"line":266,"column":6},"end":{"line":268,"column":7}},{"start":{"line":266,"column":6},"end":{"line":268,"column":7}}],"line":266},"29":{"loc":{"start":{"line":280,"column":6},"end":{"line":283,"column":7}},"type":"if","locations":[{"start":{"line":280,"column":6},"end":{"line":283,"column":7}},{"start":{"line":280,"column":6},"end":{"line":283,"column":7}}],"line":280},"30":{"loc":{"start":{"line":280,"column":10},"end":{"line":280,"column":46}},"type":"binary-expr","locations":[{"start":{"line":280,"column":10},"end":{"line":280,"column":22}},{"start":{"line":280,"column":26},"end":{"line":280,"column":46}}],"line":280},"31":{"loc":{"start":{"line":294,"column":8},"end":{"line":327,"column":9}},"type":"switch","locations":[{"start":{"line":295,"column":10},"end":{"line":300,"column":18}},{"start":{"line":301,"column":10},"end":{"line":308,"column":18}},{"start":{"line":309,"column":10},"end":{"line":324,"column":18}},{"start":{"line":325,"column":10},"end":{"line":326,"column":18}}],"line":294},"32":{"loc":{"start":{"line":296,"column":26},"end":{"line":296,"column":90}},"type":"binary-expr","locations":[{"start":{"line":296,"column":26},"end":{"line":296,"column":40}},{"start":{"line":296,"column":44},"end":{"line":296,"column":90}}],"line":296},"33":{"loc":{"start":{"line":297,"column":12},"end":{"line":299,"column":13}},"type":"if","locations":[{"start":{"line":297,"column":12},"end":{"line":299,"column":13}},{"start":{"line":297,"column":12},"end":{"line":299,"column":13}}],"line":297},"34":{"loc":{"start":{"line":302,"column":12},"end":{"line":307,"column":13}},"type":"if","locations":[{"start":{"line":302,"column":12},"end":{"line":307,"column":13}},{"start":{"line":302,"column":12},"end":{"line":307,"column":13}}],"line":302},"35":{"loc":{"start":{"line":302,"column":16},"end":{"line":302,"column":78}},"type":"binary-expr","locations":[{"start":{"line":302,"column":16},"end":{"line":302,"column":30}},{"start":{"line":302,"column":34},"end":{"line":302,"column":78}}],"line":302},"36":{"loc":{"start":{"line":304,"column":14},"end":{"line":306,"column":15}},"type":"if","locations":[{"start":{"line":304,"column":14},"end":{"line":306,"column":15}},{"start":{"line":304,"column":14},"end":{"line":306,"column":15}}],"line":304},"37":{"loc":{"start":{"line":310,"column":12},"end":{"line":323,"column":13}},"type":"if","locations":[{"start":{"line":310,"column":12},"end":{"line":323,"column":13}},{"start":{"line":310,"column":12},"end":{"line":323,"column":13}}],"line":310},"38":{"loc":{"start":{"line":310,"column":16},"end":{"line":310,"column":75}},"type":"binary-expr","locations":[{"start":{"line":310,"column":16},"end":{"line":310,"column":30}},{"start":{"line":310,"column":34},"end":{"line":310,"column":75}}],"line":310},"39":{"loc":{"start":{"line":312,"column":14},"end":{"line":317,"column":15}},"type":"if","locations":[{"start":{"line":312,"column":14},"end":{"line":317,"column":15}},{"start":{"line":312,"column":14},"end":{"line":317,"column":15}}],"line":312},"40":{"loc":{"start":{"line":314,"column":16},"end":{"line":316,"column":17}},"type":"if","locations":[{"start":{"line":314,"column":16},"end":{"line":316,"column":17}},{"start":{"line":314,"column":16},"end":{"line":316,"column":17}}],"line":314},"41":{"loc":{"start":{"line":318,"column":19},"end":{"line":323,"column":13}},"type":"if","locations":[{"start":{"line":318,"column":19},"end":{"line":323,"column":13}},{"start":{"line":318,"column":19},"end":{"line":323,"column":13}}],"line":318},"42":{"loc":{"start":{"line":318,"column":23},"end":{"line":318,"column":85}},"type":"binary-expr","locations":[{"start":{"line":318,"column":23},"end":{"line":318,"column":37}},{"start":{"line":318,"column":41},"end":{"line":318,"column":85}}],"line":318},"43":{"loc":{"start":{"line":320,"column":14},"end":{"line":322,"column":15}},"type":"if","locations":[{"start":{"line":320,"column":14},"end":{"line":322,"column":15}},{"start":{"line":320,"column":14},"end":{"line":322,"column":15}}],"line":320},"44":{"loc":{"start":{"line":343,"column":7},"end":{"line":351,"column":7}},"type":"binary-expr","locations":[{"start":{"line":343,"column":7},"end":{"line":343,"column":14}},{"start":{"line":343,"column":18},"end":{"line":343,"column":35}},{"start":{"line":344,"column":8},"end":{"line":350,"column":29}}],"line":343},"45":{"loc":{"start":{"line":352,"column":18},"end":{"line":352,"column":50}},"type":"cond-expr","locations":[{"start":{"line":352,"column":27},"end":{"line":352,"column":36}},{"start":{"line":352,"column":39},"end":{"line":352,"column":50}}],"line":352},"46":{"loc":{"start":{"line":391,"column":27},"end":{"line":391,"column":78}},"type":"binary-expr","locations":[{"start":{"line":391,"column":27},"end":{"line":391,"column":44}},{"start":{"line":391,"column":48},"end":{"line":391,"column":78}}],"line":391},"47":{"loc":{"start":{"line":393,"column":14},"end":{"line":400,"column":15}},"type":"cond-expr","locations":[{"start":{"line":394,"column":16},"end":{"line":397,"column":23}},{"start":{"line":399,"column":16},"end":{"line":399,"column":25}}],"line":393},"48":{"loc":{"start":{"line":395,"column":19},"end":{"line":395,"column":34}},"type":"binary-expr","locations":[{"start":{"line":395,"column":19},"end":{"line":395,"column":26}},{"start":{"line":395,"column":30},"end":{"line":395,"column":34}}],"line":395},"49":{"loc":{"start":{"line":402,"column":11},"end":{"line":404,"column":11}},"type":"binary-expr","locations":[{"start":{"line":402,"column":12},"end":{"line":402,"column":19}},{"start":{"line":402,"column":23},"end":{"line":402,"column":37}},{"start":{"line":403,"column":12},"end":{"line":403,"column":92}}],"line":402},"50":{"loc":{"start":{"line":408,"column":7},"end":{"line":438,"column":7}},"type":"binary-expr","locations":[{"start":{"line":408,"column":7},"end":{"line":408,"column":13}},{"start":{"line":409,"column":8},"end":{"line":437,"column":33}}],"line":408},"51":{"loc":{"start":{"line":423,"column":15},"end":{"line":433,"column":15}},"type":"binary-expr","locations":[{"start":{"line":423,"column":15},"end":{"line":423,"column":20}},{"start":{"line":424,"column":16},"end":{"line":432,"column":39}}],"line":423},"52":{"loc":{"start":{"line":431,"column":19},"end":{"line":431,"column":91}},"type":"binary-expr","locations":[{"start":{"line":431,"column":19},"end":{"line":431,"column":52}},{"start":{"line":431,"column":56},"end":{"line":431,"column":91}}],"line":431}},"s":{"0":1,"1":25,"2":25,"3":1,"4":25,"5":1,"6":1,"7":1,"8":1,"9":6,"10":1,"11":18,"12":18,"13":18,"14":1,"15":6,"16":6,"17":1,"18":1,"19":26,"20":26,"21":26,"22":26,"23":26,"24":26,"25":26,"26":78,"27":26,"28":10,"29":10,"30":10,"31":3,"32":3,"33":0,"34":26,"35":6,"36":2,"37":2,"38":4,"39":4,"40":0,"41":4,"42":26,"43":0,"44":0,"45":0,"46":0,"47":0,"48":26,"49":0,"50":0,"51":0,"52":0,"53":0,"54":26,"55":6,"56":6,"57":6,"58":1,"59":1,"60":1,"61":1,"62":1,"63":1,"64":1,"65":1,"66":1,"67":4,"68":1,"69":1,"70":1,"71":1,"72":1,"73":3,"74":3,"75":3,"76":2,"77":4,"78":0,"79":26,"80":25,"81":25,"82":25,"83":25,"84":26,"85":0,"86":26,"87":10,"88":10,"89":0,"90":10,"91":8,"92":21,"93":5,"94":1,"95":1,"96":1,"97":1,"98":1,"99":1},"f":{"0":25,"1":25,"2":6,"3":18,"4":6,"5":26,"6":78,"7":10,"8":6,"9":0,"10":0,"11":0,"12":6,"13":6,"14":25,"15":25,"16":0,"17":10,"18":0,"19":10,"20":8,"21":21,"22":5},"b":{"0":[6,19],"1":[6,19],"2":[0,18],"3":[0,18],"4":[0,18],"5":[0,18],"6":[0,18],"7":[6,0],"8":[26],"9":[26],"10":[26],"11":[26],"12":[26],"13":[26],"14":[26],"15":[26],"16":[18],"17":[0],"18":[26],"19":[26],"20":[20],"21":[26,26],"22":[3,7],"23":[10,7,7],"24":[0,3],"25":[2,4],"26":[0,4],"27":[0,0],"28":[0,0],"29":[0,0],"30":[0,0],"31":[1,1,4,0],"32":[1,1],"33":[1,0],"34":[1,0],"35":[1,1],"36":[1,0],"37":[1,3],"38":[4,4],"39":[1,0],"40":[1,0],"41":[3,0],"42":[3,3],"43":[2,1],"44":[26,0,0],"45":[7,19],"46":[10,10],"47":[8,0],"48":[8,3],"49":[26,26,20],"50":[26,7],"51":[21,6],"52":[6,0]},"_coverageSchema":"1a1c01bbd47fc00a2c39e90264f33305004495a9","hash":"fd4ec703e409d093b6a68d6de34401b4eb102383"}
,"/home/runner/work/rasa-ui/rasa-ui/packages/hs-react-ui/src/components/InteractionFeedback/InteractionFeedback.tsx": {"path":"/home/runner/work/rasa-ui/rasa-ui/packages/hs-react-ui/src/components/InteractionFeedback/InteractionFeedback.tsx","statementMap":{"0":{"start":{"line":8,"column":15},"end":{"line":13,"column":1}},"1":{"start":{"line":15,"column":18},"end":{"line":17,"column":1}},"2":{"start":{"line":30,"column":38},"end":{"line":32,"column":1}},"3":{"start":{"line":31,"column":17},"end":{"line":31,"column":70}},"4":{"start":{"line":31,"column":39},"end":{"line":31,"column":69}},"5":{"start":{"line":33,"column":31},"end":{"line":54,"column":1}},"6":{"start":{"line":55,"column":28},"end":{"line":106,"column":1}},"7":{"start":{"line":62,"column":33},"end":{"line":62,"column":52}},"8":{"start":{"line":63,"column":38},"end":{"line":63,"column":68}},"9":{"start":{"line":65,"column":22},"end":{"line":69,"column":4}},"10":{"start":{"line":66,"column":31},"end":{"line":66,"column":38}},"11":{"start":{"line":67,"column":34},"end":{"line":67,"column":89}},"12":{"start":{"line":67,"column":53},"end":{"line":67,"column":88}},"13":{"start":{"line":67,"column":69},"end":{"line":67,"column":87}},"14":{"start":{"line":70,"column":19},"end":{"line":78,"column":4}},"15":{"start":{"line":71,"column":24},"end":{"line":76,"column":10}},"16":{"start":{"line":72,"column":6},"end":{"line":75,"column":8}},"17":{"start":{"line":77,"column":4},"end":{"line":77,"column":76}},"18":{"start":{"line":80,"column":27},"end":{"line":96,"column":3}},"19":{"start":{"line":82,"column":6},"end":{"line":93,"column":7}},"20":{"start":{"line":83,"column":8},"end":{"line":83,"column":20}},"21":{"start":{"line":84,"column":29},"end":{"line":84,"column":64}},"22":{"start":{"line":85,"column":37},"end":{"line":85,"column":38}},"23":{"start":{"line":86,"column":25},"end":{"line":86,"column":83}},"24":{"start":{"line":87,"column":25},"end":{"line":87,"column":83}},"25":{"start":{"line":89,"column":8},"end":{"line":92,"column":11}},"26":{"start":{"line":89,"column":27},"end":{"line":92,"column":9}},"27":{"start":{"line":98,"column":2},"end":{"line":105,"column":4}},"28":{"start":{"line":108,"column":0},"end":{"line":108,"column":68}},"29":{"start":{"line":109,"column":0},"end":{"line":109,"column":82}}},"fnMap":{"0":{"name":"(anonymous_0)","decl":{"start":{"line":31,"column":5},"end":{"line":31,"column":6}},"loc":{"start":{"line":31,"column":17},"end":{"line":31,"column":70}},"line":31},"1":{"name":"(anonymous_1)","decl":{"start":{"line":31,"column":22},"end":{"line":31,"column":23}},"loc":{"start":{"line":31,"column":39},"end":{"line":31,"column":69}},"line":31},"2":{"name":"(anonymous_2)","decl":{"start":{"line":55,"column":28},"end":{"line":55,"column":29}},"loc":{"start":{"line":61,"column":32},"end":{"line":106,"column":1}},"line":61},"3":{"name":"(anonymous_3)","decl":{"start":{"line":66,"column":10},"end":{"line":66,"column":11}},"loc":{"start":{"line":66,"column":31},"end":{"line":66,"column":38}},"line":66},"4":{"name":"(anonymous_4)","decl":{"start":{"line":67,"column":12},"end":{"line":67,"column":13}},"loc":{"start":{"line":67,"column":34},"end":{"line":67,"column":89}},"line":67},"5":{"name":"(anonymous_5)","decl":{"start":{"line":67,"column":48},"end":{"line":67,"column":49}},"loc":{"start":{"line":67,"column":53},"end":{"line":67,"column":88}},"line":67},"6":{"name":"(anonymous_6)","decl":{"start":{"line":67,"column":62},"end":{"line":67,"column":63}},"loc":{"start":{"line":67,"column":69},"end":{"line":67,"column":87}},"line":67},"7":{"name":"(anonymous_7)","decl":{"start":{"line":70,"column":31},"end":{"line":70,"column":32}},"loc":{"start":{"line":70,"column":48},"end":{"line":78,"column":3}},"line":70},"8":{"name":"(anonymous_8)","decl":{"start":{"line":71,"column":53},"end":{"line":71,"column":54}},"loc":{"start":{"line":71,"column":74},"end":{"line":76,"column":5}},"line":71},"9":{"name":"(anonymous_9)","decl":{"start":{"line":81,"column":4},"end":{"line":81,"column":5}},"loc":{"start":{"line":81,"column":29},"end":{"line":94,"column":5}},"line":81},"10":{"name":"(anonymous_10)","decl":{"start":{"line":89,"column":22},"end":{"line":89,"column":23}},"loc":{"start":{"line":89,"column":27},"end":{"line":92,"column":9}},"line":89}},"branchMap":{"0":{"loc":{"start":{"line":56,"column":2},"end":{"line":56,"column":29}},"type":"default-arg","locations":[{"start":{"line":56,"column":20},"end":{"line":56,"column":29}}],"line":56},"1":{"loc":{"start":{"line":59,"column":2},"end":{"line":59,"column":56}},"type":"default-arg","locations":[{"start":{"line":59,"column":27},"end":{"line":59,"column":56}}],"line":59},"2":{"loc":{"start":{"line":60,"column":2},"end":{"line":60,"column":42}},"type":"default-arg","locations":[{"start":{"line":60,"column":20},"end":{"line":60,"column":42}}],"line":60},"3":{"loc":{"start":{"line":74,"column":15},"end":{"line":74,"column":83}},"type":"cond-expr","locations":[{"start":{"line":74,"column":45},"end":{"line":74,"column":77}},{"start":{"line":74,"column":80},"end":{"line":74,"column":83}}],"line":74},"4":{"loc":{"start":{"line":82,"column":6},"end":{"line":93,"column":7}},"type":"if","locations":[{"start":{"line":82,"column":6},"end":{"line":93,"column":7}},{"start":{"line":82,"column":6},"end":{"line":93,"column":7}}],"line":82},"5":{"loc":{"start":{"line":82,"column":10},"end":{"line":82,"column":28}},"type":"binary-expr","locations":[{"start":{"line":82,"column":10},"end":{"line":82,"column":13}},{"start":{"line":82,"column":17},"end":{"line":82,"column":28}}],"line":82}},"s":{"0":0,"1":0,"2":0,"3":0,"4":0,"5":0,"6":0,"7":0,"8":0,"9":0,"10":0,"11":0,"12":0,"13":0,"14":0,"15":0,"16":0,"17":0,"18":0,"19":0,"20":0,"21":0,"22":0,"23":0,"24":0,"25":0,"26":0,"27":0,"28":0,"29":0},"f":{"0":0,"1":0,"2":0,"3":0,"4":0,"5":0,"6":0,"7":0,"8":0,"9":0,"10":0},"b":{"0":[0],"1":[0],"2":[0],"3":[0,0],"4":[0,0],"5":[0,0]}}
,"/home/runner/work/rasa-ui/rasa-ui/packages/hs-react-ui/src/components/Label/Label.tsx": {"path":"/home/runner/work/rasa-ui/rasa-ui/packages/hs-react-ui/src/components/Label/Label.tsx","statementMap":{"0":{"start":{"line":9,"column":34},"end":{"line":20,"column":1}},"1":{"start":{"line":11,"column":23},"end":{"line":11,"column":33}},"2":{"start":{"line":12,"column":23},"end":{"line":12,"column":48}},"3":{"start":{"line":13,"column":4},"end":{"line":18,"column":6}},"4":{"start":{"line":22,"column":42},"end":{"line":22,"column":55}},"5":{"start":{"line":24,"column":43},"end":{"line":24,"column":56}},"6":{"start":{"line":26,"column":35},"end":{"line":29,"column":1}},"7":{"start":{"line":52,"column":14},"end":{"line":99,"column":1}},"8":{"start":{"line":71,"column":21},"end":{"line":71,"column":31}},"9":{"start":{"line":75,"column":2},"end":{"line":84,"column":3}},"10":{"start":{"line":76,"column":4},"end":{"line":76,"column":46}},"11":{"start":{"line":77,"column":4},"end":{"line":77,"column":29}},"12":{"start":{"line":78,"column":9},"end":{"line":84,"column":3}},"13":{"start":{"line":79,"column":4},"end":{"line":79,"column":52}},"14":{"start":{"line":80,"column":4},"end":{"line":80,"column":46}},"15":{"start":{"line":82,"column":4},"end":{"line":82,"column":43}},"16":{"start":{"line":83,"column":4},"end":{"line":83,"column":46}},"17":{"start":{"line":86,"column":2},"end":{"line":98,"column":4}},"18":{"start":{"line":101,"column":0},"end":{"line":101,"column":51}},"19":{"start":{"line":102,"column":0},"end":{"line":102,"column":49}},"20":{"start":{"line":103,"column":0},"end":{"line":103,"column":33}},"21":{"start":{"line":104,"column":0},"end":{"line":104,"column":49}}},"fnMap":{"0":{"name":"(anonymous_0)","decl":{"start":{"line":10,"column":4},"end":{"line":10,"column":5}},"loc":{"start":{"line":10,"column":38},"end":{"line":19,"column":3}},"line":10},"1":{"name":"(anonymous_1)","decl":{"start":{"line":52,"column":14},"end":{"line":52,"column":15}},"loc":{"start":{"line":70,"column":18},"end":{"line":99,"column":1}},"line":70}},"branchMap":{"0":{"loc":{"start":{"line":12,"column":23},"end":{"line":12,"column":48}},"type":"binary-expr","locations":[{"start":{"line":12,"column":23},"end":{"line":12,"column":28}},{"start":{"line":12,"column":32},"end":{"line":12,"column":48}}],"line":12},"1":{"loc":{"start":{"line":53,"column":2},"end":{"line":53,"column":52}},"type":"default-arg","locations":[{"start":{"line":53,"column":25},"end":{"line":53,"column":52}}],"line":53},"2":{"loc":{"start":{"line":54,"column":2},"end":{"line":54,"column":50}},"type":"default-arg","locations":[{"start":{"line":54,"column":24},"end":{"line":54,"column":50}}],"line":54},"3":{"loc":{"start":{"line":55,"column":2},"end":{"line":55,"column":34}},"type":"default-arg","locations":[{"start":{"line":55,"column":16},"end":{"line":55,"column":34}}],"line":55},"4":{"loc":{"start":{"line":56,"column":2},"end":{"line":56,"column":50}},"type":"default-arg","locations":[{"start":{"line":56,"column":24},"end":{"line":56,"column":50}}],"line":56},"5":{"loc":{"start":{"line":57,"column":2},"end":{"line":57,"column":26}},"type":"default-arg","locations":[{"start":{"line":57,"column":24},"end":{"line":57,"column":26}}],"line":57},"6":{"loc":{"start":{"line":58,"column":2},"end":{"line":58,"column":25}},"type":"default-arg","locations":[{"start":{"line":58,"column":23},"end":{"line":58,"column":25}}],"line":58},"7":{"loc":{"start":{"line":59,"column":2},"end":{"line":59,"column":17}},"type":"default-arg","locations":[{"start":{"line":59,"column":15},"end":{"line":59,"column":17}}],"line":59},"8":{"loc":{"start":{"line":60,"column":2},"end":{"line":60,"column":25}},"type":"default-arg","locations":[{"start":{"line":60,"column":23},"end":{"line":60,"column":25}}],"line":60},"9":{"loc":{"start":{"line":67,"column":2},"end":{"line":67,"column":21}},"type":"default-arg","locations":[{"start":{"line":67,"column":12},"end":{"line":67,"column":21}}],"line":67},"10":{"loc":{"start":{"line":68,"column":2},"end":{"line":68,"column":20}},"type":"default-arg","locations":[{"start":{"line":68,"column":15},"end":{"line":68,"column":20}}],"line":68},"11":{"loc":{"start":{"line":75,"column":2},"end":{"line":84,"column":3}},"type":"if","locations":[{"start":{"line":75,"column":2},"end":{"line":84,"column":3}},{"start":{"line":75,"column":2},"end":{"line":84,"column":3}}],"line":75},"12":{"loc":{"start":{"line":76,"column":17},"end":{"line":76,"column":45}},"type":"binary-expr","locations":[{"start":{"line":76,"column":17},"end":{"line":76,"column":27}},{"start":{"line":76,"column":31},"end":{"line":76,"column":45}}],"line":76},"13":{"loc":{"start":{"line":78,"column":9},"end":{"line":84,"column":3}},"type":"if","locations":[{"start":{"line":78,"column":9},"end":{"line":84,"column":3}},{"start":{"line":78,"column":9},"end":{"line":84,"column":3}}],"line":78},"14":{"loc":{"start":{"line":79,"column":17},"end":{"line":79,"column":51}},"type":"binary-expr","locations":[{"start":{"line":79,"column":17},"end":{"line":79,"column":29}},{"start":{"line":79,"column":33},"end":{"line":79,"column":51}}],"line":79},"15":{"loc":{"start":{"line":80,"column":16},"end":{"line":80,"column":45}},"type":"cond-expr","locations":[{"start":{"line":80,"column":29},"end":{"line":80,"column":40}},{"start":{"line":80,"column":43},"end":{"line":80,"column":45}}],"line":80},"16":{"loc":{"start":{"line":82,"column":17},"end":{"line":82,"column":42}},"type":"binary-expr","locations":[{"start":{"line":82,"column":17},"end":{"line":82,"column":22}},{"start":{"line":82,"column":26},"end":{"line":82,"column":42}}],"line":82},"17":{"loc":{"start":{"line":83,"column":16},"end":{"line":83,"column":45}},"type":"cond-expr","locations":[{"start":{"line":83,"column":29},"end":{"line":83,"column":40}},{"start":{"line":83,"column":43},"end":{"line":83,"column":45}}],"line":83}},"s":{"0":1,"1":4,"2":4,"3":4,"4":1,"5":1,"6":1,"7":1,"8":4,"9":4,"10":1,"11":1,"12":3,"13":1,"14":1,"15":2,"16":2,"17":4,"18":1,"19":1,"20":1,"21":1},"f":{"0":4,"1":4},"b":{"0":[4,0],"1":[4],"2":[4],"3":[4],"4":[4],"5":[4],"6":[4],"7":[4],"8":[4],"9":[4],"10":[1],"11":[1,3],"12":[1,0],"13":[1,2],"14":[1,0],"15":[1,0],"16":[2,1],"17":[1,1]},"_coverageSchema":"1a1c01bbd47fc00a2c39e90264f33305004495a9","hash":"361e56084bdea8429bddacf15e9294133d0b8087"}
,"/home/runner/work/rasa-ui/rasa-ui/packages/hs-react-ui/src/components/Modal/Modal.tsx": {"path":"/home/runner/work/rasa-ui/rasa-ui/packages/hs-react-ui/src/components/Modal/Modal.tsx","statementMap":{"0":{"start":{"line":11,"column":17},"end":{"line":25,"column":1}},"1":{"start":{"line":12,"column":48},"end":{"line":24,"column":3}},"2":{"start":{"line":27,"column":18},"end":{"line":34,"column":1}},"3":{"start":{"line":37,"column":20},"end":{"line":37,"column":36}},"4":{"start":{"line":39,"column":29},"end":{"line":71,"column":1}},"5":{"start":{"line":43,"column":4},"end":{"line":60,"column":5}},"6":{"start":{"line":45,"column":8},"end":{"line":45,"column":27}},"7":{"start":{"line":46,"column":8},"end":{"line":46,"column":30}},"8":{"start":{"line":47,"column":8},"end":{"line":47,"column":14}},"9":{"start":{"line":49,"column":8},"end":{"line":49,"column":27}},"10":{"start":{"line":50,"column":8},"end":{"line":50,"column":30}},"11":{"start":{"line":51,"column":8},"end":{"line":51,"column":14}},"12":{"start":{"line":53,"column":8},"end":{"line":53,"column":26}},"13":{"start":{"line":54,"column":8},"end":{"line":54,"column":27}},"14":{"start":{"line":55,"column":8},"end":{"line":55,"column":14}},"15":{"start":{"line":57,"column":8},"end":{"line":57,"column":26}},"16":{"start":{"line":58,"column":8},"end":{"line":58,"column":30}},"17":{"start":{"line":59,"column":8},"end":{"line":59,"column":14}},"18":{"start":{"line":62,"column":4},"end":{"line":69,"column":6}},"19":{"start":{"line":94,"column":14},"end":{"line":155,"column":1}},"20":{"start":{"line":111,"column":21},"end":{"line":111,"column":31}},"21":{"start":{"line":112,"column":2},"end":{"line":154,"column":4}},"22":{"start":{"line":157,"column":0},"end":{"line":157,"column":26}},"23":{"start":{"line":158,"column":0},"end":{"line":158,"column":50}},"24":{"start":{"line":159,"column":0},"end":{"line":159,"column":28}}},"fnMap":{"0":{"name":"(anonymous_0)","decl":{"start":{"line":12,"column":4},"end":{"line":12,"column":5}},"loc":{"start":{"line":12,"column":48},"end":{"line":24,"column":3}},"line":12},"1":{"name":"(anonymous_1)","decl":{"start":{"line":40,"column":4},"end":{"line":40,"column":5}},"loc":{"start":{"line":40,"column":70},"end":{"line":70,"column":3}},"line":40},"2":{"name":"(anonymous_2)","decl":{"start":{"line":94,"column":14},"end":{"line":94,"column":15}},"loc":{"start":{"line":110,"column":18},"end":{"line":155,"column":1}},"line":110},"3":{"name":"(anonymous_3)","decl":{"start":{"line":105,"column":19},"end":{"line":105,"column":20}},"loc":{"start":{"line":105,"column":25},"end":{"line":105,"column":27}},"line":105},"4":{"name":"(anonymous_4)","decl":{"start":{"line":106,"column":12},"end":{"line":106,"column":13}},"loc":{"start":{"line":106,"column":18},"end":{"line":106,"column":20}},"line":106}},"branchMap":{"0":{"loc":{"start":{"line":43,"column":4},"end":{"line":60,"column":5}},"type":"switch","locations":[{"start":{"line":44,"column":6},"end":{"line":47,"column":14}},{"start":{"line":48,"column":6},"end":{"line":51,"column":14}},{"start":{"line":52,"column":6},"end":{"line":55,"column":14}},{"start":{"line":56,"column":6},"end":{"line":59,"column":14}}],"line":43},"1":{"loc":{"start":{"line":95,"column":2},"end":{"line":95,"column":29}},"type":"default-arg","locations":[{"start":{"line":95,"column":20},"end":{"line":95,"column":29}}],"line":95},"2":{"loc":{"start":{"line":96,"column":2},"end":{"line":96,"column":27}},"type":"default-arg","locations
[...]
],"line":174},"14":{"loc":{"start":{"line":178,"column":2},"end":{"line":178,"column":15}},"type":"default-arg","locations":[{"start":{"line":178,"column":9},"end":{"line":178,"column":15}}],"line":178},"15":{"loc":{"start":{"line":179,"column":2},"end":{"line":179,"column":18}},"type":"default-arg","locations":[{"start":{"line":179,"column":13},"end":{"line":179,"column":18}}],"line":179},"16":{"loc":{"start":{"line":180,"column":2},"end":{"line":180,"column":22}},"type":"default-arg","locations":[{"start":{"line":180,"column":21},"end":{"line":180,"column":22}}],"line":180},"17":{"loc":{"start":{"line":183,"column":2},"end":{"line":183,"column":34}},"type":"default-arg","locations":[{"start":{"line":183,"column":29},"end":{"line":183,"column":34}}],"line":183},"18":{"loc":{"start":{"line":184,"column":2},"end":{"line":184,"column":28}},"type":"default-arg","locations":[{"start":{"line":184,"column":23},"end":{"line":184,"column":28}}],"line":184},"19":{"loc":{"start":{"line":186,"column":2},"end":{"line":186,"column":29}},"type":"default-arg","locations":[{"start":{"line":186,"column":20},"end":{"line":186,"column":29}}],"line":186},"20":{"loc":{"start":{"line":188,"column":2},"end":{"line":188,"column":37}},"type":"default-arg","locations":[{"start":{"line":188,"column":24},"end":{"line":188,"column":37}}],"line":188},"21":{"loc":{"start":{"line":189,"column":2},"end":{"line":189,"column":39}},"type":"default-arg","locations":[{"start":{"line":189,"column":25},"end":{"line":189,"column":39}}],"line":189},"22":{"loc":{"start":{"line":190,"column":2},"end":{"line":190,"column":21}},"type":"default-arg","locations":[{"start":{"line":190,"column":19},"end":{"line":190,"column":21}}],"line":190},"23":{"loc":{"start":{"line":191,"column":2},"end":{"line":191,"column":17}},"type":"default-arg","locations":[{"start":{"line":191,"column":15},"end":{"line":191,"column":17}}],"line":191},"24":{"loc":{"start":{"line":192,"column":2},"end":{"line":192,"column":25}},"type":"default-arg","locations":[{"start":{"line":192,"column":23},"end":{"line":192,"column":25}}],"line":192},"25":{"loc":{"start":{"line":193,"column":2},"end":{"line":193,"column":26}},"type":"default-arg","locations":[{"start":{"line":193,"column":24},"end":{"line":193,"column":26}}],"line":193},"26":{"loc":{"start":{"line":204,"column":2},"end":{"line":208,"column":3}},"type":"if","locations":[{"start":{"line":204,"column":2},"end":{"line":208,"column":3}},{"start":{"line":204,"column":2},"end":{"line":208,"column":3}}],"line":204},"27":{"loc":{"start":{"line":206,"column":9},"end":{"line":208,"column":3}},"type":"if","locations":[{"start":{"line":206,"column":9},"end":{"line":208,"column":3}},{"start":{"line":206,"column":9},"end":{"line":208,"column":3}}],"line":206},"28":{"loc":{"start":{"line":209,"column":23},"end":{"line":209,"column":44}},"type":"binary-expr","locations":[{"start":{"line":209,"column":23},"end":{"line":209,"column":28}},{"start":{"line":209,"column":32},"end":{"line":209,"column":44}}],"line":209},"29":{"loc":{"start":{"line":213,"column":7},"end":{"line":213,"column":64}},"type":"binary-expr","locations":[{"start":{"line":213,"column":7},"end":{"line":213,"column":17}},{"start":{"line":213,"column":21},"end":{"line":213,"column":64}}],"line":213},"30":{"loc":{"start":{"line":223,"column":10},"end":{"line":227,"column":11}},"type":"if","locations":[{"start":{"line":223,"column":10},"end":{"line":227,"column":11}},{"start":{"line":223,"column":10},"end":{"line":227,"column":11}}],"line":223},"31":{"loc":{"start":{"line":223,"column":14},"end":{"line":223,"column":41}},"type":"binary-expr","locations":[{"start":{"line":223,"column":14},"end":{"line":223,"column":23}},{"start":{"line":223,"column":27},"end":{"line":223,"column":41}}],"line":223},"32":{"loc":{"start":{"line":224,"column":29},"end":{"line":226,"column":50}},"type":"cond-expr","locations":[{"start":{"line":225,"column":16},"end":{"line":225,"column":30}},{"start":{"line":226,"column":16},"end":{"line":226,"column":50}}],"line":224},"33":{"loc":{"start":{"line":244,"column":7},"end":{"line":248,"column":7}},"type":"binary-expr","locations":[{"start":{"line":244,"column":7},"end":{"line":244,"column":14}},{"start":{"line":245,"column":8},"end":{"line":247,"column":30}}],"line":244},"34":{"loc":{"start":{"line":249,"column":7},"end":{"line":257,"column":7}},"type":"binary-expr","locations":[{"start":{"line":249,"column":7},"end":{"line":249,"column":25}},{"start":{"line":249,"column":29},"end":{"line":249,"column":38}},{"start":{"line":250,"column":8},"end":{"line":256,"column":27}}],"line":249},"35":{"loc":{"start":{"line":258,"column":7},"end":{"line":260,"column":7}},"type":"binary-expr","locations":[{"start":{"line":258,"column":7},"end":{"line":258,"column":24}},{"start":{"line":258,"column":28},"end":{"line":258,"column":40}},{"start":{"line":259,"column":8},"end":{"line":259,"column":92}}],"line":258}},"s":{"0":0,"1":0,"2":0,"3":0,"4":0,"5":0,"6":0,"7":0,"8":0,"9":0,"10":0,"11":0,"12":0,"13":0,"14":0,"15":0,"16":0,"17":0,"18":0,"19":0,"20":0,"21":0,"22":0,"23":0,"24":0,"25":0,"26":0,"27":0,"28":0,"29":0,"30":0,"31":0,"32":0,"33":0,"34":0,"35":0,"36":0,"37":0,"38":0,"39":0,"40":0,"41":0},"f":{"0":0,"1":0,"2":0,"3":0,"4":0,"5":0,"6":0,"7":0,"8":0,"9":0},"b":{"0":[0],"1":[0,0],"2":[0,0],"3":[0,0],"4":[0,0],"5":[0,0],"6":[0,0],"7":[0,0],"8":[0],"9":[0],"10":[0],"11":[0],"12":[0],"13":[0],"14":[0],"15":[0],"16":[0],"17":[0],"18":[0],"19":[0],"20":[0],"21":[0],"22":[0],"23":[0],"24":[0],"25":[0],"26":[0,0],"27":[0,0],"28":[0,0],"29":[0,0],"30":[0,0],"31":[0,0],"32":[0,0],"33":[0,0],"34":[0,0,0],"35":[0,0,0]}}
,"/home/runner/work/rasa-ui/rasa-ui/packages/hs-react-ui/src/context/index.tsx": {"path":"/home/runner/work/rasa-ui/rasa-ui/packages/hs-react-ui/src/context/index.tsx","statementMap":{"0":{"start":{"line":6,"column":35},"end":{"line":16,"column":1}},"1":{"start":{"line":22,"column":28},"end":{"line":26,"column":1}},"2":{"start":{"line":27,"column":30},"end":{"line":27,"column":90}},"3":{"start":{"line":29,"column":31},"end":{"line":55,"column":1}},"4":{"start":{"line":36,"column":70},"end":{"line":36,"column":75}},"5":{"start":{"line":40,"column":4},"end":{"line":45,"column":3}},"6":{"start":{"line":46,"column":23},"end":{"line":49,"column":3}},"7":{"start":{"line":50,"column":2},"end":{"line":54,"column":4}},"8":{"start":{"line":58,"column":16},"end":{"line":58,"column":42}},"9":{"start":{"line":59,"column":2},"end":{"line":59,"column":15}},"10":{"start":{"line":62,"column":31},"end":{"line":73,"column":1}},"11":{"start":{"line":63,"column":36},"end":{"line":67,"column":3}},"12":{"start":{"line":65,"column":6},"end":{"line":65,"column":32}},"13":{"start":{"line":69,"column":2},"end":{"line":72,"column":5}},"14":{"start":{"line":70,"column":29},"end":{"line":70,"column":55}},"15":{"start":{"line":71,"column":4},"end":{"line":71,"column":90}}},"fnMap":{"0":{"name":"(anonymous_0)","decl":{"start":{"line":29,"column":31},"end":{"line":29,"column":32}},"loc":{"start":{"line":35,"column":6},"end":{"line":55,"column":1}},"line":35},"1":{"name":"useTheme","decl":{"start":{"line":57,"column":16},"end":{"line":57,"column":24}},"loc":{"start":{"line":57,"column":47},"end":{"line":60,"column":1}},"line":57},"2":{"name":"(anonymous_2)","decl":{"start":{"line":62,"column":31},"end":{"line":62,"column":32}},"loc":{"start":{"line":62,"column":85},"end":{"line":73,"column":1}},"line":62},"3":{"name":"(anonymous_3)","decl":{"start":{"line":64,"column":6},"end":{"line":64,"column":7}},"loc":{"start":{"line":64,"column":15},"end":{"line":66,"column":5}},"line":64},"4":{"name":"(anonymous_4)","decl":{"start":{"line":69,"column":26},"end":{"line":69,"column":27}},"loc":{"start":{"line":69,"column":52},"end":{"line":72,"column":3}},"line":69}},"branchMap":{"0":{"loc":{"start":{"line":8,"column":4},"end":{"line":14,"column":9}},"type":"cond-expr","locations":[{"start":{"line":9,"column":8},"end":{"line":9,"column":10}},{"start":{"line":10,"column":8},"end":{"line":14,"column":9}}],"line":8},"1":{"loc":{"start":{"line":30,"column":2},"end":{"line":30,"column":29}},"type":"default-arg","locations":[{"start":{"line":30,"column":10},"end":{"line":30,"column":29}}],"line":30},"2":{"loc":{"start":{"line":36,"column":10},"end":{"line":36,"column":44}},"type":"default-arg","locations":[{"start":{"line":36,"column":25},"end":{"line":36,"column":44}}],"line":36},"3":{"loc":{"start":{"line":36,"column":46},"end":{"line":36,"column":65}},"type":"default-arg","locations":[{"start":{"line":36,"column":55},"end":{"line":36,"column":65}}],"line":36},"4":{"loc":{"start":{"line":40,"column":4},"end":{"line":45,"column":3}},"type":"cond-expr","locations":[{"start":{"line":41,"column":8},"end":{"line":41,"column":20}},{"start":{"line":42,"column":8},"end":{"line":45,"column":3}}],"line":40}},"s":{"0":7,"1":7,"2":7,"3":7,"4":0,"5":0,"6":0,"7":0,"8":171,"9":171,"10":7,"11":66,"12":228,"13":66,"14":228,"15":228},"f":{"0":0,"1":171,"2":66,"3":228,"4":228},"b":{"0":[7,0],"1":[0],"2":[0],"3":[0],"4":[0,0]},"_coverageSchema":"1a1c01bbd47fc00a2c39e90264f33305004495a9","hash":"7214900effa35d6afaec2959848f581ae7a2cd77"}
,"/home/runner/work/rasa-ui/rasa-ui/packages/hs-react-ui/src/enums/colors.ts": {"path":"/home/runner/work/rasa-ui/rasa-ui/packages/hs-react-ui/src/enums/colors.ts","statementMap":{},"fnMap":{},"branchMap":{},"s":{},"f":{},"b":{},"_coverageSchema":"1a1c01bbd47fc00a2c39e90264f33305004495a9","hash":"e211a141c08503ebec134caac7d195da9e787317"}
,"/home/runner/work/rasa-ui/rasa-ui/packages/hs-react-ui/src/enums/fonts.ts": {"path":"/home/runner/work/rasa-ui/rasa-ui/packages/hs-react-ui/src/enums/fonts.ts","statementMap":{},"fnMap":{},"branchMap":{},"s":{},"f":{},"b":{},"_coverageSchema":"1a1c01bbd47fc00a2c39e90264f33305004495a9","hash":"5c467272a6378fe566cb925d10fd448f4550cb41"}
,"/home/runner/work/rasa-ui/rasa-ui/packages/hs-react-ui/src/enums/timings.ts": {"path":"/home/runner/work/rasa-ui/rasa-ui/packages/hs-react-ui/src/enums/timings.ts","statementMap":{},"fnMap":{},"branchMap":{},"s":{},"f":{},"b":{},"_coverageSchema":"1a1c01bbd47fc00a2c39e90264f33305004495a9","hash":"57c2b72a430078fb5fa91758e160e6e6ebda9214"}
,"/home/runner/work/rasa-ui/rasa-ui/packages/hs-react-ui/src/enums/variants.ts": {"path":"/home/runner/work/rasa-ui/rasa-ui/packages/hs-react-ui/src/enums/variants.ts","statementMap":{},"fnMap":{},"branchMap":{},"s":{},"f":{},"b":{},"_coverageSchema":"1a1c01bbd47fc00a2c39e90264f33305004495a9","hash":"edab93d8e05c05e57db3abc75e2bf19e58b12caa"}
,"/home/runner/work/rasa-ui/rasa-ui/packages/hs-react-ui/src/htmlElements/index.tsx": {"path":"/home/runner/work/rasa-ui/rasa-ui/packages/hs-react-ui/src/htmlElements/index.tsx","statementMap":{"0":{"start":{"line":6,"column":19},"end":{"line":6,"column":48}},"1":{"start":{"line":7,"column":20},"end":{"line":7,"column":50}},"2":{"start":{"line":8,"column":22},"end":{"line":8,"column":54}},"3":{"start":{"line":9,"column":21},"end":{"line":9,"column":52}},"4":{"start":{"line":10,"column":21},"end":{"line":10,"column":52}},"5":{"start":{"line":11,"column":18},"end":{"line":11,"column":46}},"6":{"start":{"line":12,"column":21},"end":{"line":12,"column":52}},"7":{"start":{"line":13,"column":18},"end":{"line":13,"column":46}},"8":{"start":{"line":14,"column":18},"end":{"line":14,"column":46}},"9":{"start":{"line":15,"column":18},"end":{"line":15,"column":46}},"10":{"start":{"line":16,"column":24},"end":{"line":16,"column":58}}},"fnMap":{},"branchMap":{},"s":{"0":6,"1":6,"2":6,"3":6,"4":6,"5":6,"6":6,"7":6,"8":6,"9":6,"10":6},"f":{},"b":{},"_coverageSchema":"1a1c01bbd47fc00a2c39e90264f33305004495a9","hash":"9178a6e716f90e08575af7c32c96bc768fb6bc61"}
,"/home/runner/work/rasa-ui/rasa-ui/packages/hs-react-ui/src/utils/color.ts": {"path":"/home/runner/work/rasa-ui/rasa-ui/packages/hs-react-ui/src/utils/color.ts","statementMap":{"0":{"start":{"line":13,"column":39},"end":{"line":23,"column":1}},"1":{"start":{"line":19,"column":2},"end":{"line":21,"column":3}},"2":{"start":{"line":20,"column":4},"end":{"line":20,"column":73}},"3":{"start":{"line":22,"column":2},"end":{"line":22,"column":15}},"4":{"start":{"line":31,"column":45},"end":{"line":43,"column":1}},"5":{"start":{"line":36,"column":2},"end":{"line":42,"column":3}},"6":{"start":{"line":39,"column":6},"end":{"line":39,"column":30}},"7":{"start":{"line":41,"column":6},"end":{"line":41,"column":19}},"8":{"start":{"line":48,"column":30},"end":{"line":59,"column":1}},"9":{"start":{"line":56,"column":11},"end":{"line":59,"column":1}}},"fnMap":{"0":{"name":"(anonymous_0)","decl":{"start":{"line":13,"column":39},"end":{"line":13,"column":40}},"loc":{"start":{"line":18,"column":5},"end":{"line":23,"column":1}},"line":18},"1":{"name":"(anonymous_1)","decl":{"start":{"line":31,"column":45},"end":{"line":31,"column":46}},"loc":{"start":{"line":35,"column":5},"end":{"line":43,"column":1}},"line":35},"2":{"name":"(anonymous_2)","decl":{"start":{"line":48,"column":30},"end":{"line":48,"column":31}},"loc":{"start":{"line":56,"column":11},"end":{"line":59,"column":1}},"line":56}},"branchMap":{"0":{"loc":{"start":{"line":16,"column":2},"end":{"line":16,"column":46}},"type":"default-arg","locations":[{"start":{"line":16,"column":29},"end":{"line":16,"column":46}}],"line":16},"1":{"loc":{"start":{"line":17,"column":2},"end":{"line":17,"column":43}},"type":"default-arg","locations":[{"start":{"line":17,"column":28},"end":{"line":17,"column":43}}],"line":17},"2":{"loc":{"start":{"line":19,"column":2},"end":{"line":21,"column":3}},"type":"if","locations":[{"start":{"line":19,"column":2},"end":{"line":21,"column":3}},{"start":{"line":19,"column":2},"end":{"line":21,"column":3}}],"line":19},"3":{"loc":{"start":{"line":34,"column":2},"end":{"line":34,"column":34}},"type":"default-arg","locations":[{"start":{"line":34,"column":21},"end":{"line":34,"column":34}}],"line":34},"4":{"loc":{"start":{"line":36,"column":2},"end":{"line":42,"column":3}},"type":"switch","locations":[{"start":{"line":37,"column":4},"end":{"line":37,"column":23}},{"start":{"line":38,"column":4},"end":{"line":39,"column":30}},{"start":{"line":40,"column":4},"end":{"line":41,"column":19}}],"line":36},"5":{"loc":{"start":{"line":48,"column":31},"end":{"line":56,"column":6}},"type":"default-arg","locations":[{"start":{"line":56,"column":4},"end":{"line":56,"column":6}}],"line":48},"6":{"loc":{"start":{"line":49,"column":2},"end":{"line":49,"column":15}},"type":"default-arg","locations":[{"start":{"line":49,"column":14},"end":{"line":49,"column":15}}],"line":49},"7":{"loc":{"start":{"line":50,"column":2},"end":{"line":50,"column":16}},"type":"default-arg","locations":[{"start":{"line":50,"column":13},"end":{"line":50,"column":16}}],"line":50},"8":{"loc":{"start":{"line":51,"column":2},"end":{"line":51,"column":18}},"type":"default-arg","locations":[{"start":{"line":51,"column":15},"end":{"line":51,"column":18}}],"line":51}},"s":{"0":3,"1":48,"2":14,"3":34,"4":3,"5":36,"6":28,"7":8,"8":3,"9":0},"f":{"0":48,"1":36,"2":0},"b":{"0":[12],"1":[12],"2":[14,34],"3":[0],"4":[1,28,8],"5":[0],"6":[0],"7":[0],"8":[0]},"_coverageSchema":"1a1c01bbd47fc00a2c39e90264f33305004495a9","hash":"697d5665f325bf9e5583f3b4c548d2e72de518a2"}
,"/home/runner/work/rasa-ui/rasa-ui/packages/hs-react-ui/src/utils/math.ts": {"path":"/home/runner/work/rasa-ui/rasa-ui/packages/hs-react-ui/src/utils/math.ts","statementMap":{"0":{"start":{"line":1,"column":21},"end":{"line":3,"column":1}},"1":{"start":{"line":2,"column":2},"end":{"line":2,"column":43}}},"fnMap":{"0":{"name":"(anonymous_0)","decl":{"start":{"line":1,"column":21},"end":{"line":1,"column":22}},"loc":{"start":{"line":1,"column":72},"end":{"line":3,"column":1}},"line":1}},"branchMap":{},"s":{"0":1,"1":0},"f":{"0":0},"b":{},"_coverageSchema":"1a1c01bbd47fc00a2c39e90264f33305004495a9","hash":"e114aaeade0296292b35e954e6738b1306603126"}
,"/home/runner/work/rasa-ui/rasa-ui/packages/hs-react-ui/src/utils/styles.ts": {"path":"/home/runner/work/rasa-ui/rasa-ui/packages/hs-react-ui/src/utils/styles.ts","statementMap":{"0":{"start":{"line":3,"column":24},"end":{"line":3,"column":33}},"1":{"start":{"line":17,"column":40},"end":{"line":43,"column":1}},"2":{"start":{"line":18,"column":26},"end":{"line":23,"column":3}},"3":{"start":{"line":26,"column":2},"end":{"line":28,"column":3}},"4":{"start":{"line":27,"column":4},"end":{"line":27,"column":27}},"5":{"start":{"line":29,"column":21},"end":{"line":29,"column":34}},"6":{"start":{"line":30,"column":17},"end":{"line":30,"column":36}},"7":{"start":{"line":31,"column":15},"end":{"line":31,"column":44}},"8":{"start":{"line":31,"column":21},"end":{"line":31,"column":44}},"9":{"start":{"line":33,"column":17},"end":{"line":33,"column":53}},"10":{"start":{"line":36,"column":2},"end":{"line":36,"column":30}},"11":{"start":{"line":37,"column":2},"end":{"line":39,"column":18}},"12":{"start":{"line":40,"column":2},"end":{"line":40,"column":72}},"13":{"start":{"line":41,"column":2},"end":{"line":41,"column":89}},"14":{"start":{"line":42,"column":2},"end":{"line":42,"column":25}},"15":{"start":{"line":52,"column":30},"end":{"line":62,"column":1}},"16":{"start":{"line":53,"column":2},"end":{"line":55,"column":3}},"17":{"start":{"line":54,"column":4},"end":{"line":54,"column":14}},"18":{"start":{"line":56,"column":31},"end":{"line":56,"column":54}},"19":{"start":{"line":57,"column":46},"end":{"line":57,"column":81}},"20":{"start":{"line":59,"column":2},"end":{"line":61,"column":109}}},"fnMap":{"0":{"name":"(anonymous_0)","decl":{"start":{"line":17,"column":40},"end":{"line":17,"column":41}},"loc":{"start":{"line":17,"column":59},"end":{"line":43,"column":1}},"line":17},"1":{"name":"(anonymous_1)","decl":{"start":{"line":31,"column":15},"end":{"line":31,"column":16}},"loc":{"start":{"line":31,"column":21},"end":{"line":31,"column":44}},"line":31},"2":{"name":"(anonymous_2)","decl":{"start":{"line":52,"column":30},"end":{"line":52,"column":31}},"loc":{"start":{"line":52,"column":70},"end":{"line":62,"column":1}},"line":52}},"branchMap":{"0":{"loc":{"start":{"line":17,"column":41},"end":{"line":17,"column":54}},"type":"default-arg","locations":[{"start":{"line":17,"column":53},"end":{"line":17,"column":54}}],"line":17},"1":{"loc":{"start":{"line":26,"column":2},"end":{"line":28,"column":3}},"type":"if","locations":[{"start":{"line":26,"column":2},"end":{"line":28,"column":3}},{"start":{"line":26,"column":2},"end":{"line":28,"column":3}}],"line":26},"2":{"loc":{"start":{"line":37,"column":28},"end":{"line":39,"column":17}},"type":"cond-expr","locations":[{"start":{"line":38,"column":6},"end":{"line":38,"column":52}},{"start":{"line":39,"column":6},"end":{"line":39,"column":17}}],"line":37},"3":{"loc":{"start":{"line":40,"column":25},"end":{"line":40,"column":71}},"type":"cond-expr","locations":[{"start":{"line":40,"column":38},"end":{"line":40,"column":55}},{"start":{"line":40,"column":58},"end":{"line":40,"column":71}}],"line":40},"4":{"loc":{"start":{"line":52,"column":31},"end":{"line":52,"column":44}},"type":"default-arg","locations":[{"start":{"line":52,"column":43},"end":{"line":52,"column":44}}],"line":52},"5":{"loc":{"start":{"line":53,"column":2},"end":{"line":55,"column":3}},"type":"if","locations":[{"start":{"line":53,"column":2},"end":{"line":55,"column":3}},{"start":{"line":53,"column":2},"end":{"line":55,"column":3}}],"line":53},"6":{"loc":{"start":{"line":59,"column":9},"end":{"line":61,"column":108}},"type":"cond-expr","locations":[{"start":{"line":60,"column":6},"end":{"line":60,"column":111}},{"start":{"line":61,"column":6},"end":{"line":61,"column":108}}],"line":59}},"s":{"0":2,"1":2,"2":1,"3":1,"4":0,"5":1,"6":1,"7":1,"8":1,"9":1,"10":1,"11":1,"12":1,"13":1,"14":1,"15":2,"16":61,"17":60,"18":1,"19":1,"20":1},"f":{"0":1,"1":1,"2":61},"b":{"0":[0],"1":[0,1],"2":[0,1],"3":[0,1],"4":[0],"5":[60,1],"6":[1,0]},"_coverageSchema":"1a1c01bbd47fc00a2c39e90264f33305004495a9","hash":"3eb4a1803400cee12dc9120510243f9b2eb7c199"}
}
