{"/home/runner/work/rasa-ui/rasa-ui/packages/hs-react-ui/src/serviceWorker.ts": {"path":"/home/runner/work/rasa-ui/rasa-ui/packages/hs-react-ui/src/serviceWorker.ts","statementMap":{"0":{"start":{"line":13,"column":20},"end":{"line":19,"column":1}},"1":{"start":{"line":22,"column":2},"end":{"line":52,"column":3}},"2":{"start":{"line":24,"column":22},"end":{"line":24,"column":75}},"3":{"start":{"line":25,"column":4},"end":{"line":30,"column":5}},"4":{"start":{"line":29,"column":6},"end":{"line":29,"column":13}},"5":{"start":{"line":32,"column":4},"end":{"line":51,"column":7}},"6":{"start":{"line":33,"column":20},"end":{"line":33,"column":65}},"7":{"start":{"line":35,"column":6},"end":{"line":50,"column":7}},"8":{"start":{"line":37,"column":8},"end":{"line":37,"column":47}},"9":{"start":{"line":41,"column":8},"end":{"line":46,"column":11}},"10":{"start":{"line":42,"column":10},"end":{"line":45,"column":12}},"11":{"start":{"line":49,"column":8},"end":{"line":49,"column":39}},"12":{"start":{"line":56,"column":2},"end":{"line":96,"column":7}},"13":{"start":{"line":59,"column":6},"end":{"line":92,"column":8}},"14":{"start":{"line":60,"column":33},"end":{"line":60,"column":56}},"15":{"start":{"line":61,"column":8},"end":{"line":63,"column":9}},"16":{"start":{"line":62,"column":10},"end":{"line":62,"column":17}},"17":{"start":{"line":64,"column":8},"end":{"line":91,"column":10}},"18":{"start":{"line":65,"column":10},"end":{"line":90,"column":11}},"19":{"start":{"line":66,"column":12},"end":{"line":89,"column":13}},"20":{"start":{"line":70,"column":14},"end":{"line":73,"column":16}},"21":{"start":{"line":76,"column":14},"end":{"line":78,"column":15}},"22":{"start":{"line":77,"column":16},"end":{"line":77,"column":46}},"23":{"start":{"line":83,"column":14},"end":{"line":83,"column":64}},"24":{"start":{"line":86,"column":14},"end":{"line":88,"column":15}},"25":{"start":{"line":87,"column":16},"end":{"line":87,"column":47}},"26":{"start":{"line":95,"column":6},"end":{"line":95,"column":72}},"27":{"start":{"line":101,"column":2},"end":{"line":124,"column":7}},"28":{"start":{"line":106,"column":26},"end":{"line":106,"column":62}},"29":{"start":{"line":107,"column":6},"end":{"line":120,"column":7}},"30":{"start":{"line":112,"column":8},"end":{"line":116,"column":11}},"31":{"start":{"line":113,"column":10},"end":{"line":115,"column":13}},"32":{"start":{"line":114,"column":12},"end":{"line":114,"column":37}},"33":{"start":{"line":119,"column":8},"end":{"line":119,"column":39}},"34":{"start":{"line":123,"column":6},"end":{"line":123,"column":83}},"35":{"start":{"line":128,"column":2},"end":{"line":136,"column":3}},"36":{"start":{"line":129,"column":4},"end":{"line":135,"column":9}},"37":{"start":{"line":131,"column":8},"end":{"line":131,"column":34}},"38":{"start":{"line":134,"column":8},"end":{"line":134,"column":37}}},"fnMap":{"0":{"name":"register","decl":{"start":{"line":21,"column":16},"end":{"line":21,"column":24}},"loc":{"start":{"line":21,"column":33},"end":{"line":53,"column":1}},"line":21},"1":{"name":"(anonymous_1)","decl":{"start":{"line":32,"column":36},"end":{"line":32,"column":37}},"loc":{"start":{"line":32,"column":42},"end":{"line":51,"column":5}},"line":32},"2":{"name":"(anonymous_2)","decl":{"start":{"line":41,"column":43},"end":{"line":41,"column":44}},"loc":{"start":{"line":41,"column":49},"end":{"line":46,"column":9}},"line":41},"3":{"name":"registerValidSW","decl":{"start":{"line":55,"column":9},"end":{"line":55,"column":24}},"loc":{"start":{"line":55,"column":40},"end":{"line":97,"column":1}},"line":55},"4":{"name":"(anonymous_4)","decl":{"start":{"line":58,"column":10},"end":{"line":58,"column":11}},"loc":{"start":{"line":58,"column":26},"end":{"line":93,"column":5}},"line":58},"5":{"name":"(anonymous_5)","decl":{"start":{"line":59,"column":35},"end":{"line":59,"column":36}},"loc":{"start":{"line":59,"column":41},"end":{"line":92,"column":7}},"line":59},"6":{"name":"(anonymous_6)","decl":{"start":{"line":64,"column":41},"end":{"line":64,"column":42}},"loc":{"start":{"line":64,"column":47},"end":{"line":91,"column":9}},"line":64},"7":{"name":"(anonymous_7)","decl":{"start":{"line":94,"column":11},"end":{"line":94,"column":12}},"loc":{"start":{"line":94,"column":20},"end":{"line":96,"column":5}},"line":94},"8":{"name":"checkValidServiceWorker","decl":{"start":{"line":99,"column":9},"end":{"line":99,"column":32}},"loc":{"start":{"line":99,"column":48},"end":{"line":125,"column":1}},"line":99},"9":{"name":"(anonymous_9)","decl":{"start":{"line":104,"column":10},"end":{"line":104,"column":11}},"loc":{"start":{"line":104,"column":22},"end":{"line":121,"column":5}},"line":104},"10":{"name":"(anonymous_10)","decl":{"start":{"line":112,"column":43},"end":{"line":112,"column":44}},"loc":{"start":{"line":112,"column":59},"end":{"line":116,"column":9}},"line":112},"11":{"name":"(anonymous_11)","decl":{"start":{"line":113,"column":41},"end":{"line":113,"column":42}},"loc":{"start":{"line":113,"column":47},"end":{"line":115,"column":11}},"line":113},"12":{"name":"(anonymous_12)","decl":{"start":{"line":122,"column":11},"end":{"line":122,"column":12}},"loc":{"start":{"line":122,"column":17},"end":{"line":124,"column":5}},"line":122},"13":{"name":"unregister","decl":{"start":{"line":127,"column":16},"end":{"line":127,"column":26}},"loc":{"start":{"line":127,"column":29},"end":{"line":137,"column":1}},"line":127},"14":{"name":"(anonymous_14)","decl":{"start":{"line":130,"column":12},"end":{"line":130,"column":13}},"loc":{"start":{"line":130,"column":28},"end":{"line":132,"column":7}},"line":130},"15":{"name":"(anonymous_15)","decl":{"start":{"line":133,"column":13},"end":{"line":133,"column":14}},"loc":{"start":{"line":133,"column":22},"end":{"line":135,"column":7}},"line":133}},"branchMap":{"0":{"loc":{"start":{"line":14,"column":2},"end":{"line":18,"column":92}},"type":"binary-expr","locations":[{"start":{"line":14,"column":2},"end":{"line":14,"column":42}},{"start":{"line":16,"column":4},"end":{"line":16,"column":40}},{"start":{"line":18,"column":4},"end":{"line":18,"column":92}}],"line":14},"1":{"loc":{"start":{"line":22,"column":2},"end":{"line":52,"column":3}},"type":"if","locations":[{"start":{"line":22,"column":2},"end":{"line":52,"column":3}},{"start":{"line":22,"column":2},"end":{"line":52,"column":3}}],"line":22},"2":{"loc":{"start":{"line":22,"column":6},"end":{"line":22,"column":75}},"type":"binary-expr","locations":[{"start":{"line":22,"column":6},"end":{"line":22,"column":43}},{"start":{"line":22,"column":47},"end":{"line":22,"column":75}}],"line":22},"3":{"loc":{"start":{"line":25,"column":4},"end":{"line":30,"column":5}},"type":"if","locations":[{"start":{"line":25,"column":4},"end":{"line":30,"column":5}},{"start":{"line":25,"column":4},"end":{"line":30,"column":5}}],"line":25},"4":{"loc":{"start":{"line":35,"column":6},"end":{"line":50,"column":7}},"type":"if","locations":[{"start":{"line":35,"column":6},"end":{"line":50,"column":7}},{"start":{"line":35,"column":6},"end":{"line":50,"column":7}}],"line":35},"5":{"loc":{"start":{"line":61,"column":8},"end":{"line":63,"column":9}},"type":"if","locations":[{"start":{"line":61,"column":8},"end":{"line":63,"column":9}},{"start":{"line":61,"column":8},"end":{"line":63,"column":9}}],"line":61},"6":{"loc":{"start":{"line":65,"column":10},"end":{"line":90,"column":11}},"type":"if","locations":[{"start":{"line":65,"column":10},"end":{"line":90,"column":11}},{"start":{"line":65,"column":10},"end":{"line":90,"column":11}}],"line":65},"7":{"loc":{"start":{"line":66,"column":12},"end":{"line":89,"column":13}},"type":"if","locations":[{"start":{"line":66,"column":12},"end":{"line":89,"column":13}},{"start":{"line":66,"column":12},"end":{"line":89,"column":13}}],"line":66},"8":{"loc":{"start":{"line":76,"column":14},"end":{"line":78,"column":15}},"type":"if","locations":[{"start":{"line":76,"column":14},"end":{"line":78,"column":15}},{"start":{"line":76,"column":14},"end":{"line":78,"column":15}}],"line":76},"9":{"loc":{"start":{"line":76,"column":18},"end":{"line":76,"column":43}},"type":"binary-expr","locations":[{"start":{"line":76,"column":18},"end":{"line":76,"column":24}},{"start":{"line":76,"column":28},"end":{"line":76,"column":43}}],"line":76},"10":{"loc":{"start":{"line":86,"column":14},"end":{"line":88,"column":15}},"type":"if","locations":[{"start":{"line":86,"column":14},"end":{"line":88,"column":15}},{"start":{"line":86,"column":14},"end":{"line":88,"column":15}}],"line":86},"11":{"loc":{"start":{"line":86,"column":18},"end":{"line":86,"column":44}},"type":"binary-expr","locations":[{"start":{"line":86,"column":18},"end":{"line":86,"column":24}},{"start":{"line":86,"column":28},"end":{"line":86,"column":44}}],"line":86},"12":{"loc":{"start":{"line":107,"column":6},"end":{"line":120,"column":7}},"type":"if","locations":[{"start":{"line":107,"column":6},"end":{"line":120,"column":7}},{"start":{"line":107,"column":6},"end":{"line":120,"column":7}}],"line":107},"13":{"loc":{"start":{"line":108,"column":8},"end":{"line":109,"column":73}},"type":"binary-expr","locations":[{"start":{"line":108,"column":8},"end":{"line":108,"column":31}},{"start":{"line":109,"column":9},"end":{"line":109,"column":28}},{"start":{"line":109,"column":32},"end":{"line":109,"column":72}}],"line":108},"14":{"loc":{"start":{"line":128,"column":2},"end":{"line":136,"column":3}},"type":"if","locations":[{"start":{"line":128,"column":2},"end":{"line":136,"column":3}},{"start":{"line":128,"column":2},"end":{"line":136,"column":3}}],"line":128}},"s":{"0":0,"1":0,"2":0,"3":0,"4":0,"5":0,"6":0,"7":0,"8":0,"9":0,"10":0,"11":0,"12":0,"13":0,"14":0,"15":0,"16":0,"17":0,"18":0,"19":0,"20":0,"21":0,"22":0,"23":0,"24":0,"25":0,"26":0,"27":0,"28":0,"29":0,"30":0,"31":0,"32":0,"33":0,"34":0,"35":0,"36":0,"37":0,"38":0},"f":{"0":0,"1":0,"2":0,"3":0,"4":0,"5":0,"6":0,"7":0,"8":0,"9":0,"10":0,"11":0,"12":0,"13":0,"14":0,"15":0},"b":{"0":[0,0,0],"1":[0,0],"2":[0,0],"3":[0,0],"4":[0,0],"5":[0,0],"6":[0,0],"7":[0,0],"8":[0,0],"9":[0,0],"10":[0,0],"11":[0,0],"12":[0,0],"13":[0,0,0],"14":[0,0]}}
,"/home/runner/work/rasa-ui/rasa-ui/packages/hs-react-ui/src/components/Button/Button.tsx": {"path":"/home/runner/work/rasa-ui/rasa-ui/packages/hs-react-ui/src/components/Button/Button.tsx","statementMap":{"0":{"start":{"line":55,"column":39},"end":{"line":65,"column":1}},"1":{"start":{"line":61,"column":2},"end":{"line":63,"column":3}},"2":{"start":{"line":62,"column":4},"end":{"line":62,"column":73}},"3":{"start":{"line":64,"column":2},"end":{"line":64,"column":15}},"4":{"start":{"line":73,"column":45},"end":{"line":85,"column":1}},"5":{"start":{"line":78,"column":2},"end":{"line":84,"column":3}},"6":{"start":{"line":81,"column":6},"end":{"line":81,"column":47}},"7":{"start":{"line":83,"column":6},"end":{"line":83,"column":19}},"8":{"start":{"line":87,"column":92},"end":{"line":125,"column":1}},"9":{"start":{"line":91,"column":58},"end":{"line":91,"column":69}},"10":{"start":{"line":92,"column":28},"end":{"line":92,"column":86}},"11":{"start":{"line":93,"column":22},"end":{"line":93,"column":83}},"12":{"start":{"line":95,"column":4},"end":{"line":123,"column":6}},"13":{"start":{"line":127,"column":23},"end":{"line":132,"column":1}},"14":{"start":{"line":134,"column":22},"end":{"line":136,"column":1}},"15":{"start":{"line":138,"column":26},"end":{"line":142,"column":1}},"16":{"start":{"line":139,"column":49},"end":{"line":141,"column":3}},"17":{"start":{"line":144,"column":27},"end":{"line":148,"column":1}},"18":{"start":{"line":145,"column":49},"end":{"line":147,"column":3}},"19":{"start":{"line":150,"column":15},"end":{"line":217,"column":1}},"20":{"start":{"line":165,"column":21},"end":{"line":165,"column":38}},"21":{"start":{"line":166,"column":24},"end":{"line":166,"column":35}},"22":{"start":{"line":167,"column":25},"end":{"line":167,"column":43}},"23":{"start":{"line":169,"column":2},"end":{"line":216,"column":4}},"24":{"start":{"line":219,"column":0},"end":{"line":219,"column":35}},"25":{"start":{"line":220,"column":0},"end":{"line":220,"column":39}},"26":{"start":{"line":221,"column":0},"end":{"line":221,"column":33}},"27":{"start":{"line":222,"column":0},"end":{"line":222,"column":35}}},"fnMap":{"0":{"name":"(anonymous_0)","decl":{"start":{"line":55,"column":39},"end":{"line":55,"column":40}},"loc":{"start":{"line":60,"column":5},"end":{"line":65,"column":1}},"line":60},"1":{"name":"(anonymous_1)","decl":{"start":{"line":73,"column":45},"end":{"line":73,"column":46}},"loc":{"start":{"line":77,"column":5},"end":{"line":85,"column":1}},"line":77},"2":{"name":"(anonymous_2)","decl":{"start":{"line":90,"column":4},"end":{"line":90,"column":5}},"loc":{"start":{"line":90,"column":65},"end":{"line":124,"column":3}},"line":90},"3":{"name":"(anonymous_3)","decl":{"start":{"line":139,"column":4},"end":{"line":139,"column":5}},"loc":{"start":{"line":139,"column":49},"end":{"line":141,"column":3}},"line":139},"4":{"name":"(anonymous_4)","decl":{"start":{"line":145,"column":4},"end":{"line":145,"column":5}},"loc":{"start":{"line":145,"column":49},"end":{"line":147,"column":3}},"line":145},"5":{"name":"(anonymous_5)","decl":{"start":{"line":150,"column":15},"end":{"line":150,"column":16}},"loc":{"start":{"line":164,"column":39},"end":{"line":217,"column":1}},"line":164}},"branchMap":{"0":{"loc":{"start":{"line":61,"column":2},"end":{"line":63,"column":3}},"type":"if","locations":[{"start":{"line":61,"column":2},"end":{"line":63,"column":3}},{"start":{"line":61,"column":2},"end":{"line":63,"column":3}}],"line":61},"1":{"loc":{"start":{"line":78,"column":2},"end":{"line":84,"column":3}},"type":"switch","locations":[{"start":{"line":79,"column":4},"end":{"line":79,"column":29}},{"start":{"line":80,"column":4},"end":{"line":81,"column":47}},{"start":{"line":82,"column":4},"end":{"line":83,"column":19}}],"line":78},"2":{"loc":{"start":{"line":81,"column":13},"end":{"line":81,"column":46}},"type":"binary-expr","locations":[{"start":{"line":81,"column":13},"end":{"line":81,"column":29}},{"start":{"line":81,"column":33},"end":{"line":81,"column":46}}],"line":81},"3":{"loc":{"start":{"line":90,"column":7},"end":{"line":90,"column":20}},"type":"default-arg","locations":[{"start":{"line":90,"column":19},"end":{"line":90,"column":20}}],"line":90},"4":{"loc":{"start":{"line":108,"column":16},"end":{"line":108,"column":85}},"type":"cond-expr","locations":[{"start":{"line":108,"column":53},"end":{"line":108,"column":73}},{"start":{"line":108,"column":76},"end":{"line":108,"column":85}}],"line":108},"5":{"loc":{"start":{"line":115,"column":10},"end":{"line":115,"column":99}},"type":"cond-expr","locations":[{"start":{"line":115,"column":46},"end":{"line":115,"column":75}},{"start":{"line":115,"column":78},"end":{"line":115,"column":99}}],"line":115},"6":{"loc":{"start":{"line":120,"column":10},"end":{"line":120,"column":97}},"type":"cond-expr","locations":[{"start":{"line":120,"column":46},"end":{"line":120,"column":74}},{"start":{"line":120,"column":77},"end":{"line":120,"column":97}}],"line":120},"7":{"loc":{"start":{"line":140,"column":6},"end":{"line":140,"column":44}},"type":"cond-expr","locations":[{"start":{"line":140,"column":19},"end":{"line":140,"column":39}},{"start":{"line":140,"column":42},"end":{"line":140,"column":44}}],"line":140},"8":{"loc":{"start":{"line":146,"column":6},"end":{"line":146,"column":43}},"type":"cond-expr","locations":[{"start":{"line":146,"column":19},"end":{"line":146,"column":38}},{"start":{"line":146,"column":41},"end":{"line":146,"column":43}}],"line":146},"9":{"loc":{"start":{"line":151,"column":2},"end":{"line":151,"column":35}},"type":"default-arg","locations":[{"start":{"line":151,"column":20},"end":{"line":151,"column":35}}],"line":151},"10":{"loc":{"start":{"line":152,"column":2},"end":{"line":152,"column":21}},"type":"default-arg","locations":[{"start":{"line":152,"column":19},"end":{"line":152,"column":21}}],"line":152},"11":{"loc":{"start":{"line":158,"column":2},"end":{"line":158,"column":15}},"type":"default-arg","locations":[{"start":{"line":158,"column":14},"end":{"line":158,"column":15}}],"line":158},"12":{"loc":{"start":{"line":159,"column":2},"end":{"line":159,"column":31}},"type":"default-arg","locations":[{"start":{"line":159,"column":12},"end":{"line":159,"column":31}}],"line":159},"13":{"loc":{"start":{"line":160,"column":2},"end":{"line":160,"column":27}},"type":"default-arg","locations":[{"start":{"line":160,"column":9},"end":{"line":160,"column":27}}],"line":160},"14":{"loc":{"start":{"line":163,"column":2},"end":{"line":163,"column":29}},"type":"default-arg","locations":[{"start":{"line":163,"column":15},"end":{"line":163,"column":29}}],"line":163},"15":{"loc":{"start":{"line":167,"column":25},"end":{"line":167,"column":43}},"type":"binary-expr","locations":[{"start":{"line":167,"column":25},"end":{"line":167,"column":30}},{"start":{"line":167,"column":34},"end":{"line":167,"column":43}}],"line":167},"16":{"loc":{"start":{"line":169,"column":9},"end":{"line":216,"column":3}},"type":"cond-expr","locations":[{"start":{"line":170,"column":4},"end":{"line":180,"column":22}},{"start":{"line":182,"column":4},"end":{"line":215,"column":22}}],"line":169},"17":{"loc":{"start":{"line":191,"column":7},"end":{"line":199,"column":10}},"type":"binary-expr","locations":[{"start":{"line":191,"column":7},"end":{"line":191,"column":20}},{"start":{"line":192,"column":8},"end":{"line":192,"column":18}},{"start":{"line":193,"column":9},"end":{"line":199,"column":9}}],"line":191},"18":{"loc":{"start":{"line":193,"column":9},"end":{"line":199,"column":9}},"type":"cond-expr","locations":[{"start":{"line":194,"column":10},"end":{"line":196,"column":30}},{"start":{"line":198,"column":10},"end":{"line":198,"column":61}}],"line":193},"19":{"loc":{"start":{"line":193,"column":9},"end":{"line":193,"column":60}},"type":"binary-expr","locations":[{"start":{"line":193,"column":9},"end":{"line":193,"column":39}},{"start":{"line":193,"column":43},"end":{"line":193,"column":60}}],"line":193},"20":{"loc":{"start":{"line":200,"column":7},"end":{"line":204,"column":7}},"type":"binary-expr","locations":[{"start":{"line":200,"column":7},"end":{"line":200,"column":19}},{"start":{"line":201,"column":8},"end":{"line":203,"column":28}}],"line":200},"21":{"loc":{"start":{"line":207,"column":7},"end":{"line":214,"column":10}},"type":"binary-expr","locations":[{"start":{"line":207,"column":7},"end":{"line":207,"column":17}},{"start":{"line":208,"column":9},"end":{"line":214,"column":9}}],"line":207},"22":{"loc":{"start":{"line":208,"column":9},"end":{"line":214,"column":9}},"type":"cond-expr","locations":[{"start":{"line":209,"column":10},"end":{"line":211,"column":31}},{"start":{"line":213,"column":10},"end":{"line":213,"column":87}}],"line":208}},"s":{"0":2,"1":38,"2":35,"3":3,"4":2,"5":38,"6":3,"7":35,"8":2,"9":38,"10":38,"11":38,"12":38,"13":2,"14":2,"15":2,"16":3,"17":2,"18":2,"19":2,"20":38,"21":38,"22":38,"23":38,"24":2,"25":2,"26":2,"27":2},"f":{"0":38,"1":38,"2":38,"3":3,"4":2,"5":38},"b":{"0":[35,3],"1":[1,3,35],"2":[3,0],"3":[0],"4":[2,36],"5":[35,3],"6":[35,3],"7":[0,3],"8":[0,2],"9":[11],"10":[11],"11":[37],"12":[7],"13":[38],"14":[38],"15":[38,37],"16":[2,36],"17":[36,35,2],"18":[1,1],"19":[2,1],"20":[36,1],"21":[36,2],"22":[1,1]},"_coverageSchema":"1a1c01bbd47fc00a2c39e90264f33305004495a9","hash":"fa170c236b2d3f28e4b9c68d31e562c45f316c53"}
,"/home/runner/work/rasa-ui/rasa-ui/packages/hs-react-ui/src/components/Card/Card.tsx": {"path":"/home/runner/work/rasa-ui/rasa-ui/packages/hs-react-ui/src/components/Card/Card.tsx","statementMap":{"0":{"start":{"line":9,"column":29},"end":{"line":23,"column":1}},"1":{"start":{"line":11,"column":47},"end":{"line":11,"column":58}},"2":{"start":{"line":12,"column":4},"end":{"line":21,"column":4}},"3":{"start":{"line":25,"column":22},"end":{"line":35,"column":1}},"4":{"start":{"line":27,"column":25},"end":{"line":27,"column":36}},"5":{"start":{"line":28,"column":4},"end":{"line":33,"column":6}},"6":{"start":{"line":37,"column":31},"end":{"line":40,"column":1}},"7":{"start":{"line":42,"column":20},"end":{"line":50,"column":1}},"8":{"start":{"line":44,"column":27},"end":{"line":44,"column":38}},"9":{"start":{"line":45,"column":4},"end":{"line":48,"column":6}},"10":{"start":{"line":52,"column":22},"end":{"line":67,"column":1}},"11":{"start":{"line":54,"column":26},"end":{"line":54,"column":37}},"12":{"start":{"line":55,"column":4},"end":{"line":65,"column":6}},"13":{"start":{"line":89,"column":13},"end":{"line":113,"column":1}},"14":{"start":{"line":108,"column":2},"end":{"line":112,"column":20}},"15":{"start":{"line":115,"column":0},"end":{"line":115,"column":21}},"16":{"start":{"line":116,"column":0},"end":{"line":116,"column":39}},"17":{"start":{"line":117,"column":0},"end":{"line":117,"column":21}},"18":{"start":{"line":118,"column":0},"end":{"line":118,"column":17}},"19":{"start":{"line":119,"column":0},"end":{"line":119,"column":31}}},"fnMap":{"0":{"name":"(anonymous_0)","decl":{"start":{"line":10,"column":4},"end":{"line":10,"column":5}},"loc":{"start":{"line":10,"column":46},"end":{"line":22,"column":3}},"line":10},"1":{"name":"(anonymous_1)","decl":{"start":{"line":26,"column":4},"end":{"line":26,"column":5}},"loc":{"start":{"line":26,"column":10},"end":{"line":34,"column":3}},"line":26},"2":{"name":"(anonymous_2)","decl":{"start":{"line":43,"column":4},"end":{"line":43,"column":5}},"loc":{"start":{"line":43,"column":10},"end":{"line":49,"column":3}},"line":43},"3":{"name":"(anonymous_3)","decl":{"start":{"line":53,"column":4},"end":{"line":53,"column":5}},"loc":{"start":{"line":53,"column":10},"end":{"line":66,"column":3}},"line":53},"4":{"name":"(anonymous_4)","decl":{"start":{"line":89,"column":13},"end":{"line":89,"column":14}},"loc":{"start":{"line":108,"column":2},"end":{"line":112,"column":20}},"line":108},"5":{"name":"(anonymous_5)","decl":{"start":{"line":100,"column":12},"end":{"line":100,"column":13}},"loc":{"start":{"line":100,"column":18},"end":{"line":100,"column":20}},"line":100}},"branchMap":{"0":{"loc":{"start":{"line":17,"column":16},"end":{"line":17,"column":80}},"type":"cond-expr","locations":[{"start":{"line":17,"column":29},"end":{"line":17,"column":54}},{"start":{"line":17,"column":57},"end":{"line":17,"column":80}}],"line":17},"1":{"loc":{"start":{"line":90,"column":2},"end":{"line":90,"column":33}},"type":"default-arg","locations":[{"start":{"line":90,"column":20},"end":{"line":90,"column":33}}],"line":90},"2":{"loc":{"start":{"line":91,"column":2},"end":{"line":91,"column":23}},"type":"default-arg","locations":[{"start":{"line":91,"column":17},"end":{"line":91,"column":23}}],"line":91},"3":{"loc":{"start":{"line":92,"column":2},"end":{"line":92,"column":19}},"type":"default-arg","locations":[{"start":{"line":92,"column":15},"end":{"line":92,"column":19}}],"line":92},"4":{"loc":{"start":{"line":93,"column":2},"end":{"line":93,"column":23}},"type":"default-arg","locations":[{"start":{"line":93,"column":17},"end":{"line":93,"column":23}}],"line":93},"5":{"loc":{"start":{"line":100,"column":2},"end":{"line":100,"column":20}},"type":"default-arg","locations":[{"start":{"line":100,"column":12},"end":{"line":100,"column":20}}],"line":100},"6":{"loc":{"start":{"line":106,"column":2},"end":{"line":106,"column":15}},"type":"default-arg","locations":[{"start":{"line":106,"column":14},"end":{"line":106,"column":15}}],"line":106},"7":{"loc":{"start":{"line":109,"column":5},"end":{"line":109,"column":69}},"type":"binary-expr","locations":[{"start":{"line":109,"column":5},"end":{"line":109,"column":11}},{"start":{"line":109,"column":15},"end":{"line":109,"column":69}}],"line":109},"8":{"loc":{"start":{"line":110,"column":5},"end":{"line":110,"column":67}},"type":"binary-expr","locations":[{"start":{"line":110,"column":5},"end":{"line":110,"column":13}},{"start":{"line":110,"column":17},"end":{"line":110,"column":67}}],"line":110},"9":{"loc":{"start":{"line":111,"column":5},"end":{"line":111,"column":69}},"type":"binary-expr","locations":[{"start":{"line":111,"column":5},"end":{"line":111,"column":11}},{"start":{"line":111,"column":15},"end":{"line":111,"column":69}}],"line":111}},"s":{"0":0,"1":0,"2":0,"3":0,"4":0,"5":0,"6":0,"7":0,"8":0,"9":0,"10":0,"11":0,"12":0,"13":0,"14":0,"15":0,"16":0,"17":0,"18":0,"19":0},"f":{"0":0,"1":0,"2":0,"3":0,"4":0,"5":0},"b":{"0":[0,0],"1":[0],"2":[0],"3":[0],"4":[0],"5":[0],"6":[0],"7":[0,0],"8":[0,0],"9":[0,0]}}
,"/home/runner/work/rasa-ui/rasa-ui/packages/hs-react-ui/src/components/Checkbox/Checkbox.tsx": {"path":"/home/runner/work/rasa-ui/rasa-ui/packages/hs-react-ui/src/components/Checkbox/Checkbox.tsx","statementMap":{"0":{"start":{"line":19,"column":21},"end":{"line":30,"column":1}},"1":{"start":{"line":32,"column":21},"end":{"line":45,"column":1}},"2":{"start":{"line":34,"column":27},"end":{"line":34,"column":38}},"3":{"start":{"line":35,"column":4},"end":{"line":43,"column":6}},"4":{"start":{"line":47,"column":19},"end":{"line":62,"column":1}},"5":{"start":{"line":49,"column":26},"end":{"line":49,"column":37}},"6":{"start":{"line":50,"column":4},"end":{"line":60,"column":6}},"7":{"start":{"line":64,"column":33},"end":{"line":67,"column":1}},"8":{"start":{"line":69,"column":26},"end":{"line":71,"column":1}},"9":{"start":{"line":73,"column":18},"end":{"line":83,"column":1}},"10":{"start":{"line":75,"column":24},"end":{"line":75,"column":35}},"11":{"start":{"line":76,"column":4},"end":{"line":81,"column":6}},"12":{"start":{"line":85,"column":18},"end":{"line":94,"column":1}},"13":{"start":{"line":87,"column":28},"end":{"line":87,"column":39}},"14":{"start":{"line":88,"column":4},"end":{"line":92,"column":6}},"15":{"start":{"line":96,"column":20},"end":{"line":105,"column":1}},"16":{"start":{"line":98,"column":27},"end":{"line":98,"column":38}},"17":{"start":{"line":99,"column":4},"end":{"line":103,"column":6}},"18":{"start":{"line":107,"column":20},"end":{"line":120,"column":1}},"19":{"start":{"line":109,"column":27},"end":{"line":109,"column":38}},"20":{"start":{"line":110,"column":4},"end":{"line":118,"column":6}},"21":{"start":{"line":134,"column":18},"end":{"line":140,"column":1}},"22":{"start":{"line":142,"column":30},"end":{"line":148,"column":1}},"23":{"start":{"line":150,"column":17},"end":{"line":175,"column":1}},"24":{"start":{"line":162,"column":19},"end":{"line":162,"column":42}},"25":{"start":{"line":163,"column":24},"end":{"line":163,"column":52}},"26":{"start":{"line":164,"column":2},"end":{"line":174,"column":4}},"27":{"start":{"line":177,"column":0},"end":{"line":177,"column":23}},"28":{"start":{"line":178,"column":0},"end":{"line":178,"column":19}},"29":{"start":{"line":179,"column":0},"end":{"line":179,"column":23}},"30":{"start":{"line":180,"column":0},"end":{"line":180,"column":39}},"31":{"start":{"line":181,"column":0},"end":{"line":181,"column":31}}},"fnMap":{"0":{"name":"(anonymous_0)","decl":{"start":{"line":33,"column":4},"end":{"line":33,"column":5}},"loc":{"start":{"line":33,"column":10},"end":{"line":44,"column":3}},"line":33},"1":{"name":"(anonymous_1)","decl":{"start":{"line":48,"column":4},"end":{"line":48,"column":5}},"loc":{"start":{"line":48,"column":10},"end":{"line":61,"column":3}},"line":48},"2":{"name":"(anonymous_2)","decl":{"start":{"line":74,"column":4},"end":{"line":74,"column":5}},"loc":{"start":{"line":74,"column":10},"end":{"line":82,"column":3}},"line":74},"3":{"name":"(anonymous_3)","decl":{"start":{"line":86,"column":4},"end":{"line":86,"column":5}},"loc":{"start":{"line":86,"column":10},"end":{"line":93,"column":3}},"line":86},"4":{"name":"(anonymous_4)","decl":{"start":{"line":97,"column":4},"end":{"line":97,"column":5}},"loc":{"start":{"line":97,"column":10},"end":{"line":104,"column":3}},"line":97},"5":{"name":"(anonymous_5)","decl":{"start":{"line":108,"column":4},"end":{"line":108,"column":5}},"loc":{"start":{"line":108,"column":10},"end":{"line":119,"column":3}},"line":108},"6":{"name":"(anonymous_6)","decl":{"start":{"line":150,"column":17},"end":{"line":150,"column":18}},"loc":{"start":{"line":161,"column":21},"end":{"line":175,"column":1}},"line":161}},"branchMap":{"0":{"loc":{"start":{"line":151,"column":2},"end":{"line":151,"column":21}},"type":"default-arg","locations":[{"start":{"line":151,"column":16},"end":{"line":151,"column":21}}],"line":151},"1":{"loc":{"start":{"line":152,"column":2},"end":{"line":152,"column":45}},"type":"default-arg","locations":[{"start":{"line":152,"column":28},"end":{"line":152,"column":45}}],"line":152},"2":{"loc":{"start":{"line":153,"column":2},"end":{"line":153,"column":17}},"type":"default-arg","locations":[{"start":{"line":153,"column":14},"end":{"line":153,"column":17}}],"line":153},"3":{"loc":{"start":{"line":154,"column":2},"end":{"line":154,"column":21}},"type":"default-arg","locations":[{"start":{"line":154,"column":16},"end":{"line":154,"column":21}}],"line":154},"4":{"loc":{"start":{"line":156,"column":2},"end":{"line":156,"column":38}},"type":"default-arg","locations":[{"start":{"line":156,"column":17},"end":{"line":156,"column":38}}],"line":156},"5":{"loc":{"start":{"line":157,"column":2},"end":{"line":157,"column":17}},"type":"default-arg","locations":[{"start":{"line":157,"column":12},"end":{"line":157,"column":17}}],"line":157},"6":{"loc":{"start":{"line":168,"column":11},"end":{"line":168,"column":95}},"type":"cond-expr","locations":[{"start":{"line":168,"column":21},"end":{"line":168,"column":88}},{"start":{"line":168,"column":91},"end":{"line":168,"column":95}}],"line":168}},"s":{"0":1,"1":1,"2":4,"3":4,"4":1,"5":4,"6":4,"7":1,"8":1,"9":1,"10":0,"11":0,"12":1,"13":0,"14":0,"15":1,"16":2,"17":2,"18":1,"19":0,"20":0,"21":1,"22":1,"23":1,"24":4,"25":4,"26":4,"27":1,"28":1,"29":1,"30":1,"31":1},"f":{"0":4,"1":4,"2":0,"3":0,"4":2,"5":0,"6":4},"b":{"0":[4],"1":[4],"2":[4],"3":[4],"4":[4],"5":[1],"6":[2,2]},"_coverageSchema":"1a1c01bbd47fc00a2c39e90264f33305004495a9","hash":"d308b292fa40fb603c0ebc7647a8333913a6eba8"}
,"/home/runner/work/rasa-ui/rasa-ui/packages/hs-react-ui/src/components/Divider/Divider.tsx": {"path":"/home/runner/work/rasa-ui/rasa-ui/packages/hs-react-ui/src/components/Divider/Divider.tsx","statementMap":{"0":{"start":{"line":7,"column":30},"end":{"line":17,"column":1}},"1":{"start":{"line":9,"column":26},"end":{"line":9,"column":37}},"2":{"start":{"line":10,"column":4},"end":{"line":15,"column":4}},"3":{"start":{"line":19,"column":39},"end":{"line":24,"column":1}},"4":{"start":{"line":33,"column":16},"end":{"line":42,"column":1}},"5":{"start":{"line":39,"column":2},"end":{"line":41,"column":27}},"6":{"start":{"line":44,"column":0},"end":{"line":44,"column":44}}},"fnMap":{"0":{"name":"(anonymous_0)","decl":{"start":{"line":8,"column":4},"end":{"line":8,"column":5}},"loc":{"start":{"line":8,"column":78},"end":{"line":16,"column":3}},"line":8},"1":{"name":"(anonymous_1)","decl":{"start":{"line":33,"column":16},"end":{"line":33,"column":17}},"loc":{"start":{"line":39,"column":2},"end":{"line":41,"column":27}},"line":39}},"branchMap":{"0":{"loc":{"start":{"line":8,"column":7},"end":{"line":8,"column":20}},"type":"default-arg","locations":[{"start":{"line":8,"column":15},"end":{"line":8,"column":20}}],"line":8},"1":{"loc":{"start":{"line":8,"column":22},"end":{"line":8,"column":36}},"type":"default-arg","locations":[{"start":{"line":8,"column":31},"end":{"line":8,"column":36}}],"line":8},"2":{"loc":{"start":{"line":34,"column":2},"end":{"line":34,"column":32}},"type":"default-arg","locations":[{"start":{"line":34,"column":18},"end":{"line":34,"column":32}}],"line":34},"3":{"loc":{"start":{"line":35,"column":2},"end":{"line":35,"column":50}},"type":"default-arg","locations":[{"start":{"line":35,"column":27},"end":{"line":35,"column":50}}],"line":35},"4":{"loc":{"start":{"line":36,"column":2},"end":{"line":36,"column":15}},"type":"default-arg","locations":[{"start":{"line":36,"column":10},"end":{"line":36,"column":15}}],"line":36},"5":{"loc":{"start":{"line":37,"column":2},"end":{"line":37,"column":16}},"type":"default-arg","locations":[{"start":{"line":37,"column":11},"end":{"line":37,"column":16}}],"line":37}},"s":{"0":1,"1":2,"2":2,"3":1,"4":1,"5":2,"6":1},"f":{"0":2,"1":2},"b":{"0":[0],"1":[0],"2":[2],"3":[2],"4":[1],"5":[1]},"_coverageSchema":"1a1c01bbd47fc00a2c39e90264f33305004495a9","hash":"eb9c193c0867b63347bc0ec60929843fe5633957"}
,"/home/runner/work/rasa-ui/rasa-ui/packages/hs-react-ui/src/components/Dropdown/Dropdown.tsx": {"path":"/home/runner/work/rasa-ui/rasa-ui/packages/hs-react-ui/src/components/Dropdown/Dropdown.tsx","statementMap":{"0":{"start":{"line":13,"column":18},"end":{"line":21,"column":1}},"1":{"start":{"line":14,"column":44},"end":{"line":20,"column":3}},"2":{"start":{"line":23,"column":30},"end":{"line":42,"column":1}},"3":{"start":{"line":24,"column":25},"end":{"line":41,"column":3}},"4":{"start":{"line":44,"column":27},"end":{"line":50,"column":1}},"5":{"start":{"line":53,"column":27},"end":{"line":55,"column":1}},"6":{"start":{"line":57,"column":18},"end":{"line":60,"column":1}},"7":{"start":{"line":62,"column":25},"end":{"line":78,"column":1}},"8":{"start":{"line":64,"column":27},"end":{"line":64,"column":38}},"9":{"start":{"line":65,"column":4},"end":{"line":76,"column":6}},"10":{"start":{"line":80,"column":19},"end":{"line":97,"column":1}},"11":{"start":{"line":82,"column":27},"end":{"line":82,"column":38}},"12":{"start":{"line":83,"column":4},"end":{"line":95,"column":9}},"13":{"start":{"line":98,"column":23},"end":{"line":105,"column":1}},"14":{"start":{"line":129,"column":17},"end":{"line":338,"column":1}},"15":{"start":{"line":149,"column":28},"end":{"line":157,"column":4}},"16":{"start":{"line":158,"column":17},"end":{"line":158,"column":28}},"17":{"start":{"line":160,"column":21},"end":{"line":173,"column":3}},"18":{"start":{"line":162,"column":6},"end":{"line":162,"column":25}},"19":{"start":{"line":163,"column":21},"end":{"line":163,"column":70}},"20":{"start":{"line":165,"column":6},"end":{"line":170,"column":7}},"21":{"start":{"line":166,"column":8},"end":{"line":166,"column":63}},"22":{"start":{"line":166,"column":30},"end":{"line":166,"column":60}},"23":{"start":{"line":167,"column":8},"end":{"line":169,"column":9}},"24":{"start":{"line":168,"column":10},"end":{"line":168,"column":19}},"25":{"start":{"line":175,"column":23},"end":{"line":198,"column":3}},"26":{"start":{"line":177,"column":6},"end":{"line":195,"column":9}},"27":{"start":{"line":178,"column":8},"end":{"line":190,"column":9}},"28":{"start":{"line":179,"column":33},"end":{"line":181,"column":51}},"29":{"start":{"line":180,"column":51},"end":{"line":180,"column":67}},"30":{"start":{"line":182,"column":10},"end":{"line":184,"column":11}},"31":{"start":{"line":183,"column":12},"end":{"line":183,"column":37}},"32":{"start":{"line":185,"column":10},"end":{"line":189,"column":12}},"33":{"start":{"line":191,"column":8},"end":{"line":193,"column":9}},"34":{"start":{"line":192,"column":10},"end":{"line":192,"column":29}},"35":{"start":{"line":194,"column":8},"end":{"line":194,"column":73}},"36":{"start":{"line":200,"column":22},"end":{"line":213,"column":3}},"37":{"start":{"line":202,"column":6},"end":{"line":202,"column":25}},"38":{"start":{"line":203,"column":6},"end":{"line":203,"column":26}},"39":{"start":{"line":204,"column":6},"end":{"line":207,"column":10}},"40":{"start":{"line":204,"column":28},"end":{"line":207,"column":7}},"41":{"start":{"line":208,"column":6},"end":{"line":210,"column":7}},"42":{"start":{"line":209,"column":8},"end":{"line":209,"column":18}},"43":{"start":{"line":215,"column":25},"end":{"line":258,"column":3}},"44":{"start":{"line":219,"column":6},"end":{"line":255,"column":12}},"45":{"start":{"line":220,"column":31},"end":{"line":220,"column":53}},"46":{"start":{"line":221,"column":8},"end":{"line":254,"column":9}},"47":{"start":{"line":223,"column":26},"end":{"line":223,"column":94}},"48":{"start":{"line":224,"column":12},"end":{"line":226,"column":13}},"49":{"start":{"line":225,"column":14},"end":{"line":225,"column":37}},"50":{"start":{"line":227,"column":12},"end":{"line":227,"column":18}},"51":{"start":{"line":229,"column":12},"end":{"line":234,"column":13}},"52":{"start":{"line":230,"column":30},"end":{"line":230,"column":89}},"53":{"start":{"line":231,"column":14},"end":{"line":233,"column":15}},"54":{"start":{"line":232,"column":16},"end":{"line":232,"column":32}},"55":{"start":{"line":235,"column":12},"end":{"line":235,"column":18}},"56":{"start":{"line":237,"column":12},"end":{"line":250,"column":13}},"57":{"start":{"line":238,"column":39},"end":{"line":238,"column":65}},"58":{"start":{"line":239,"column":14},"end":{"line":244,"column":15}},"59":{"start":{"line":240,"column":32},"end":{"line":240,"column":87}},"60":{"start":{"line":241,"column":16},"end":{"line":243,"column":17}},"61":{"start":{"line":242,"column":18},"end":{"line":242,"column":34}},"62":{"start":{"line":245,"column":19},"end":{"line":250,"column":13}},"63":{"start":{"line":246,"column":30},"end":{"line":246,"column":85}},"64":{"start":{"line":247,"column":14},"end":{"line":249,"column":15}},"65":{"start":{"line":248,"column":16},"end":{"line":248,"column":32}},"66":{"start":{"line":251,"column":12},"end":{"line":251,"column":18}},"67":{"start":{"line":253,"column":12},"end":{"line":253,"column":18}},"68":{"start":{"line":260,"column":2},"end":{"line":266,"column":23}},"69":{"start":{"line":261,"column":4},"end":{"line":261,"column":58}},"70":{"start":{"line":262,"column":4},"end":{"line":262,"column":55}},"71":{"start":{"line":263,"column":4},"end":{"line":265,"column":6}},"72":{"start":{"line":264,"column":6},"end":{"line":264,"column":60}},"73":{"start":{"line":269,"column":4},"end":{"line":280,"column":25}},"74":{"start":{"line":273,"column":44},"end":{"line":273,"column":63}},"75":{"start":{"line":283,"column":2},"end":{"line":337,"column":4}},"76":{"start":{"line":293,"column":8},"end":{"line":293,"column":27}},"77":{"start":{"line":294,"column":8},"end":{"line":294,"column":62}},"78":{"start":{"line":294,"column":30},"end":{"line":294,"column":59}},"79":{"start":{"line":304,"column":42},"end":{"line":304,"column":60}},"80":{"start":{"line":315,"column":12},"end":{"line":332,"column":31}},"81":{"start":{"line":319,"column":29},"end":{"line":319,"column":46}},"82":{"start":{"line":340,"column":0},"end":{"line":340,"column":31}},"83":{"start":{"line":341,"column":0},"end":{"line":341,"column":45}},"84":{"start":{"line":342,"column":0},"end":{"line":342,"column":33}},"85":{"start":{"line":343,"column":0},"end":{"line":343,"column":41}},"86":{"start":{"line":344,"column":0},"end":{"line":344,"column":31}}},"fnMap":{"0":{"name":"(anonymous_0)","decl":{"start":{"line":14,"column":4},"end":{"line":14,"column":5}},"loc":{"start":{"line":14,"column":44},"end":{"line":20,"column":3}},"line":14},"1":{"name":"(anonymous_1)","decl":{"start":{"line":24,"column":4},"end":{"line":24,"column":5}},"loc":{"start":{"line":24,"column":25},"end":{"line":41,"column":3}},"line":24},"2":{"name":"(anonymous_2)","decl":{"start":{"line":63,"column":4},"end":{"line":63,"column":5}},"loc":{"start":{"line":63,"column":10},"end":{"line":77,"column":3}},"line":63},"3":{"name":"(anonymous_3)","decl":{"start":{"line":81,"column":4},"end":{"line":81,"column":5}},"loc":{"start":{"line":81,"column":10},"end":{"line":96,"column":3}},"line":81},"4":{"name":"(anonymous_4)","decl":{"start":{"line":129,"column":17},"end":{"line":129,"column":18}},"loc":{"start":{"line":148,"column":41},"end":{"line":338,"column":1}},"line":148},"5":{"name":"(anonymous_5)","decl":{"start":{"line":161,"column":4},"end":{"line":161,"column":5}},"loc":{"start":{"line":161,"column":29},"end":{"line":171,"column":5}},"line":161},"6":{"name":"(anonymous_6)","decl":{"start":{"line":166,"column":17},"end":{"line":166,"column":18}},"loc":{"start":{"line":166,"column":30},"end":{"line":166,"column":60}},"line":166},"7":{"name":"(anonymous_7)","decl":{"start":{"line":176,"column":4},"end":{"line":176,"column":5}},"loc":{"start":{"line":176,"column":26},"end":{"line":196,"column":5}},"line":176},"8":{"name":"(anonymous_8)","decl":{"start":{"line":177,"column":15},"end":{"line":177,"column":16}},"loc":{"start":{"line":177,"column":26},"end":{"line":195,"column":7}},"line":177},"9":{"name":"(anonymous_9)","decl":{"start":{"line":180,"column":44},"end":{"line":180,"column":45}},"loc":{"start":{"line":180,"column":51},"end":{"line":180,"column":67}},"line":180},"10":{"name":"(anonymous_10)","decl":{"start":{"line":201,"column":4},"end":{"line":201,"column":5}},"loc":{"start":{"line":201,"column":29},"end":{"line":211,"column":5}},"line":201},"11":{"name":"(anonymous_11)","decl":{"start":{"line":204,"column":15},"end":{"line":204,"column":16}},"loc":{"start":{"line":204,"column":28},"end":{"line":207,"column":7}},"line":204},"12":{"name":"(anonymous_12)","decl":{"start":{"line":216,"column":4},"end":{"line":216,"column":5}},"loc":{"start":{"line":216,"column":17},"end":{"line":256,"column":5}},"line":216},"13":{"name":"(anonymous_13)","decl":{"start":{"line":219,"column":24},"end":{"line":219,"column":25}},"loc":{"start":{"line":219,"column":30},"end":{"line":255,"column":7}},"line":219},"14":{"name":"(anonymous_14)","decl":{"start":{"line":260,"column":12},"end":{"line":260,"column":13}},"loc":{"start":{"line":260,"column":18},"end":{"line":266,"column":3}},"line":260},"15":{"name":"(anonymous_15)","decl":{"start":{"line":263,"column":11},"end":{"line":263,"column":12}},"loc":{"start":{"line":263,"column":17},"end":{"line":265,"column":5}},"line":263},"16":{"name":"(anonymous_16)","decl":{"start":{"line":273,"column":19},"end":{"line":273,"column":20}},"loc":{"start":{"line":273,"column":44},"end":{"line":273,"column":63}},"line":273},"17":{"name":"(anonymous_17)","decl":{"start":{"line":292,"column":15},"end":{"line":292,"column":16}},"loc":{"start":{"line":292,"column":40},"end":{"line":295,"column":7}},"line":292},"18":{"name":"(anonymous_18)","decl":{"start":{"line":294,"column":17},"end":{"line":294,"column":18}},"loc":{"start":{"line":294,"column":30},"end":{"line":294,"column":59}},"line":294},"19":{"name":"(anonymous_19)","decl":{"start":{"line":304,"column":17},"end":{"line":304,"column":18}},"loc":{"start":{"line":304,"column":42},"end":{"line":304,"column":60}},"line":304},"20":{"name":"(anonymous_20)","decl":{"start":{"line":314,"column":23},"end":{"line":314,"column":24}},"loc":{"start":{"line":315,"column":12},"end":{"line":332,"column":31}},"line":315},"21":{"name":"(anonymous_21)","decl":{"start":{"line":319,"column":23},"end":{"line":319,"column":24}},"loc":{"start":{"line":319,"column":29},"end":{"line":319,"column":46}},"line":319}},"branchMap":{"0":{"loc":{"start":{"line":19,"column":15},"end":{"line":19,"column":33}},"type":"cond-expr","locations":[{"start":{"line":19,"column":24},"end":{"line":19,"column":27}},{"start":{"line":19,"column":30},"end":{"line":19,"column":33}}],"line":19},"1":{"loc":{"start":{"line":31,"column":6},"end":{"line":36,"column":12}},"type":"cond-expr","locations":[{"start":{"line":32,"column":10},"end":{"line":35,"column":5}},{"start":{"line":36,"column":10},"end":{"line":36,"column":12}}],"line":31},"2":{"loc":{"start":{"line":130,"column":2},"end":{"line":130,"column":29}},"type":"default-arg","locations":[{"start":{"line":130,"column":20},"end":{"line":130,"column":29}}],"line":130},"3":{"loc":{"start":{"line":131,"column":2},"end":{"line":131,"column":39}},"type":"default-arg","locations":[{"start":{"line":131,"column":25},"end":{"line":131,"column":39}}],"line":131},"4":{"loc":{"start":{"line":132,"column":2},"end":{"line":132,"column":29}},"type":"default-arg","locations":[{"start":{"line":132,"column":20},"end":{"line":132,"column":29}}],"line":132},"5":{"loc":{"start":{"line":133,"column":2},"end":{"line":133,"column":43}},"type":"default-arg","locations":[{"start":{"line":133,"column":27},"end":{"line":133,"column":43}}],"line":133},"6":{"loc":{"start":{"line":134,"column":2},"end":{"line":134,"column":31}},"type":"default-arg","locations":[{"start":{"line":134,"column":21},"end":{"line":134,"column":31}}],"line":134},"7":{"loc":{"start":{"line":136,"column":2},"end":{"line":136,"column":19}},"type":"default-arg","locations":[{"start":{"line":136,"column":14},"end":{"line":136,"column":19}}],"line":136},"8":{"loc":{"start":{"line":138,"column":2},"end":{"line":138,"column":15}},"type":"default-arg","locations":[{"start":{"line":138,"column":14},"end":{"line":138,"column":15}}],"line":138},"9":{"loc":{"start":{"line":139,"column":2},"end":{"line":139,"column":15}},"type":"default-arg","locations":[{"start":{"line":139,"column":10},"end":{"line":139,"column":15}}],"line":139},"10":{"loc":{"start":{"line":145,"column":2},"end":{"line":145,"column":14}},"type":"default-arg","locations":[{"start":{"line":145,"column":13},"end":{"line":145,"column":14}}],"line":145},"11":{"loc":{"start":{"line":146,"column":2},"end":{"line":146,"column":35}},"type":"default-arg","locations":[{"start":{"line":146,"column":9},"end":{"line":146,"column":35}}],"line":146},"12":{"loc":{"start":{"line":147,"column":2},"end":{"line":147,"column":13}},"type":"default-arg","locations":[{"start":{"line":147,"column":11},"end":{"line":147,"column":13}}],"line":147},"13":{"loc":{"start":{"line":165,"column":6},"end":{"line":170,"column":7}},"type":"if","locations":[{"start":{"line":165,"column":6},"end":{"line":170,"column":7}},{"start":{"line":165,"column":6},"end":{"line":170,"column":7}}],"line":165},"14":{"loc":{"start":{"line":165,"column":10},"end":{"line":165,"column":67}},"type":"binary-expr","locations":[{"start":{"line":165,"column":10},"end":{"line":165,"column":17}},{"start":{"line":165,"column":22},"end":{"line":165,"column":31}},{"start":{"line":165,"column":35},"end":{"line":165,"column":66}}],"line":165},"15":{"loc":{"start":{"line":167,"column":8},"end":{"line":169,"column":9}},"type":"if","locations":[{"start":{"line":167,"column":8},"end":{"line":169,"column":9}},{"start":{"line":167,"column":8},"end":{"line":169,"column":9}}],"line":167},"16":{"loc":{"start":{"line":178,"column":8},"end":{"line":190,"column":9}},"type":"if","locations":[{"start":{"line":178,"column":8},"end":{"line":190,"column":9}},{"start":{"line":178,"column":8},"end":{"line":190,"column":9}}],"line":178},"17":{"loc":{"start":{"line":179,"column":33},"end":{"line":181,"column":51}},"type":"cond-expr","locations":[{"start":{"line":180,"column":14},"end":{"line":180,"column":68}},{"start":{"line":181,"column":14},"end":{"line":181,"column":51}}],"line":179},"18":{"loc":{"start":{"line":182,"column":10},"end":{"line":184,"column":11}},"type":"if","locations":[{"start":{"line":182,"column":10},"end":{"line":184,"column":11}},{"start":{"line":182,"column":10},"end":{"line":184,"column":11}}],"line":182},"19":{"loc":{"start":{"line":191,"column":8},"end":{"line":193,"column":9}},"type":"if","locations":[{"start":{"line":191,"column":8},"end":{"line":193,"column":9}},{"start":{"line":191,"column":8},"end":{"line":193,"column":9}}],"line":191},"20":{"loc":{"start":{"line":208,"column":6},"end":{"line":210,"column":7}},"type":"if","locations":[{"start":{"line":208,"column":6},"end":{"line":210,"column":7}},{"start":{"line":208,"column":6},"end":{"line":210,"column":7}}],"line":208},"21":{"loc":{"start":{"line":221,"column":8},"end":{"line":254,"column":9}},"type":"switch","locations":[{"start":{"line":222,"column":10},"end":{"line":227,"column":18}},{"start":{"line":228,"column":10},"end":{"line":235,"column":18}},{"start":{"line":236,"column":10},"end":{"line":251,"column":18}},{"start":{"line":252,"column":10},"end":{"line":253,"column":18}}],"line":221},"22":{"loc":{"start":{"line":223,"column":26},"end":{"line":223,"column":94}},"type":"binary-expr","locations":[{"start":{"line":223,"column":26},"end":{"line":223,"column":40}},{"start":{"line":223,"column":44},"end":{"line":223,"column":94}}],"line":223},"23":{"loc":{"start":{"line":224,"column":12},"end":{"line":226,"column":13}},"type":"if","locations":[{"start":{"line":224,"column":12},"end":{"line":226,"column":13}},{"start":{"line":224,"column":12},"end":{"line":226,"column":13}}],"line":224},"24":{"loc":{"start":{"line":229,"column":12},"end":{"line":234,"column":13}},"type":"if","locations":[{"start":{"line":229,"column":12},"end":{"line":234,"column":13}},{"start":{"line":229,"column":12},"end":{"line":234,"column":13}}],"line":229},"25":{"loc":{"start":{"line":229,"column":16},"end":{"line":229,"column":82}},"type":"binary-expr","locations":[{"start":{"line":229,"column":16},"end":{"line":229,"column":30}},{"start":{"line":229,"column":34},"end":{"line":229,"column":82}}],"line":229},"26":{"loc":{"start":{"line":231,"column":14},"end":{"line":233,"column":15}},"type":"if","locations":[{"start":{"line":231,"column":14},"end":{"line":233,"column":15}},{"start":{"line":231,"column":14},"end":{"line":233,"column":15}}],"line":231},"27":{"loc":{"start":{"line":237,"column":12},"end":{"line":250,"column":13}},"type":"if","locations":[{"start":{"line":237,"column":12},"end":{"line":250,"column":13}},{"start":{"line":237,"column":12},"end":{"line":250,"column":13}}],"line":237},"28":{"loc":{"start":{"line":237,"column":16},"end":{"line":237,"column":84}},"type":"binary-expr","locations":[{"start":{"line":237,"column":16},"end":{"line":237,"column":30}},{"start":{"line":237,"column":34},"end":{"line":237,"column":84}}],"line":237},"29":{"loc":{"start":{"line":239,"column":14},"end":{"line":244,"column":15}},"type":"if","locations":[{"start":{"line":239,"column":14},"end":{"line":244,"column":15}},{"start":{"line":239,"column":14},"end":{"line":244,"column":15}}],"line":239},"30":{"loc":{"start":{"line":241,"column":16},"end":{"line":243,"column":17}},"type":"if","locations":[{"start":{"line":241,"column":16},"end":{"line":243,"column":17}},{"start":{"line":241,"column":16},"end":{"line":243,"column":17}}],"line":241},"31":{"loc":{"start":{"line":245,"column":19},"end":{"line":250,"column":13}},"type":"if","locations":[{"start":{"line":245,"column":19},"end":{"line":250,"column":13}},{"start":{"line":245,"column":19},"end":{"line":250,"column":13}}],"line":245},"32":{"loc":{"start":{"line":245,"column":23},"end":{"line":245,"column":89}},"type":"binary-expr","locations":[{"start":{"line":245,"column":23},"end":{"line":245,"column":37}},{"start":{"line":245,"column":41},"end":{"line":245,"column":89}}],"line":245},"33":{"loc":{"start":{"line":247,"column":14},"end":{"line":249,"column":15}},"type":"if","locations":[{"start":{"line":247,"column":14},"end":{"line":249,"column":15}},{"start":{"line":247,"column":14},"end":{"line":249,"column":15}}],"line":247},"34":{"loc":{"start":{"line":270,"column":7},"end":{"line":278,"column":7}},"type":"binary-expr","locations":[{"start":{"line":270,"column":7},"end":{"line":270,"column":16}},{"start":{"line":271,"column":8},"end":{"line":277,"column":29}}],"line":270},"35":{"loc":{"start":{"line":279,"column":18},"end":{"line":279,"column":56}},"type":"cond-expr","locations":[{"start":{"line":279,"column":33},"end":{"line":279,"column":42}},{"start":{"line":279,"column":45},"end":{"line":279,"column":56}}],"line":279},"36":{"loc":{"start":{"line":308,"column":12},"end":{"line":308,"column":61}},"type":"binary-expr","locations":[{"start":{"line":308,"column":13},"end":{"line":308,"column":26}},{"start":{"line":308,"column":30},"end":{"line":308,"column":36}},{"start":{"line":308,"column":41},"end":{"line":308,"column":61}}],"line":308},"37":{"loc":{"start":{"line":312,"column":7},"end":{"line":335,"column":7}},"type":"binary-expr","locations":[{"start":{"line":312,"column":7},"end":{"line":312,"column":19}},{"start":{"line":313,"column":8},"end":{"line":334,"column":33}}],"line":312},"38":{"loc":{"start":{"line":323,"column":17},"end":{"line":329,"column":17}},"type":"binary-expr","locations":[{"start":{"line":323,"column":17},"end":{"line":323,"column":51}},{"start":{"line":324,"column":18},"end":{"line":328,"column":20}}],"line":323}},"s":{"0":1,"1":27,"2":1,"3":27,"4":1,"5":1,"6":1,"7":1,"8":14,"9":14,"10":1,"11":42,"12":42,"13":1,"14":1,"15":27,"16":27,"17":27,"18":10,"19":10,"20":10,"21":3,"22":3,"23":3,"24":0,"25":27,"26":6,"27":6,"28":4,"29":1,"30":4,"31":0,"32":4,"33":2,"34":0,"35":2,"36":27,"37":0,"38":0,"39":0,"40":0,"41":0,"42":0,"43":27,"44":5,"45":5,"46":5,"47":1,"48":1,"49":1,"50":1,"51":1,"52":1,"53":1,"54":1,"55":1,"56":3,"57":1,"58":1,"59":1,"60":1,"61":1,"62":2,"63":2,"64":2,"65":2,"66":3,"67":0,"68":27,"69":8,"70":8,"71":8,"72":8,"73":27,"74":0,"75":27,"76":10,"77":10,"78":10,"79":0,"80":42,"81":5,"82":1,"83":1,"84":1,"85":1,"86":1},"f":{"0":27,"1":27,"2":14,"3":42,"4":27,"5":10,"6":3,"7":6,"8":6,"9":1,"10":0,"11":0,"12":5,"13":5,"14":8,"15":8,"16":0,"17":10,"18":10,"19":0,"20":42,"21":5},"b":{"0":[14,13],"1":[14,13],"2":[27],"3":[27],"4":[27],"5":[27],"6":[27],"7":[27],"8":[27],"9":[16],"10":[27],"11":[27],"12":[26],"13":[3,7],"14":[10,7,7],"15":[0,3],"16":[4,2],"17":[1,3],"18":[0,4],"19":[0,2],"20":[0,0],"21":[1,1,3,0],"22":[1,1],"23":[1,0],"24":[1,0],"25":[1,1],"26":[1,0],"27":[1,2],"28":[3,3],"29":[1,0],"30":[1,0],"31":[2,0],"32":[2,2],"33":[2,0],"34":[27,0],"35":[14,13],"36":[27,1,26],"37":[27,14],"38":[42,4]},"_coverageSchema":"1a1c01bbd47fc00a2c39e90264f33305004495a9","hash":"f8c2f1c54801deeb52e36123e79d6d5455f0121c"}
,"/home/runner/work/rasa-ui/rasa-ui/packages/hs-react-ui/src/components/Label/Label.tsx": {"path":"/home/runner/work/rasa-ui/rasa-ui/packages/hs-react-ui/src/components/Label/Label.tsx","statementMap":{"0":{"start":{"line":8,"column":34},"end":{"line":19,"column":1}},"1":{"start":{"line":10,"column":26},"end":{"line":10,"column":37}},"2":{"start":{"line":11,"column":23},"end":{"line":11,"column":41}},"3":{"start":{"line":12,"column":4},"end":{"line":17,"column":6}},"4":{"start":{"line":21,"column":42},"end":{"line":21,"column":55}},"5":{"start":{"line":23,"column":43},"end":{"line":23,"column":56}},"6":{"start":{"line":25,"column":35},"end":{"line":28,"column":1}},"7":{"start":{"line":45,"column":14},"end":{"line":87,"column":1}},"8":{"start":{"line":59,"column":17},"end":{"line":59,"column":28}},"9":{"start":{"line":63,"column":2},"end":{"line":72,"column":3}},"10":{"start":{"line":64,"column":4},"end":{"line":64,"column":46}},"11":{"start":{"line":65,"column":4},"end":{"line":65,"column":29}},"12":{"start":{"line":66,"column":9},"end":{"line":72,"column":3}},"13":{"start":{"line":67,"column":4},"end":{"line":67,"column":52}},"14":{"start":{"line":68,"column":4},"end":{"line":68,"column":46}},"15":{"start":{"line":70,"column":4},"end":{"line":70,"column":43}},"16":{"start":{"line":71,"column":4},"end":{"line":71,"column":46}},"17":{"start":{"line":74,"column":2},"end":{"line":86,"column":4}},"18":{"start":{"line":89,"column":0},"end":{"line":89,"column":51}},"19":{"start":{"line":90,"column":0},"end":{"line":90,"column":49}},"20":{"start":{"line":91,"column":0},"end":{"line":91,"column":33}},"21":{"start":{"line":92,"column":0},"end":{"line":92,"column":49}}},"fnMap":{"0":{"name":"(anonymous_0)","decl":{"start":{"line":9,"column":4},"end":{"line":9,"column":5}},"loc":{"start":{"line":9,"column":38},"end":{"line":18,"column":3}},"line":9},"1":{"name":"(anonymous_1)","decl":{"start":{"line":45,"column":14},"end":{"line":45,"column":15}},"loc":{"start":{"line":58,"column":18},"end":{"line":87,"column":1}},"line":58}},"branchMap":{"0":{"loc":{"start":{"line":11,"column":23},"end":{"line":11,"column":41}},"type":"binary-expr","locations":[{"start":{"line":11,"column":23},"end":{"line":11,"column":28}},{"start":{"line":11,"column":32},"end":{"line":11,"column":41}}],"line":11},"1":{"loc":{"start":{"line":47,"column":2},"end":{"line":47,"column":52}},"type":"default-arg","locations":[{"start":{"line":47,"column":25},"end":{"line":47,"column":52}}],"line":47},"2":{"loc":{"start":{"line":48,"column":2},"end":{"line":48,"column":50}},"type":"default-arg","locations":[{"start":{"line":48,"column":24},"end":{"line":48,"column":50}}],"line":48},"3":{"loc":{"start":{"line":49,"column":2},"end":{"line":49,"column":34}},"type":"default-arg","locations":[{"start":{"line":49,"column":16},"end":{"line":49,"column":34}}],"line":49},"4":{"loc":{"start":{"line":50,"column":2},"end":{"line":50,"column":50}},"type":"default-arg","locations":[{"start":{"line":50,"column":24},"end":{"line":50,"column":50}}],"line":50},"5":{"loc":{"start":{"line":55,"column":2},"end":{"line":55,"column":21}},"type":"default-arg","locations":[{"start":{"line":55,"column":12},"end":{"line":55,"column":21}}],"line":55},"6":{"loc":{"start":{"line":56,"column":2},"end":{"line":56,"column":20}},"type":"default-arg","locations":[{"start":{"line":56,"column":15},"end":{"line":56,"column":20}}],"line":56},"7":{"loc":{"start":{"line":63,"column":2},"end":{"line":72,"column":3}},"type":"if","locations":[{"start":{"line":63,"column":2},"end":{"line":72,"column":3}},{"start":{"line":63,"column":2},"end":{"line":72,"column":3}}],"line":63},"8":{"loc":{"start":{"line":64,"column":17},"end":{"line":64,"column":45}},"type":"binary-expr","locations":[{"start":{"line":64,"column":17},"end":{"line":64,"column":27}},{"start":{"line":64,"column":31},"end":{"line":64,"column":45}}],"line":64},"9":{"loc":{"start":{"line":66,"column":9},"end":{"line":72,"column":3}},"type":"if","locations":[{"start":{"line":66,"column":9},"end":{"line":72,"column":3}},{"start":{"line":66,"column":9},"end":{"line":72,"column":3}}],"line":66},"10":{"loc":{"start":{"line":67,"column":17},"end":{"line":67,"column":51}},"type":"binary-expr","locations":[{"start":{"line":67,"column":17},"end":{"line":67,"column":29}},{"start":{"line":67,"column":33},"end":{"line":67,"column":51}}],"line":67},"11":{"loc":{"start":{"line":68,"column":16},"end":{"line":68,"column":45}},"type":"cond-expr","locations":[{"start":{"line":68,"column":29},"end":{"line":68,"column":40}},{"start":{"line":68,"column":43},"end":{"line":68,"column":45}}],"line":68},"12":{"loc":{"start":{"line":70,"column":17},"end":{"line":70,"column":42}},"type":"binary-expr","locations":[{"start":{"line":70,"column":17},"end":{"line":70,"column":22}},{"start":{"line":70,"column":26},"end":{"line":70,"column":42}}],"line":70},"13":{"loc":{"start":{"line":71,"column":16},"end":{"line":71,"column":45}},"type":"cond-expr","locations":[{"start":{"line":71,"column":29},"end":{"line":71,"column":40}},{"start":{"line":71,"column":43},"end":{"line":71,"column":45}}],"line":71}},"s":{"0":1,"1":4,"2":4,"3":4,"4":1,"5":1,"6":1,"7":1,"8":4,"9":4,"10":1,"11":1,"12":3,"13":1,"14":1,"15":2,"16":2,"17":4,"18":1,"19":1,"20":1,"21":1},"f":{"0":4,"1":4},"b":{"0":[4,0],"1":[4],"2":[4],"3":[4],"4":[4],"5":[4],"6":[1],"7":[1,3],"8":[1,0],"9":[1,2],"10":[1,0],"11":[1,0],"12":[2,1],"13":[1,1]},"_coverageSchema":"1a1c01bbd47fc00a2c39e90264f33305004495a9","hash":"e44541b07034bec44edadf302834fd88a5b7a16e"}
,"/home/runner/work/rasa-ui/rasa-ui/packages/hs-react-ui/src/components/Modal/Modal.tsx": {"path":"/home/runner/work/rasa-ui/rasa-ui/packages/hs-react-ui/src/components/Modal/Modal.tsx","statementMap":{"0":{"start":{"line":9,"column":17},"end":{"line":23,"column":1}},"1":{"start":{"line":10,"column":48},"end":{"line":22,"column":3}},"2":{"start":{"line":25,"column":18},"end":{"line":32,"column":1}},"3":{"start":{"line":35,"column":20},"end":{"line":35,"column":36}},"4":{"start":{"line":37,"column":29},"end":{"line":69,"column":1}},"5":{"start":{"line":41,"column":4},"end":{"line":58,"column":5}},"6":{"start":{"line":43,"column":8},"end":{"line":43,"column":27}},"7":{"start":{"line":44,"column":8},"end":{"line":44,"column":30}},"8":{"start":{"line":45,"column":8},"end":{"line":45,"column":14}},"9":{"start":{"line":47,"column":8},"end":{"line":47,"column":27}},"10":{"start":{"line":48,"column":8},"end":{"line":48,"column":30}},"11":{"start":{"line":49,"column":8},"end":{"line":49,"column":14}},"12":{"start":{"line":51,"column":8},"end":{"line":51,"column":26}},"13":{"start":{"line":52,"column":8},"end":{"line":52,"column":27}},"14":{"start":{"line":53,"column":8},"end":{"line":53,"column":14}},"15":{"start":{"line":55,"column":8},"end":{"line":55,"column":26}},"16":{"start":{"line":56,"column":8},"end":{"line":56,"column":30}},"17":{"start":{"line":57,"column":8},"end":{"line":57,"column":14}},"18":{"start":{"line":60,"column":4},"end":{"line":67,"column":6}},"19":{"start":{"line":88,"column":14},"end":{"line":142,"column":1}},"20":{"start":{"line":101,"column":17},"end":{"line":101,"column":28}},"21":{"start":{"line":102,"column":2},"end":{"line":141,"column":4}},"22":{"start":{"line":144,"column":0},"end":{"line":144,"column":26}},"23":{"start":{"line":145,"column":0},"end":{"line":145,"column":50}},"24":{"start":{"line":146,"column":0},"end":{"line":146,"column":28}}},"fnMap":{"0":{"name":"(anonymous_0)","decl":{"start":{"line":10,"column":4},"end":{"line":10,"column":5}},"loc":{"start":{"line":10,"column":48},"end":{"line":22,"column":3}},"line":10},"1":{"name":"(anonymous_1)","decl":{"start":{"line":38,"column":4},"end":{"line":38,"column":5}},"loc":{"start":{"line":38,"column":70},"end":{"line":68,"column":3}},"line":38},"2":{"name":"(anonymous_2)","decl":{"start":{"line":88,"column":14},"end":{"line":88,"column":15}},"loc":{"start":{"line":100,"column":18},"end":{"line":142,"column":1}},"line":100},"3":{"name":"(anonymous_3)","decl":{"start":{"line":95,"column":19},"end":{"line":95,"column":20}},"loc":{"start":{"line":95,"column":25},"end":{"line":95,"column":27}},"line":95},"4":{"name":"(anonymous_4)","decl":{"start":{"line":96,"column":12},"end":{"line":96,"column":13}},"loc":{"start":{"line":96,"column":18},"end":{"line":96,"column":20}},"line":96}},"branchMap":{"0":{"loc":{"start":{"line":41,"column":4},"end":{"line":58,"column":5}},"type":"switch","locations":[{"start":{"line":42,"column":6},"end":{"line":45,"column":14}},{"start":{"line":46,"column":6},"end":{"line":49,"column":14}},{"start":{"line":50,"column":6},"end":{"line":53,"column":14}},{"start":{"line":54,"column":6},"end":{"line":57,"column":14}}],"line":41},"1":{"loc":{"start":{"line":89,"column":2},"end":{"line":89,"column":29}},"type":"default-arg","locations":[{"start":{"line":89,"column":20},"end":{"line":89,"column":29}}],"line":89},"2":{"loc":{"start":{"line":90,"column":2},"end":{"line":90,"column":27}},"type":"default-arg","locations":[{"start":{"line":90,"column":19},"end":{"line":90,"column":27}}],"line":90},"3":{"loc":{"start":{"line":91,"column":2},"end":{"line":91,"column":33}},"type":"default-arg","locations":[{"start":{"line":91,"column":22},"end":{"line":91,"column":33}}],"line":91},"4":{"loc":{"start":{"line":92,"column":2},"end":{"line":92,"column":51}},"type":"default-arg","locations":[{"start":{"line":92,"column":31},"end":{"line":92,"column":51}}],"line":92},"5":{"loc":{"start":{"line":93,"column":2},"end":{"line":93,"column":23}},"type":"default-arg","locations":[{"start":{"line":93,"column":21},"end":{"line":93,"column":23}}],"line":93},"6":{"loc":{"start":{"line":95,"column":2},"end":{"line":95,"column":27}},"type":"default-arg","locations":[{"start":{"line":95,"column":19},"end":{"line":95,"column":27}}],"line":95},"7":{"loc":{"start":{"line":96,"column":2},"end":{"line":96,"column":20}},"type":"default-arg","locations":[{"start":{"line":96,"column":12},"end":{"line":96,"column":20}}],"line":96},"8":{"loc":{"start":{"line":97,"column":2},"end":{"line":97,"column":34}},"type":"default-arg","locations":[{"start":{"line":97,"column":26},"end":{"line":97,"column":34}}],"line":97},"9":{"loc":{"start":{"line":98,"column":2},"end":{"line":98,"column":27}},"type":"default-arg","locations":[{"start":{"line":98,"column":19},"end":{"line":98,"column":27}}],"line":98},"10":{"loc":{"start":{"line":99,"column":2},"end":{"line":99,"column":26}},"type":"default-arg","locations":[{"start":{"line":99,"column":23},"end":{"line":99,"column":26}}],"line":99},"11":{"loc":{"start":{"line":104,"column":7},"end":{"line":117,"column":7}},"type":"binary-expr","locations":[{"start":{"line":104,"column":7},"end":{"line":104,"column":41}},{"start":{"line":105,"column":8},"end":{"line":116,"column":10}}],"line":104},"12":{"loc":{"start":{"line":120,"column":9},"end":{"line":133,"column":9}},"type":"binary-expr","locations":[{"start":{"line":120,"column":9},"end":{"line":120,"column":43}},{"start":{"line":121,"column":10},"end":{"line":132,"column":12}}],"line":120},"13":{"loc":{"start":{"line":127,"column":19},"end":{"line":127,"column":91}},"type":"cond-expr","locations":[{"start":{"line":127,"column":56},"end":{"line":127,"column":71}},{"start":{"line":127,"column":74},"end":{"line":127,"column":91}}],"line":127},"14":{"loc":{"start":{"line":128,"column":23},"end":{"line":128,"column":65}},"type":"cond-expr","locations":[{"start":{"line":128,"column":60},"end":{"line":128,"column":61}},{"start":{"line":128,"column":64},"end":{"line":128,"column":65}}],"line":128}},"s":{"0":0,"1":0,"2":0,"3":0,"4":0,"5":0,"6":0,"7":0,"8":0,"9":0,"10":0,"11":0,"12":0,"13":0,"14":0,"15":0,"16":0,"17":0,"18":0,"19":0,"20":0,"21":0,"22":0,"23":0,"24":0},"f":{"0":0,"1":0,"2":0,"3":0,"4":0},"b":{"0":[0,0,0,0],"1":[0],"2":[0],"3":[0],"4":[0],"5":[0],"6":[0],"7":[0],"8":[0],"9":[0],"10":[0],"11":[0,0],"12":[0,0],"13":[0,0],"14":[0,0]}}
,"/home/runner/work/rasa-ui/rasa-ui/packages/hs-react-ui/src/components/Progress/Progress.tsx": {"path":"/home/runner/work/rasa-ui/rasa-ui/packages/hs-react-ui/src/components/Progress/Progress.tsx","statementMap":{"0":{"start":{"line":5,"column":30},"end":{"line":8,"column":1}},"1":{"start":{"line":11,"column":25},"end":{"line":13,"column":1}},"2":{"start":{"line":17,"column":17},"end":{"line":35,"column":1}},"3":{"start":{"line":18,"column":10},"end":{"line":34,"column":3}}},"fnMap":{"0":{"name":"(anonymous_0)","decl":{"start":{"line":18,"column":4},"end":{"line":18,"column":5}},"loc":{"start":{"line":18,"column":10},"end":{"line":34,"column":3}},"line":18}},"branchMap":{},"s":{"0":3,"1":3,"2":3,"3":3},"f":{"0":3},"b":{},"_coverageSchema":"1a1c01bbd47fc00a2c39e90264f33305004495a9","hash":"c1f4b65871edb6c77f8f60658335d1e94e5c4248"}
,"/home/runner/work/rasa-ui/rasa-ui/packages/hs-react-ui/src/components/RangeSlider/RangeSlider.tsx": {"path":"/home/runner/work/rasa-ui/rasa-ui/packages/hs-react-ui/src/components/RangeSlider/RangeSlider.tsx","statementMap":{"0":{"start":{"line":24,"column":25},"end":{"line":65,"column":1}},"1":{"start":{"line":25,"column":95},"end":{"line":64,"column":3}},"2":{"start":{"line":67,"column":26},"end":{"line":89,"column":1}},"3":{"start":{"line":69,"column":36},"end":{"line":69,"column":47}},"4":{"start":{"line":70,"column":24},"end":{"line":70,"column":40}},"5":{"start":{"line":71,"column":4},"end":{"line":87,"column":6}},"6":{"start":{"line":91,"column":27},"end":{"line":108,"column":1}},"7":{"start":{"line":93,"column":27},"end":{"line":93,"column":38}},"8":{"start":{"line":94,"column":4},"end":{"line":106,"column":6}},"9":{"start":{"line":110,"column":25},"end":{"line":127,"column":1}},"10":{"start":{"line":112,"column":27},"end":{"line":112,"column":38}},"11":{"start":{"line":113,"column":4},"end":{"line":125,"column":6}},"12":{"start":{"line":129,"column":33},"end":{"line":144,"column":1}},"13":{"start":{"line":131,"column":24},"end":{"line":131,"column":35}},"14":{"start":{"line":132,"column":4},"end":{"line":142,"column":6}},"15":{"start":{"line":146,"column":27},"end":{"line":157,"column":1}},"16":{"start":{"line":148,"column":27},"end":{"line":148,"column":38}},"17":{"start":{"line":149,"column":4},"end":{"line":155,"column":6}},"18":{"start":{"line":176,"column":4},"end":{"line":176,"column":24}},"19":{"start":{"line":185,"column":24},"end":{"line":185,"column":29}},"20":{"start":{"line":186,"column":26},"end":{"line":198,"column":8}},"21":{"start":{"line":190,"column":8},"end":{"line":192,"column":9}},"22":{"start":{"line":191,"column":10},"end":{"line":191,"column":45}},"23":{"start":{"line":193,"column":8},"end":{"line":195,"column":9}},"24":{"start":{"line":194,"column":10},"end":{"line":194,"column":33}},"25":{"start":{"line":196,"column":8},"end":{"line":196,"column":19}},"26":{"start":{"line":199,"column":24},"end":{"line":205,"column":3}},"27":{"start":{"line":201,"column":49},"end":{"line":201,"column":58}},"28":{"start":{"line":204,"column":56},"end":{"line":204,"column":65}},"29":{"start":{"line":207,"column":17},"end":{"line":207,"column":26}},"30":{"start":{"line":210,"column":22},"end":{"line":210,"column":31}},"31":{"start":{"line":211,"column":24},"end":{"line":211,"column":85}},"32":{"start":{"line":211,"column":39},"end":{"line":211,"column":66}},"33":{"start":{"line":212,"column":18},"end":{"line":212,"column":30}},"34":{"start":{"line":215,"column":44},"end":{"line":215,"column":56}},"35":{"start":{"line":219,"column":30},"end":{"line":219,"column":70}},"36":{"start":{"line":220,"column":25},"end":{"line":222,"column":3}},"37":{"start":{"line":221,"column":24},"end":{"line":221,"column":65}},"38":{"start":{"line":225,"column":26},"end":{"line":228,"column":3}},"39":{"start":{"line":226,"column":11},"end":{"line":226,"column":89}},"40":{"start":{"line":230,"column":15},"end":{"line":268,"column":3}},"41":{"start":{"line":232,"column":20},"end":{"line":232,"column":58}},"42":{"start":{"line":233,"column":6},"end":{"line":233,"column":51}},"43":{"start":{"line":234,"column":6},"end":{"line":244,"column":7}},"44":{"start":{"line":235,"column":8},"end":{"line":243,"column":11}},"45":{"start":{"line":236,"column":27},"end":{"line":236,"column":61}},"46":{"start":{"line":237,"column":10},"end":{"line":239,"column":11}},"47":{"start":{"line":238,"column":12},"end":{"line":238,"column":19}},"48":{"start":{"line":242,"column":10},"end":{"line":242,"column":94}},"49":{"start":{"line":246,"column":6},"end":{"line":246,"column":38}},"50":{"start":{"line":247,"column":6},"end":{"line":247,"column":22}},"51":{"start":{"line":248,"column":6},"end":{"line":254,"column":9}},"52":{"start":{"line":270,"column":2},"end":{"line":278,"column":28}},"53":{"start":{"line":271,"column":4},"end":{"line":277,"column":7}},"54":{"start":{"line":280,"column":2},"end":{"line":329,"column":4}},"55":{"start":{"line":306,"column":8},"end":{"line":316,"column":27}}},"fnMap":{"0":{"name":"(anonymous_0)","decl":{"start":{"line":25,"column":4},"end":{"line":25,"column":5}},"loc":{"start":{"line":25,"column":95},"end":{"line":64,"column":3}},"line":25},"1":{"name":"(anonymous_1)","decl":{"start":{"line":68,"column":4},"end":{"line":68,"column":5}},"loc":{"start":{"line":68,"column":54},"end":{"line":88,"column":3}},"line":68},"2":{"name":"(anonymous_2)","decl":{"start":{"line":92,"column":4},"end":{"line":92,"column":5}},"loc":{"start":{"line":92,"column":44},"end":{"line":107,"column":3}},"line":92},"3":{"name":"(anonymous_3)","decl":{"start":{"line":111,"column":4},"end":{"line":111,"column":5}},"loc":{"start":{"line":111,"column":10},"end":{"line":126,"column":3}},"line":111},"4":{"name":"(anonymous_4)","decl":{"start":{"line":130,"column":4},"end":{"line":130,"column":5}},"loc":{"start":{"line":130,"column":57},"end":{"line":143,"column":3}},"line":130},"5":{"name":"(anonymous_5)","decl":{"start":{"line":147,"column":4},"end":{"line":147,"column":5}},"loc":{"start":{"line":147,"column":40},"end":{"line":156,"column":3}},"line":147},"6":{"name":"(anonymous_6)","decl":{"start":{"line":159,"column":15},"end":{"line":159,"column":16}},"loc":{"start":{"line":184,"column":44},"end":{"line":330,"column":1}},"line":184},"7":{"name":"(anonymous_7)","decl":{"start":{"line":175,"column":11},"end":{"line":175,"column":12}},"loc":{"start":{"line":175,"column":31},"end":{"line":177,"column":3}},"line":175},"8":{"name":"(anonymous_8)","decl":{"start":{"line":189,"column":17},"end":{"line":189,"column":18}},"loc":{"start":{"line":189,"column":46},"end":{"line":197,"column":7}},"line":189},"9":{"name":"(anonymous_9)","decl":{"start":{"line":201,"column":29},"end":{"line":201,"column":30}},"loc":{"start":{"line":201,"column":49},"end":{"line":201,"column":58}},"line":201},"10":{"name":"(anonymous_10)","decl":{"start":{"line":204,"column":36},"end":{"line":204,"column":37}},"loc":{"start":{"line":204,"column":56},"end":{"line":204,"column":65}},"line":204},"11":{"name":"(anonymous_11)","decl":{"start":{"line":211,"column":33},"end":{"line":211,"column":34}},"loc":{"start":{"line":211,"column":39},"end":{"line":211,"column":66}},"line":211},"12":{"name":"(anonymous_12)","decl":{"start":{"line":221,"column":4},"end":{"line":221,"column":5}},"loc":{"start":{"line":221,"column":24},"end":{"line":221,"column":65}},"line":221},"13":{"name":"(anonymous_13)","decl":{"start":{"line":226,"column":4},"end":{"line":226,"column":5}},"loc":{"start":{"line":226,"column":11},"end":{"line":226,"column":89}},"line":226},"14":{"name":"(anonymous_14)","decl":{"start":{"line":231,"column":4},"end":{"line":231,"column":5}},"loc":{"start":{"line":231,"column":66},"end":{"line":255,"column":5}},"line":231},"15":{"name":"(anonymous_15)","decl":{"start":{"line":235,"column":30},"end":{"line":235,"column":31}},"loc":{"start":{"line":235,"column":36},"end":{"line":243,"column":9}},"line":235},"16":{"name":"(anonymous_16)","decl":{"start":{"line":270,"column":12},"end":{"line":270,"column":13}},"loc":{"start":{"line":270,"column":18},"end":{"line":278,"column":3}},"line":270},"17":{"name":"(anonymous_17)","decl":{"start":{"line":305,"column":27},"end":{"line":305,"column":28}},"loc":{"start":{"line":306,"column":8},"end":{"line":316,"column":27}},"line":306}},"branchMap":{"0":{"loc":{"start":{"line":25,"column":52},"end":{"line":25,"column":72}},"type":"default-arg","locations":[{"start":{"line":25,"column":67},"end":{"line":25,"column":72}}],"line":25},"1":{"loc":{"start":{"line":34,"column":6},"end":{"line":34,"column":45}},"type":"cond-expr","locations":[{"start":{"line":34,"column":21},"end":{"line":34,"column":40}},{"start":{"line":34,"column":43},"end":{"line":34,"column":45}}],"line":34},"2":{"loc":{"start":{"line":39,"column":6},"end":{"line":44,"column":12}},"type":"cond-expr","locations":[{"start":{"line":40,"column":10},"end":{"line":43,"column":5}},{"start":{"line":44,"column":10},"end":{"line":44,"column":12}}],"line":39},"3":{"loc":{"start":{"line":48,"column":6},"end":{"line":53,"column":12}},"type":"cond-expr","locations":[{"start":{"line":49,"column":10},"end":{"line":52,"column":7}},{"start":{"line":53,"column":10},"end":{"line":53,"column":12}}],"line":48},"4":{"loc":{"start":{"line":57,"column":6},"end":{"line":62,"column":12}},"type":"cond-expr","locations":[{"start":{"line":58,"column":10},"end":{"line":61,"column":5}},{"start":{"line":62,"column":10},"end":{"line":62,"column":12}}],"line":57},"5":{"loc":{"start":{"line":68,"column":7},"end":{"line":68,"column":27}},"type":"default-arg","locations":[{"start":{"line":68,"column":22},"end":{"line":68,"column":27}}],"line":68},"6":{"loc":{"start":{"line":70,"column":24},"end":{"line":70,"column":40}},"type":"binary-expr","locations":[{"start":{"line":70,"column":24},"end":{"line":70,"column":29}},{"start":{"line":70,"column":33},"end":{"line":70,"column":40}}],"line":70},"7":{"loc":{"start":{"line":86,"column":16},"end":{"line":86,"column":50}},"type":"cond-expr","locations":[{"start":{"line":86,"column":31},"end":{"line":86,"column":41}},{"start":{"line":86,"column":44},"end":{"line":86,"column":50}}],"line":86},"8":{"loc":{"start":{"line":92,"column":7},"end":{"line":92,"column":19}},"type":"default-arg","locations":[{"start":{"line":92,"column":18},"end":{"line":92,"column":19}}],"line":92},"9":{"loc":{"start":{"line":160,"column":2},"end":{"line":160,"column":29}},"type":"default-arg","locations":[{"start":{"line":160,"column":20},"end":{"line":160,"column":29}}],"line":160},"10":{"loc":{"start":{"line":161,"column":2},"end":{"line":161,"column":31}},"type":"default-arg","locations":[{"start":{"line":161,"column":21},"end":{"line":161,"column":31}}],"line":161},"11":{"loc":{"start":{"line":162,"column":2},"end":{"line":162,"column":33}},"type":"default-arg","locations":[{"start":{"line":162,"column":22},"end":{"line":162,"column":33}}],"line":162},"12":{"loc":{"start":{"line":163,"column":2},"end":{"line":163,"column":29}},"type":"default-arg","locations":[{"start":{"line":163,"column":20},"end":{"line":163,"column":29}}],"line":163},"13":{"loc":{"start":{"line":164,"column":2},"end":{"line":164,"column":45}},"type":"default-arg","locations":[{"start":{"line":164,"column":28},"end":{"line":164,"column":45}}],"line":164},"14":{"loc":{"start":{"line":165,"column":2},"end":{"line":165,"column":33}},"type":"default-arg","locations":[{"start":{"line":165,"column":22},"end":{"line":165,"column":33}}],"line":165},"15":{"loc":{"start":{"line":167,"column":2},"end":{"line":167,"column":25}},"type":"default-arg","locations":[{"start":{"line":167,"column":21},"end":{"line":167,"column":25}}],"line":167},"16":{"loc":{"start":{"line":168,"column":2},"end":{"line":168,"column":26}},"type":"default-arg","locations":[{"start":{"line":168,"column":22},"end":{"line":168,"column":26}}],"line":168},"17":{"loc":{"start":{"line":170,"column":2},"end":{"line":170,"column":20}},"type":"default-arg","locations":[{"start":{"line":170,"column":15},"end":{"line":170,"column":20}}],"line":170},"18":{"loc":{"start":{"line":171,"column":2},"end":{"line":171,"column":24}},"type":"default-arg","locations":[{"start":{"line":171,"column":20},"end":{"line":171,"column":24}}],"line":171},"19":{"loc":{"start":{"line":173,"column":2},"end":{"line":173,"column":22}},"type":"default-arg","locations":[{"start":{"line":173,"column":21},"end":{"line":173,"column":22}}],"line":173},"20":{"loc":{"start":{"line":174,"column":2},"end":{"line":174,"column":16}},"type":"default-arg","locations":[{"start":{"line":174,"column":13},"end":{"line":174,"column":16}}],"line":174},"21":{"loc":{"start":{"line":175,"column":2},"end":{"line":177,"column":3}},"type":"default-arg","locations":[{"start":{"line":175,"column":11},"end":{"line":177,"column":3}}],"line":175},"22":{"loc":{"start":{"line":178,"column":2},"end":{"line":178,"column":18}},"type":"default-arg","locations":[{"start":{"line":178,"column":13},"end":{"line":178,"column":18}}],"line":178},"23":{"loc":{"start":{"line":186,"column":26},"end":{"line":198,"column":8}},"type":"cond-expr","locations":[{"start":{"line":189,"column":6},"end":{"line":197,"column":8}},{"start":{"line":198,"column":6},"end":{"line":198,"column":8}}],"line":186},"24":{"loc":{"start":{"line":190,"column":8},"end":{"line":192,"column":9}},"type":"if","locations":[{"start":{"line":190,"column":8},"end":{"line":192,"column":9}},{"start":{"line":190,"column":8},"end":{"line":192,"column":9}}],"line":190},"25":{"loc":{"start":{"line":193,"column":8},"end":{"line":195,"column":9}},"type":"if","locations":[{"start":{"line":193,"column":8},"end":{"line":195,"column":9}},{"start":{"line":193,"column":8},"end":{"line":195,"column":9}}],"line":193},"26":{"loc":{"start":{"line":202,"column":6},"end":{"line":202,"column":73}},"type":"cond-expr","locations":[{"start":{"line":202,"column":59},"end":{"line":202,"column":62}},{"start":{"line":202,"column":65},"end":{"line":202,"column":73}}],"line":202},"27":{"loc":{"start":{"line":202,"column":6},"end":{"line":202,"column":56}},"type":"binary-expr","locations":[{"start":{"line":202,"column":6},"end":{"line":202,"column":23}},{"start":{"line":202,"column":27},"end":{"line":202,"column":33}},{"start":{"line":202,"column":37},"end":{"line":202,"column":56}}],"line":202},"28":{"loc":{"start":{"line":234,"column":6},"end":{"line":244,"column":7}},"type":"if","locations":[{"start":{"line":234,"column":6},"end":{"line":244,"column":7}},{"start":{"line":234,"column":6},"end":{"line":244,"column":7}}],"line":234},"29":{"loc":{"start":{"line":236,"column":27},"end":{"line":236,"column":61}},"type":"binary-exp
[...]
,"/home/runner/work/rasa-ui/rasa-ui/packages/hs-react-ui/src/components/TextInput/TextInput.tsx": {"path":"/home/runner/work/rasa-ui/rasa-ui/packages/hs-react-ui/src/components/TextInput/TextInput.tsx","statementMap":{"0":{"start":{"line":9,"column":18},"end":{"line":22,"column":1}},"1":{"start":{"line":11,"column":52},"end":{"line":11,"column":63}},"2":{"start":{"line":12,"column":4},"end":{"line":20,"column":4}},"3":{"start":{"line":24,"column":27},"end":{"line":37,"column":1}},"4":{"start":{"line":26,"column":28},"end":{"line":26,"column":39}},"5":{"start":{"line":27,"column":4},"end":{"line":35,"column":4}},"6":{"start":{"line":39,"column":31},"end":{"line":54,"column":1}},"7":{"start":{"line":41,"column":28},"end":{"line":41,"column":39}},"8":{"start":{"line":42,"column":4},"end":{"line":52,"column":6}},"9":{"start":{"line":56,"column":22},"end":{"line":69,"column":1}},"10":{"start":{"line":58,"column":27},"end":{"line":58,"column":38}},"11":{"start":{"line":59,"column":4},"end":{"line":67,"column":6}},"12":{"start":{"line":71,"column":23},"end":{"line":81,"column":1}},"13":{"start":{"line":73,"column":28},"end":{"line":73,"column":39}},"14":{"start":{"line":74,"column":4},"end":{"line":79,"column":6}},"15":{"start":{"line":113,"column":19},"end":{"line":126,"column":1}},"16":{"start":{"line":117,"column":2},"end":{"line":123,"column":3}},"17":{"start":{"line":118,"column":4},"end":{"line":122,"column":6}},"18":{"start":{"line":125,"column":2},"end":{"line":125,"column":65}},"19":{"start":{"line":128,"column":24},"end":{"line":128,"column":32}},"20":{"start":{"line":130,"column":18},"end":{"line":206,"column":1}},"21":{"start":{"line":160,"column":26},"end":{"line":160,"column":88}},"22":{"start":{"line":164,"column":62},"end":{"line":164,"column":80}},"23":{"start":{"line":165,"column":2},"end":{"line":169,"column":3}},"24":{"start":{"line":166,"column":4},"end":{"line":166,"column":33}},"25":{"start":{"line":167,"column":9},"end":{"line":169,"column":3}},"26":{"start":{"line":168,"column":4},"end":{"line":168,"column":44}},"27":{"start":{"line":171,"column":2},"end":{"line":205,"column":4}},"28":{"start":{"line":182,"column":10},"end":{"line":182,"column":22}},"29":{"start":{"line":183,"column":10},"end":{"line":183,"column":22}},"30":{"start":{"line":184,"column":10},"end":{"line":184,"column":29}},"31":{"start":{"line":208,"column":0},"end":{"line":208,"column":32}},"32":{"start":{"line":209,"column":0},"end":{"line":209,"column":37}},"33":{"start":{"line":210,"column":0},"end":{"line":210,"column":40}},"34":{"start":{"line":211,"column":0},"end":{"line":211,"column":44}}},"fnMap":{"0":{"name":"(anonymous_0)","decl":{"start":{"line":10,"column":4},"end":{"line":10,"column":5}},"loc":{"start":{"line":10,"column":44},"end":{"line":21,"column":3}},"line":10},"1":{"name":"(anonymous_1)","decl":{"start":{"line":25,"column":4},"end":{"line":25,"column":5}},"loc":{"start":{"line":25,"column":10},"end":{"line":36,"column":3}},"line":25},"2":{"name":"(anonymous_2)","decl":{"start":{"line":40,"column":4},"end":{"line":40,"column":5}},"loc":{"start":{"line":40,"column":50},"end":{"line":53,"column":3}},"line":40},"3":{"name":"(anonymous_3)","decl":{"start":{"line":57,"column":4},"end":{"line":57,"column":5}},"loc":{"start":{"line":57,"column":10},"end":{"line":68,"column":3}},"line":57},"4":{"name":"(anonymous_4)","decl":{"start":{"line":72,"column":4},"end":{"line":72,"column":5}},"loc":{"start":{"line":72,"column":10},"end":{"line":80,"column":3}},"line":72},"5":{"name":"(anonymous_5)","decl":{"start":{"line":113,"column":19},"end":{"line":113,"column":20}},"loc":{"start":{"line":116,"column":5},"end":{"line":126,"column":1}},"line":116},"6":{"name":"(anonymous_6)","decl":{"start":{"line":128,"column":24},"end":{"line":128,"column":25}},"loc":{"start":{"line":128,"column":30},"end":{"line":128,"column":32}},"line":128},"7":{"name":"(anonymous_7)","decl":{"start":{"line":130,"column":18},"end":{"line":130,"column":19}},"loc":{"start":{"line":158,"column":22},"end":{"line":206,"column":1}},"line":158},"8":{"name":"(anonymous_8)","decl":{"start":{"line":181,"column":18},"end":{"line":181,"column":19}},"loc":{"start":{"line":181,"column":41},"end":{"line":185,"column":9}},"line":181}},"branchMap":{"0":{"loc":{"start":{"line":13,"column":25},"end":{"line":13,"column":69}},"type":"cond-expr","locations":[{"start":{"line":13,"column":45},"end":{"line":13,"column":56}},{"start":{"line":13,"column":59},"end":{"line":13,"column":69}}],"line":13},"1":{"loc":{"start":{"line":51,"column":16},"end":{"line":51,"column":54}},"type":"cond-expr","locations":[{"start":{"line":51,"column":39},"end":{"line":51,"column":45}},{"start":{"line":51,"column":48},"end":{"line":51,"column":54}}],"line":51},"2":{"loc":{"start":{"line":117,"column":2},"end":{"line":123,"column":3}},"type":"if","locations":[{"start":{"line":117,"column":2},"end":{"line":123,"column":3}},{"start":{"line":117,"column":2},"end":{"line":123,"column":3}}],"line":117},"3":{"loc":{"start":{"line":135,"column":2},"end":{"line":135,"column":28}},"type":"default-arg","locations":[{"start":{"line":135,"column":13},"end":{"line":135,"column":28}}],"line":135},"4":{"loc":{"start":{"line":136,"column":2},"end":{"line":136,"column":37}},"type":"default-arg","locations":[{"start":{"line":136,"column":22},"end":{"line":136,"column":37}}],"line":136},"5":{"loc":{"start":{"line":144,"column":2},"end":{"line":144,"column":11}},"type":"default-arg","locations":[{"start":{"line":144,"column":9},"end":{"line":144,"column":11}}],"line":144},"6":{"loc":{"start":{"line":145,"column":2},"end":{"line":145,"column":11}},"type":"default-arg","locations":[{"start":{"line":145,"column":9},"end":{"line":145,"column":11}}],"line":145},"7":{"loc":{"start":{"line":152,"column":2},"end":{"line":152,"column":15}},"type":"default-arg","locations":[{"start":{"line":152,"column":9},"end":{"line":152,"column":15}}],"line":152},"8":{"loc":{"start":{"line":153,"column":2},"end":{"line":153,"column":29}},"type":"default-arg","locations":[{"start":{"line":153,"column":20},"end":{"line":153,"column":29}}],"line":153},"9":{"loc":{"start":{"line":155,"column":2},"end":{"line":155,"column":37}},"type":"default-arg","locations":[{"start":{"line":155,"column":24},"end":{"line":155,"column":37}}],"line":155},"10":{"loc":{"start":{"line":156,"column":2},"end":{"line":156,"column":22}},"type":"default-arg","locations":[{"start":{"line":156,"column":21},"end":{"line":156,"column":22}}],"line":156},"11":{"loc":{"start":{"line":165,"column":2},"end":{"line":169,"column":3}},"type":"if","locations":[{"start":{"line":165,"column":2},"end":{"line":169,"column":3}},{"start":{"line":165,"column":2},"end":{"line":169,"column":3}}],"line":165},"12":{"loc":{"start":{"line":167,"column":9},"end":{"line":169,"column":3}},"type":"if","locations":[{"start":{"line":167,"column":9},"end":{"line":169,"column":3}},{"start":{"line":167,"column":9},"end":{"line":169,"column":3}}],"line":167},"13":{"loc":{"start":{"line":173,"column":7},"end":{"line":173,"column":64}},"type":"binary-expr","locations":[{"start":{"line":173,"column":7},"end":{"line":173,"column":17}},{"start":{"line":173,"column":21},"end":{"line":173,"column":64}}],"line":173},"14":{"loc":{"start":{"line":193,"column":15},"end":{"line":193,"column":36}},"type":"binary-expr","locations":[{"start":{"line":193,"column":15},"end":{"line":193,"column":20}},{"start":{"line":193,"column":24},"end":{"line":193,"column":36}}],"line":193},"15":{"loc":{"start":{"line":198,"column":7},"end":{"line":202,"column":7}},"type":"binary-expr","locations":[{"start":{"line":198,"column":7},"end":{"line":198,"column":14}},{"start":{"line":199,"column":8},"end":{"line":201,"column":30}}],"line":198},"16":{"loc":{"start":{"line":203,"column":7},"end":{"line":203,"column":91}},"type":"binary-expr","locations":[{"start":{"line":203,"column":7},"end":{"line":203,"column":24}},{"start":{"line":203,"column":28},"end":{"line":203,"column":40}},{"start":{"line":203,"column":44},"end":{"line":203,"column":91}}],"line":203}},"s":{"0":0,"1":0,"2":0,"3":0,"4":0,"5":0,"6":0,"7":0,"8":0,"9":0,"10":0,"11":0,"12":0,"13":0,"14":0,"15":0,"16":0,"17":0,"18":0,"19":0,"20":0,"21":0,"22":0,"23":0,"24":0,"25":0,"26":0,"27":0,"28":0,"29":0,"30":0,"31":0,"32":0,"33":0,"34":0},"f":{"0":0,"1":0,"2":0,"3":0,"4":0,"5":0,"6":0,"7":0,"8":0},"b":{"0":[0,0],"1":[0,0],"2":[0,0],"3":[0],"4":[0],"5":[0],"6":[0],"7":[0],"8":[0],"9":[0],"10":[0],"11":[0,0],"12":[0,0],"13":[0,0],"14":[0,0],"15":[0,0],"16":[0,0,0]}}
,"/home/runner/work/rasa-ui/rasa-ui/packages/hs-react-ui/src/context/index.tsx": {"path":"/home/runner/work/rasa-ui/rasa-ui/packages/hs-react-ui/src/context/index.tsx","statementMap":{"0":{"start":{"line":6,"column":35},"end":{"line":17,"column":1}},"1":{"start":{"line":23,"column":30},"end":{"line":27,"column":2}},"2":{"start":{"line":29,"column":31},"end":{"line":50,"column":1}},"3":{"start":{"line":36,"column":53},"end":{"line":36,"column":58}},"4":{"start":{"line":37,"column":29},"end":{"line":40,"column":3}},"5":{"start":{"line":41,"column":23},"end":{"line":44,"column":3}},"6":{"start":{"line":45,"column":2},"end":{"line":49,"column":4}},"7":{"start":{"line":53,"column":21},"end":{"line":53,"column":47}},"8":{"start":{"line":54,"column":2},"end":{"line":54,"column":16}},"9":{"start":{"line":57,"column":31},"end":{"line":66,"column":1}},"10":{"start":{"line":58,"column":36},"end":{"line":60,"column":3}},"11":{"start":{"line":59,"column":15},"end":{"line":59,"column":33}},"12":{"start":{"line":62,"column":2},"end":{"line":65,"column":4}},"13":{"start":{"line":63,"column":29},"end":{"line":63,"column":55}},"14":{"start":{"line":64,"column":4},"end":{"line":64,"column":80}}},"fnMap":{"0":{"name":"(anonymous_0)","decl":{"start":{"line":29,"column":31},"end":{"line":29,"column":32}},"loc":{"start":{"line":35,"column":6},"end":{"line":50,"column":1}},"line":35},"1":{"name":"useColors","decl":{"start":{"line":52,"column":16},"end":{"line":52,"column":25}},"loc":{"start":{"line":52,"column":47},"end":{"line":55,"column":1}},"line":52},"2":{"name":"(anonymous_2)","decl":{"start":{"line":57,"column":31},"end":{"line":57,"column":32}},"loc":{"start":{"line":57,"column":85},"end":{"line":66,"column":1}},"line":57},"3":{"name":"(anonymous_3)","decl":{"start":{"line":59,"column":6},"end":{"line":59,"column":7}},"loc":{"start":{"line":59,"column":15},"end":{"line":59,"column":33}},"line":59},"4":{"name":"(anonymous_4)","decl":{"start":{"line":62,"column":9},"end":{"line":62,"column":10}},"loc":{"start":{"line":62,"column":25},"end":{"line":65,"column":3}},"line":62}},"branchMap":{"0":{"loc":{"start":{"line":8,"column":4},"end":{"line":14,"column":9}},"type":"cond-expr","locations":[{"start":{"line":9,"column":8},"end":{"line":9,"column":10}},{"start":{"line":10,"column":8},"end":{"line":14,"column":9}}],"line":8},"1":{"loc":{"start":{"line":8,"column":4},"end":{"line":8,"column":61}},"type":"binary-expr","locations":[{"start":{"line":8,"column":4},"end":{"line":8,"column":11}},{"start":{"line":8,"column":15},"end":{"line":8,"column":26}},{"start":{"line":8,"column":30},"end":{"line":8,"column":61}}],"line":8},"2":{"loc":{"start":{"line":36,"column":10},"end":{"line":36,"column":27}},"type":"default-arg","locations":[{"start":{"line":36,"column":25},"end":{"line":36,"column":27}}],"line":36},"3":{"loc":{"start":{"line":36,"column":29},"end":{"line":36,"column":48}},"type":"default-arg","locations":[{"start":{"line":36,"column":38},"end":{"line":36,"column":48}}],"line":36}},"s":{"0":7,"1":7,"2":7,"3":0,"4":0,"5":0,"6":0,"7":183,"8":183,"9":7,"10":66,"11":267,"12":66,"13":267,"14":267},"f":{"0":0,"1":183,"2":66,"3":267,"4":267},"b":{"0":[7,0],"1":[7,7,7],"2":[0],"3":[0]},"_coverageSchema":"1a1c01bbd47fc00a2c39e90264f33305004495a9","hash":"f179ddd580286322d7b88103088a8446e8d5d844"}
,"/home/runner/work/rasa-ui/rasa-ui/packages/hs-react-ui/src/enums/colors.ts": {"path":"/home/runner/work/rasa-ui/rasa-ui/packages/hs-react-ui/src/enums/colors.ts","statementMap":{},"fnMap":{},"branchMap":{},"s":{},"f":{},"b":{},"_coverageSchema":"1a1c01bbd47fc00a2c39e90264f33305004495a9","hash":"e211a141c08503ebec134caac7d195da9e787317"}
,"/home/runner/work/rasa-ui/rasa-ui/packages/hs-react-ui/src/enums/fonts.ts": {"path":"/home/runner/work/rasa-ui/rasa-ui/packages/hs-react-ui/src/enums/fonts.ts","statementMap":{},"fnMap":{},"branchMap":{},"s":{},"f":{},"b":{},"_coverageSchema":"1a1c01bbd47fc00a2c39e90264f33305004495a9","hash":"5c467272a6378fe566cb925d10fd448f4550cb41"}
,"/home/runner/work/rasa-ui/rasa-ui/packages/hs-react-ui/src/enums/timings.ts": {"path":"/home/runner/work/rasa-ui/rasa-ui/packages/hs-react-ui/src/enums/timings.ts","statementMap":{},"fnMap":{},"branchMap":{},"s":{},"f":{},"b":{},"_coverageSchema":"1a1c01bbd47fc00a2c39e90264f33305004495a9","hash":"57c2b72a430078fb5fa91758e160e6e6ebda9214"}
,"/home/runner/work/rasa-ui/rasa-ui/packages/hs-react-ui/src/htmlElements/index.tsx": {"path":"/home/runner/work/rasa-ui/rasa-ui/packages/hs-react-ui/src/htmlElements/index.tsx","statementMap":{"0":{"start":{"line":6,"column":19},"end":{"line":6,"column":48}},"1":{"start":{"line":7,"column":20},"end":{"line":7,"column":50}},"2":{"start":{"line":8,"column":22},"end":{"line":8,"column":54}},"3":{"start":{"line":9,"column":21},"end":{"line":9,"column":52}},"4":{"start":{"line":10,"column":21},"end":{"line":10,"column":52}},"5":{"start":{"line":11,"column":18},"end":{"line":11,"column":46}},"6":{"start":{"line":12,"column":21},"end":{"line":12,"column":52}},"7":{"start":{"line":13,"column":18},"end":{"line":13,"column":46}},"8":{"start":{"line":14,"column":18},"end":{"line":14,"column":46}},"9":{"start":{"line":15,"column":18},"end":{"line":15,"column":46}},"10":{"start":{"line":16,"column":24},"end":{"line":16,"column":58}}},"fnMap":{},"branchMap":{},"s":{"0":6,"1":6,"2":6,"3":6,"4":6,"5":6,"6":6,"7":6,"8":6,"9":6,"10":6},"f":{},"b":{},"_coverageSchema":"1a1c01bbd47fc00a2c39e90264f33305004495a9","hash":"9178a6e716f90e08575af7c32c96bc768fb6bc61"}
,"/home/runner/work/rasa-ui/rasa-ui/packages/hs-react-ui/src/utils/math.ts": {"path":"/home/runner/work/rasa-ui/rasa-ui/packages/hs-react-ui/src/utils/math.ts","statementMap":{"0":{"start":{"line":1,"column":21},"end":{"line":3,"column":1}},"1":{"start":{"line":2,"column":2},"end":{"line":2,"column":43}}},"fnMap":{"0":{"name":"(anonymous_0)","decl":{"start":{"line":1,"column":21},"end":{"line":1,"column":22}},"loc":{"start":{"line":1,"column":72},"end":{"line":3,"column":1}},"line":1}},"branchMap":{},"s":{"0":1,"1":0},"f":{"0":0},"b":{},"_coverageSchema":"1a1c01bbd47fc00a2c39e90264f33305004495a9","hash":"e114aaeade0296292b35e954e6738b1306603126"}
,"/home/runner/work/rasa-ui/rasa-ui/packages/hs-react-ui/src/utils/styles.ts": {"path":"/home/runner/work/rasa-ui/rasa-ui/packages/hs-react-ui/src/utils/styles.ts","statementMap":{"0":{"start":{"line":3,"column":24},"end":{"line":3,"column":33}},"1":{"start":{"line":17,"column":40},"end":{"line":43,"column":1}},"2":{"start":{"line":18,"column":26},"end":{"line":23,"column":3}},"3":{"start":{"line":26,"column":2},"end":{"line":28,"column":3}},"4":{"start":{"line":27,"column":4},"end":{"line":27,"column":27}},"5":{"start":{"line":29,"column":21},"end":{"line":29,"column":34}},"6":{"start":{"line":30,"column":17},"end":{"line":30,"column":36}},"7":{"start":{"line":31,"column":15},"end":{"line":31,"column":44}},"8":{"start":{"line":31,"column":21},"end":{"line":31,"column":44}},"9":{"start":{"line":33,"column":17},"end":{"line":33,"column":53}},"10":{"start":{"line":36,"column":2},"end":{"line":36,"column":30}},"11":{"start":{"line":37,"column":2},"end":{"line":39,"column":18}},"12":{"start":{"line":40,"column":2},"end":{"line":40,"column":72}},"13":{"start":{"line":41,"column":2},"end":{"line":41,"column":89}},"14":{"start":{"line":42,"column":2},"end":{"line":42,"column":25}},"15":{"start":{"line":52,"column":30},"end":{"line":62,"column":1}},"16":{"start":{"line":53,"column":2},"end":{"line":55,"column":3}},"17":{"start":{"line":54,"column":4},"end":{"line":54,"column":14}},"18":{"start":{"line":56,"column":31},"end":{"line":56,"column":54}},"19":{"start":{"line":57,"column":46},"end":{"line":57,"column":81}},"20":{"start":{"line":59,"column":2},"end":{"line":61,"column":109}}},"fnMap":{"0":{"name":"(anonymous_0)","decl":{"start":{"line":17,"column":40},"end":{"line":17,"column":41}},"loc":{"start":{"line":17,"column":59},"end":{"line":43,"column":1}},"line":17},"1":{"name":"(anonymous_1)","decl":{"start":{"line":31,"column":15},"end":{"line":31,"column":16}},"loc":{"start":{"line":31,"column":21},"end":{"line":31,"column":44}},"line":31},"2":{"name":"(anonymous_2)","decl":{"start":{"line":52,"column":30},"end":{"line":52,"column":31}},"loc":{"start":{"line":52,"column":70},"end":{"line":62,"column":1}},"line":52}},"branchMap":{"0":{"loc":{"start":{"line":17,"column":41},"end":{"line":17,"column":54}},"type":"default-arg","locations":[{"start":{"line":17,"column":53},"end":{"line":17,"column":54}}],"line":17},"1":{"loc":{"start":{"line":26,"column":2},"end":{"line":28,"column":3}},"type":"if","locations":[{"start":{"line":26,"column":2},"end":{"line":28,"column":3}},{"start":{"line":26,"column":2},"end":{"line":28,"column":3}}],"line":26},"2":{"loc":{"start":{"line":37,"column":28},"end":{"line":39,"column":17}},"type":"cond-expr","locations":[{"start":{"line":38,"column":6},"end":{"line":38,"column":52}},{"start":{"line":39,"column":6},"end":{"line":39,"column":17}}],"line":37},"3":{"loc":{"start":{"line":40,"column":25},"end":{"line":40,"column":71}},"type":"cond-expr","locations":[{"start":{"line":40,"column":38},"end":{"line":40,"column":55}},{"start":{"line":40,"column":58},"end":{"line":40,"column":71}}],"line":40},"4":{"loc":{"start":{"line":52,"column":31},"end":{"line":52,"column":44}},"type":"default-arg","locations":[{"start":{"line":52,"column":43},"end":{"line":52,"column":44}}],"line":52},"5":{"loc":{"start":{"line":53,"column":2},"end":{"line":55,"column":3}},"type":"if","locations":[{"start":{"line":53,"column":2},"end":{"line":55,"column":3}},{"start":{"line":53,"column":2},"end":{"line":55,"column":3}}],"line":53},"6":{"loc":{"start":{"line":59,"column":9},"end":{"line":61,"column":108}},"type":"cond-expr","locations":[{"start":{"line":60,"column":6},"end":{"line":60,"column":111}},{"start":{"line":61,"column":6},"end":{"line":61,"column":108}}],"line":59}},"s":{"0":2,"1":2,"2":1,"3":1,"4":0,"5":1,"6":1,"7":1,"8":1,"9":1,"10":1,"11":1,"12":1,"13":1,"14":1,"15":2,"16":65,"17":64,"18":1,"19":1,"20":1},"f":{"0":1,"1":1,"2":65},"b":{"0":[0],"1":[0,1],"2":[0,1],"3":[0,1],"4":[0],"5":[64,1],"6":[1,0]},"_coverageSchema":"1a1c01bbd47fc00a2c39e90264f33305004495a9","hash":"3eb4a1803400cee12dc9120510243f9b2eb7c199"}
}
