TN:
SF:src/serviceWorker.ts
FN:21,register
FN:32,(anonymous_1)
FN:41,(anonymous_2)
FN:55,registerValidSW
FN:58,(anonymous_4)
FN:59,(anonymous_5)
FN:64,(anonymous_6)
FN:94,(anonymous_7)
FN:99,checkValidServiceWorker
FN:104,(anonymous_9)
FN:112,(anonymous_10)
FN:113,(anonymous_11)
FN:122,(anonymous_12)
FN:127,unregister
FN:130,(anonymous_14)
FN:133,(anonymous_15)
FNF:16
FNH:0
FNDA:0,register
FNDA:0,(anonymous_1)
FNDA:0,(anonymous_2)
FNDA:0,registerValidSW
FNDA:0,(anonymous_4)
FNDA:0,(anonymous_5)
FNDA:0,(anonymous_6)
FNDA:0,(anonymous_7)
FNDA:0,checkValidServiceWorker
FNDA:0,(anonymous_9)
FNDA:0,(anonymous_10)
FNDA:0,(anonymous_11)
FNDA:0,(anonymous_12)
FNDA:0,unregister
FNDA:0,(anonymous_14)
FNDA:0,(anonymous_15)
DA:13,0
DA:22,0
DA:24,0
DA:25,0
DA:29,0
DA:32,0
DA:33,0
DA:35,0
DA:37,0
DA:41,0
DA:42,0
DA:49,0
DA:56,0
DA:59,0
DA:60,0
DA:61,0
DA:62,0
DA:64,0
DA:65,0
DA:66,0
DA:70,0
DA:76,0
DA:77,0
DA:83,0
DA:86,0
DA:87,0
DA:95,0
DA:101,0
DA:106,0
DA:107,0
DA:112,0
DA:113,0
DA:114,0
DA:119,0
DA:123,0
DA:128,0
DA:129,0
DA:131,0
DA:134,0
LF:39
LH:0
BRDA:14,0,0,0
BRDA:14,0,1,0
BRDA:14,0,2,0
BRDA:22,1,0,0
BRDA:22,1,1,0
BRDA:22,2,0,0
BRDA:22,2,1,0
BRDA:25,3,0,0
BRDA:25,3,1,0
BRDA:35,4,0,0
BRDA:35,4,1,0
BRDA:61,5,0,0
BRDA:61,5,1,0
BRDA:65,6,0,0
BRDA:65,6,1,0
BRDA:66,7,0,0
BRDA:66,7,1,0
BRDA:76,8,0,0
BRDA:76,8,1,0
BRDA:76,9,0,0
BRDA:76,9,1,0
BRDA:86,10,0,0
BRDA:86,10,1,0
BRDA:86,11,0,0
BRDA:86,11,1,0
BRDA:107,12,0,0
BRDA:107,12,1,0
BRDA:108,13,0,0
BRDA:108,13,1,0
BRDA:108,13,2,0
BRDA:128,14,0,0
BRDA:128,14,1,0
BRF:32
BRH:0
end_of_record
TN:
SF:src/components/commonTypes.ts
FNF:0
FNH:0
LF:0
LH:0
BRF:0
BRH:0
end_of_record
TN:
SF:src/components/Button/Button.tsx
FN:57,(anonymous_0)
FN:107,(anonymous_1)
FN:113,(anonymous_2)
FN:118,(anonymous_3)
FN:132,(anonymous_4)
FN:133,(anonymous_5)
FNF:6
FNH:4
FNDA:36,(anonymous_0)
FNDA:3,(anonymous_1)
FNDA:2,(anonymous_2)
FNDA:36,(anonymous_3)
FNDA:0,(anonymous_4)
FNDA:0,(anonymous_5)
DA:54,2
DA:58,36
DA:59,36
DA:60,36
DA:62,36
DA:95,2
DA:102,2
DA:106,2
DA:107,3
DA:112,2
DA:113,2
DA:118,2
DA:137,36
DA:138,36
DA:139,36
DA:141,36
DA:155,36
DA:189,2
DA:190,2
DA:191,2
LF:20
LH:20
BRDA:57,0,0,0
BRDA:75,1,0,27
BRDA:75,1,1,9
BRDA:75,2,0,27
BRDA:75,2,1,0
BRDA:80,3,0,0
BRDA:80,3,1,36
BRDA:83,4,0,8
BRDA:83,4,1,28
BRDA:88,5,0,8
BRDA:88,5,1,28
BRDA:108,6,0,0
BRDA:108,6,1,3
BRDA:114,7,0,0
BRDA:114,7,1,2
BRDA:119,8,0,11
BRDA:120,9,0,11
BRDA:126,10,0,35
BRDA:127,11,0,7
BRDA:128,12,0,36
BRDA:130,13,0,36
BRDA:132,14,0,11
BRDA:133,15,0,36
BRDA:134,16,0,36
BRDA:139,17,0,36
BRDA:139,17,1,10
BRDA:155,18,0,2
BRDA:155,18,1,34
BRDA:161,19,0,34
BRDA:161,19,1,33
BRDA:161,19,2,2
BRDA:163,20,0,1
BRDA:163,20,1,1
BRDA:163,21,0,2
BRDA:163,21,1,1
BRDA:170,22,0,34
BRDA:170,22,1,1
BRDA:177,23,0,34
BRDA:177,23,1,2
BRDA:178,24,0,1
BRDA:178,24,1,1
BRF:41
BRH:36
end_of_record
TN:
SF:src/components/Card/Card.tsx
FN:11,(anonymous_0)
FN:28,(anonymous_1)
FN:46,(anonymous_2)
FN:57,(anonymous_3)
FN:94,(anonymous_4)
FN:105,(anonymous_5)
FNF:6
FNH:0
FNDA:0,(anonymous_0)
FNDA:0,(anonymous_1)
FNDA:0,(anonymous_2)
FNDA:0,(anonymous_3)
FNDA:0,(anonymous_4)
FNDA:0,(anonymous_5)
DA:10,0
DA:12,0
DA:14,0
DA:27,0
DA:29,0
DA:31,0
DA:40,0
DA:45,0
DA:47,0
DA:49,0
DA:56,0
DA:58,0
DA:60,0
DA:94,0
DA:113,0
DA:120,0
DA:121,0
DA:122,0
DA:123,0
DA:124,0
LF:20
LH:0
BRDA:19,0,0,0
BRDA:19,0,1,0
BRDA:95,1,0,0
BRDA:96,2,0,0
BRDA:97,3,0,0
BRDA:98,4,0,0
BRDA:105,5,0,0
BRDA:111,6,0,0
BRDA:114,7,0,0
BRDA:114,7,1,0
BRDA:115,8,0,0
BRDA:115,8,1,0
BRDA:116,9,0,0
BRDA:116,9,1,0
BRF:14
BRH:0
end_of_record
TN:
SF:src/components/Checkbox/Checkbox.tsx
FN:37,(anonymous_0)
FN:55,(anonymous_1)
FN:96,(anonymous_2)
FN:105,(anonymous_3)
FN:114,(anonymous_4)
FN:123,(anonymous_5)
FN:173,(anonymous_6)
FNF:7
FNH:4
FNDA:4,(anonymous_0)
FNDA:4,(anonymous_1)
FNDA:2,(anonymous_2)
FNDA:0,(anonymous_3)
FNDA:0,(anonymous_4)
FNDA:0,(anonymous_5)
FNDA:4,(anonymous_6)
DA:23,1
DA:36,1
DA:38,4
DA:39,4
DA:54,1
DA:56,4
DA:57,4
DA:58,4
DA:59,4
DA:60,4
DA:62,4
DA:84,1
DA:89,1
DA:95,1
DA:97,2
DA:98,2
DA:104,1
DA:106,0
DA:107,0
DA:113,1
DA:115,0
DA:116,0
DA:122,1
DA:124,0
DA:125,0
DA:126,0
DA:157,1
DA:165,1
DA:173,1
DA:193,4
DA:194,4
DA:195,4
DA:220,1
DA:221,1
DA:222,1
DA:223,1
DA:224,1
DA:225,1
DA:226,1
DA:227,1
DA:228,1
LF:41
LH:34
BRDA:49,0,0,0
BRDA:49,0,1,4
BRDA:58,1,0,2
BRDA:58,1,1,2
BRDA:58,2,0,4
BRDA:58,2,1,4
BRDA:59,3,0,0
BRDA:59,3,1,4
BRDA:59,4,0,4
BRDA:59,4,1,0
BRDA:60,5,0,2
BRDA:60,5,1,2
BRDA:60,6,0,4
BRDA:60,6,1,4
BRDA:64,7,0,4
BRDA:64,7,1,0
BRDA:64,8,0,4
BRDA:64,8,1,4
BRDA:99,9,0,2
BRDA:99,9,1,0
BRDA:108,10,0,0
BRDA:108,10,1,0
BRDA:125,11,0,0
BRDA:125,11,1,0
BRDA:174,12,0,4
BRDA:175,13,0,4
BRDA:176,14,0,4
BRDA:177,15,0,4
BRDA:180,16,0,4
BRDA:181,17,0,4
BRDA:182,18,0,4
BRDA:183,19,0,4
BRDA:184,20,0,4
BRDA:186,21,0,4
BRDA:187,22,0,4
BRDA:188,23,0,1
BRDA:190,24,0,4
BRDA:194,25,0,4
BRDA:194,25,1,4
BRDA:199,26,0,2
BRDA:199,26,1,2
BRF:41
BRH:32
end_of_record
TN:
SF:src/components/Divider/Divider.tsx
FN:9,(anonymous_0)
FN:37,(anonymous_1)
FNF:2
FNH:2
FNDA:2,(anonymous_0)
FNDA:2,(anonymous_1)
DA:8,1
DA:10,2
DA:11,2
DA:20,1
DA:37,1
DA:45,2
DA:50,1
LF:7
LH:7
BRDA:9,0,0,0
BRDA:9,1,0,0
BRDA:38,2,0,2
BRDA:39,3,0,2
BRDA:40,4,0,2
BRDA:41,5,0,2
BRDA:42,6,0,1
BRDA:43,7,0,1
BRF:8
BRH:6
end_of_record
TN:
SF:src/components/Dropdown/Dropdown.tsx
FN:31,(anonymous_0)
FN:44,(anonymous_1)
FN:84,(anonymous_2)
FN:100,(anonymous_3)
FN:132,(anonymous_4)
FN:184,(anonymous_5)
FN:226,(anonymous_6)
FN:231,(anonymous_7)
FN:246,(anonymous_8)
FN:253,(anonymous_9)
FN:262,(anonymous_10)
FN:276,(anonymous_11)
FN:289,(anonymous_12)
FN:292,(anonymous_13)
FN:333,(anonymous_14)
FN:336,(anonymous_15)
FN:346,(anonymous_16)
FN:364,(anonymous_17)
FN:379,(anonymous_18)
FN:391,(anonymous_19)
FN:392,(anonymous_20)
FN:410,(anonymous_21)
FN:415,(anonymous_22)
FNF:23
FNH:18
FNDA:25,(anonymous_0)
FNDA:25,(anonymous_1)
FNDA:6,(anonymous_2)
FNDA:18,(anonymous_3)
FNDA:6,(anonymous_4)
FNDA:26,(anonymous_5)
FNDA:78,(anonymous_6)
FNDA:10,(anonymous_7)
FNDA:6,(anonymous_8)
FNDA:0,(anonymous_9)
FNDA:0,(anonymous_10)
FNDA:0,(anonymous_11)
FNDA:6,(anonymous_12)
FNDA:6,(anonymous_13)
FNDA:25,(anonymous_14)
FNDA:25,(anonymous_15)
FNDA:0,(anonymous_16)
FNDA:10,(anonymous_17)
FNDA:0,(anonymous_18)
FNDA:10,(anonymous_19)
FNDA:8,(anonymous_20)
FNDA:21,(anonymous_21)
FNDA:5,(anonymous_22)
DA:30,1
DA:32,25
DA:33,25
DA:43,1
DA:44,25
DA:65,1
DA:74,1
DA:78,1
DA:83,1
DA:84,6
DA:99,1
DA:101,18
DA:102,18
DA:104,18
DA:131,1
DA:133,6
DA:135,6
DA:147,1
DA:184,1
DA:214,26
DA:215,26
DA:216,26
DA:217,26
DA:220,26
DA:225,26
DA:226,26
DA:227,78
DA:230,26
DA:232,10
DA:233,10
DA:235,10
DA:236,3
DA:237,3
DA:238,0
DA:245,26
DA:247,6
DA:248,2
DA:249,2
DA:251,4
DA:252,4
DA:253,0
DA:255,4
DA:261,26
DA:263,0
DA:264,0
DA:265,0
DA:266,0
DA:267,0
DA:275,26
DA:277,0
DA:278,0
DA:279,0
DA:280,0
DA:282,0
DA:288,26
DA:292,6
DA:293,6
DA:294,6
DA:296,1
DA:297,1
DA:298,1
DA:300,1
DA:302,1
DA:303,1
DA:304,1
DA:305,1
DA:308,1
DA:310,4
DA:311,1
DA:312,1
DA:313,1
DA:314,1
DA:315,1
DA:318,3
DA:319,3
DA:320,3
DA:321,2
DA:324,4
DA:326,0
DA:333,26
DA:334,25
DA:335,25
DA:336,25
DA:337,25
DA:342,26
DA:346,0
DA:356,26
DA:365,10
DA:366,10
DA:379,0
DA:391,10
DA:393,8
DA:411,21
DA:415,5
DA:443,1
DA:444,1
DA:445,1
DA:446,1
DA:447,1
DA:448,1
LF:100
LH:85
BRDA:38,0,0,6
BRDA:38,0,1,19
BRDA:51,1,0,6
BRDA:51,1,1,19
BRDA:101,2,0,0
BRDA:101,2,1,18
BRDA:108,3,0,0
BRDA:108,3,1,18
BRDA:110,4,0,0
BRDA:110,4,1,18
BRDA:116,5,0,0
BRDA:116,5,1,18
BRDA:125,6,0,0
BRDA:125,6,1,18
BRDA:140,7,0,6
BRDA:140,7,1,0
BRDA:185,8,0,26
BRDA:186,9,0,26
BRDA:187,10,0,26
BRDA:188,11,0,26
BRDA:189,12,0,26
BRDA:190,13,0,26
BRDA:191,14,0,26
BRDA:202,15,0,26
BRDA:203,16,0,18
BRDA:209,17,0,0
BRDA:210,18,0,26
BRDA:211,19,0,26
BRDA:212,20,0,20
BRDA:215,21,0,26
BRDA:215,21,1,26
BRDA:235,22,0,3
BRDA:235,22,1,7
BRDA:235,23,0,10
BRDA:235,23,1,7
BRDA:235,23,2,7
BRDA:237,24,0,0
BRDA:237,24,1,3
BRDA:247,25,0,2
BRDA:247,25,1,4
BRDA:252,26,0,0
BRDA:252,26,1,4
BRDA:265,27,0,0
BRDA:265,27,1,0
BRDA:266,28,0,0
BRDA:266,28,1,0
BRDA:280,29,0,0
BRDA:280,29,1,0
BRDA:280,30,0,0
BRDA:280,30,1,0
BRDA:294,31,0,1
BRDA:294,31,1,1
BRDA:294,31,2,4
BRDA:294,31,3,0
BRDA:296,32,0,1
BRDA:296,32,1,1
BRDA:297,33,0,1
BRDA:297,33,1,0
BRDA:302,34,0,1
BRDA:302,34,1,0
BRDA:302,35,0,1
BRDA:302,35,1,1
BRDA:304,36,0,1
BRDA:304,36,1,0
BRDA:310,37,0,1
BRDA:310,37,1,3
BRDA:310,38,0,4
BRDA:310,38,1,4
BRDA:312,39,0,1
BRDA:312,39,1,0
BRDA:314,40,0,1
BRDA:314,40,1,0
BRDA:318,41,0,3
BRDA:318,41,1,0
BRDA:318,42,0,3
BRDA:318,42,1,3
BRDA:320,43,0,2
BRDA:320,43,1,1
BRDA:343,44,0,26
BRDA:343,44,1,0
BRDA:343,44,2,0
BRDA:352,45,0,7
BRDA:352,45,1,19
BRDA:391,46,0,10
BRDA:391,46,1,10
BRDA:393,47,0,8
BRDA:393,47,1,0
BRDA:395,48,0,8
BRDA:395,48,1,3
BRDA:402,49,0,26
BRDA:402,49,1,26
BRDA:402,49,2,20
BRDA:408,50,0,26
BRDA:408,50,1,7
BRDA:423,51,0,21
BRDA:423,51,1,6
BRDA:431,52,0,6
BRDA:431,52,1,0
BRF:98
BRH:70
end_of_record
TN:
SF:src/components/InteractionFeedback/InteractionFeedback.tsx
FN:31,(anonymous_0)
FN:31,(anonymous_1)
FN:55,(anonymous_2)
FN:66,(anonymous_3)
FN:67,(anonymous_4)
FN:67,(anonymous_5)
FN:67,(anonymous_6)
FN:70,(anonymous_7)
FN:71,(anonymous_8)
FN:81,(anonymous_9)
FN:89,(anonymous_10)
FNF:11
FNH:0
FNDA:0,(anonymous_0)
FNDA:0,(anonymous_1)
FNDA:0,(anonymous_2)
FNDA:0,(anonymous_3)
FNDA:0,(anonymous_4)
FNDA:0,(anonymous_5)
FNDA:0,(anonymous_6)
FNDA:0,(anonymous_7)
FNDA:0,(anonymous_8)
FNDA:0,(anonymous_9)
FNDA:0,(anonymous_10)
DA:8,0
DA:15,0
DA:30,0
DA:31,0
DA:33,0
DA:55,0
DA:62,0
DA:63,0
DA:65,0
DA:66,0
DA:67,0
DA:70,0
DA:71,0
DA:72,0
DA:77,0
DA:80,0
DA:82,0
DA:83,0
DA:84,0
DA:85,0
DA:86,0
DA:87,0
DA:89,0
DA:98,0
DA:108,0
DA:109,0
LF:26
LH:0
BRDA:56,0,0,0
BRDA:59,1,0,0
BRDA:60,2,0,0
BRDA:74,3,0,0
BRDA:74,3,1,0
BRDA:82,4,0,0
BRDA:82,4,1,0
BRDA:82,5,0,0
BRDA:82,5,1,0
BRF:9
BRH:0
end_of_record
TN:
SF:src/components/Label/Label.tsx
FN:10,(anonymous_0)
FN:52,(anonymous_1)
FNF:2
FNH:2
FNDA:4,(anonymous_0)
FNDA:4,(anonymous_1)
DA:9,1
DA:11,4
DA:12,4
DA:13,4
DA:22,1
DA:24,1
DA:26,1
DA:52,1
DA:71,4
DA:75,4
DA:76,1
DA:77,1
DA:78,3
DA:79,1
DA:80,1
DA:82,2
DA:83,2
DA:86,4
DA:101,1
DA:102,1
DA:103,1
DA:104,1
LF:22
LH:22
BRDA:12,0,0,4
BRDA:12,0,1,0
BRDA:53,1,0,4
BRDA:54,2,0,4
BRDA:55,3,0,4
BRDA:56,4,0,4
BRDA:57,5,0,4
BRDA:58,6,0,4
BRDA:59,7,0,4
BRDA:60,8,0,4
BRDA:67,9,0,4
BRDA:68,10,0,1
BRDA:75,11,0,1
BRDA:75,11,1,3
BRDA:76,12,0,1
BRDA:76,12,1,0
BRDA:78,13,0,1
BRDA:78,13,1,2
BRDA:79,14,0,1
BRDA:79,14,1,0
BRDA:80,15,0,1
BRDA:80,15,1,0
BRDA:82,16,0,2
BRDA:82,16,1,1
BRDA:83,17,0,1
BRDA:83,17,1,1
BRF:26
BRH:22
end_of_record
TN:
SF:src/components/Modal/Modal.tsx
FN:12,(anonymous_0)
FN:40,(anonymous_1)
FN:94,(anonymous_2)
FN:105,(anonymous_3)
FN:106,(anonymous_4)
FNF:5
FNH:0
FNDA:0,(anonymous_0)
FNDA:0,(anonymous_1)
FNDA:0,(anonymous_2)
FNDA:0,(anonymous_3)
FNDA:0,(anonymous_4)
DA:11,0
DA:12,0
DA:27,0
DA:37,0
DA:39,0
DA:43,0
DA:45,0
DA:46,0
DA:47,0
DA:49,0
DA:50,0
DA:51,0
DA:53,0
DA:54,0
DA:55,0
DA:57,0
DA:58,0
DA:59,0
DA:62,0
DA:94,0
DA:111,0
DA:112,0
DA:157,0
DA:158,0
DA:159,0
LF:25
LH:0
BRDA:43,0,0,0
BRDA:43,0,1,0
BRDA:43,0,2,0
BRDA:43,0,3,0
BRDA:95,1,0,0
BRDA:96,2,0,0
BRDA:97,3,0,0
BRDA:98,4,0,0
BRDA:99,5,0,0
BRDA:100,6,0,0
BRDA:101,7,0,0
BRDA:102,8,0,0
BRDA:105,9,0,0
BRDA:106,10,0,0
BRDA:107,11,0,0
BRDA:108,12,0,0
BRDA:109,13,0,0
BRDA:114,14,0,0
BRDA:114,14,1,0
BRDA:131,15,0,0
BRDA:131,15,1,0
BRDA:139,16,0,0
BRDA:139,16,1,0
BRDA:140,17,0,0
BRDA:140,17,1,0
BRF:25
BRH:0
end_of_record
TN:
SF:src/components/Progress/Progress.tsx
FN:18,(anonymous_0)
FNF:1
FNH:1
FNDA:3,(anonymous_0)
DA:5,3
DA:11,3
DA:17,3
DA:18,3
LF:4
LH:4
BRF:0
BRH:0
end_of_record
TN:
SF:src/components/RangeSlider/RangeSlider.tsx
FN:25,(anonymous_0)
FN:68,(anonymous_1)
FN:92,(anonymous_2)
FN:111,(anonymous_3)
FN:130,(anonymous_4)
FN:147,(anonymous_5)
FN:159,(anonymous_6)
FN:181,(anonymous_7)
FN:195,(anonymous_8)
FN:207,(anonymous_9)
FN:210,(anonymous_10)
FN:217,(anonymous_11)
FN:227,(anonymous_12)
FN:232,(anonymous_13)
FN:237,(anonymous_14)
FN:241,(anonymous_15)
FN:276,(anonymous_16)
FN:317,(anonymous_17)
FNF:18
FNH:7
FNDA:1,(anonymous_0)
FNDA:0,(anonymous_1)
FNDA:0,(anonymous_2)
FNDA:1,(anonymous_3)
FNDA:1,(anonymous_4)
FNDA:2,(anonymous_5)
FNDA:1,(anonymous_6)
FNDA:0,(anonymous_7)
FNDA:0,(anonymous_8)
FNDA:0,(anonymous_9)
FNDA:0,(anonymous_10)
FNDA:0,(anonymous_11)
FNDA:0,(anonymous_12)
FNDA:1,(anonymous_13)
FNDA:0,(anonymous_14)
FNDA:0,(anonymous_15)
FNDA:1,(anonymous_16)
FNDA:0,(anonymous_17)
DA:24,1
DA:25,1
DA:67,1
DA:69,0
DA:70,0
DA:71,0
DA:91,1
DA:93,0
DA:94,0
DA:110,1
DA:112,1
DA:113,1
DA:129,1
DA:131,1
DA:132,1
DA:146,1
DA:148,2
DA:149,2
DA:182,0
DA:191,1
DA:192,1
DA:196,0
DA:197,0
DA:199,0
DA:200,0
DA:202,0
DA:205,1
DA:207,0
DA:210,0
DA:213,1
DA:216,1
DA:217,1
DA:218,1
DA:221,1
DA:225,1
DA:226,1
DA:227,0
DA:231,1
DA:232,1
DA:236,1
DA:238,0
DA:239,0
DA:240,0
DA:241,0
DA:242,0
DA:243,0
DA:244,0
DA:248,0
DA:252,0
DA:253,0
DA:254,0
DA:276,1
DA:277,1
DA:286,1
DA:318,0
LF:55
LH:29
BRDA:25,0,0,1
BRDA:34,1,0,0
BRDA:34,1,1,1
BRDA:39,2,0,0
BRDA:39,2,1,1
BRDA:48,3,0,1
BRDA:48,3,1,0
BRDA:57,4,0,0
BRDA:57,4,1,1
BRDA:68,5,0,0
BRDA:70,6,0,0
BRDA:70,6,1,0
BRDA:86,7,0,0
BRDA:86,7,1,0
BRDA:92,8,0,0
BRDA:160,9,0,1
BRDA:161,10,0,1
BRDA:162,11,0,1
BRDA:163,12,0,1
BRDA:164,13,0,1
BRDA:165,14,0,1
BRDA:166,15,0,1
BRDA:167,16,0,1
BRDA:168,17,0,1
BRDA:169,18,0,1
BRDA:170,19,0,1
BRDA:171,20,0,1
BRDA:173,21,0,1
BRDA:174,22,0,1
BRDA:176,23,0,1
BRDA:177,24,0,1
BRDA:179,25,0,1
BRDA:180,26,0,1
BRDA:181,27,0,1
BRDA:184,28,0,1
BRDA:192,29,0,0
BRDA:192,29,1,1
BRDA:196,30,0,0
BRDA:196,30,1,0
BRDA:199,31,0,0
BRDA:199,31,1,0
BRDA:208,32,0,0
BRDA:208,32,1,1
BRDA:208,33,0,1
BRDA:208,33,1,1
BRDA:208,33,2,0
BRDA:240,34,0,0
BRDA:240,34,1,0
BRDA:242,35,0,0
BRDA:242,35,1,0
BRDA:243,36,0,0
BRDA:243,36,1,0
BRDA:248,37,0,0
BRDA:248,37,1,0
BRDA:248,38,0,0
BRDA:248,38,1,0
BRDA:252,39,0,0
BRDA:252,39,1,0
BRDA:255,40,0,0
BRDA:255,40,1,0
BRDA:256,41,0,0
BRDA:256,41,1,0
BRDA:258,42,0,0
BRDA:258,42,1,0
BRDA:295,43,0,1
BRDA:295,43,1,1
BRDA:306,44,0,1
BRDA:306,44,1,1
BRDA:334,45,0,1
BRDA:334,45,1,0
BRF:70
BRH:34
end_of_record
TN:
SF:src/components/RangeSlider/types.ts
FNF:0
FNH:0
LF:0
LH:0
BRF:0
BRH:0
end_of_record
TN:
SF:src/components/Table/Table.tsx
FN:25,(anonymous_0)
FN:39,(anonymous_1)
FN:55,(anonymous_2)
FN:73,(anonymous_3)
FN:89,(anonymous_4)
FN:126,(anonymous_5)
FN:143,(anonymous_6)
FN:165,(anonymous_7)
FN:173,(anonymous_8)
FN:193,(anonymous_9)
FN:230,(anonymous_10)
FN:242,(anonymous_11)
FN:264,(anonymous_12)
FN:267,(anonymous_13)
FN:281,(anonymous_14)
FN:282,(anonymous_15)
FN:299,(anonymous_16)
FN:320,(anonymous_17)
FN:339,(anonymous_18)
FN:365,(anonymous_19)
FN:385,(anonymous_20)
FN:398,(anonymous_21)
FN:402,(anonymous_22)
FN:403,(anonymous_23)
FN:422,(anonymous_24)
FN:437,(anonymous_25)
FN:483,(anonymous_26)
FN:529,(anonymous_27)
FN:537,(anonymous_28)
FN:551,(anonymous_29)
FN:571,(anonymous_30)
FN:581,(anonymous_31)
FNF:32
FNH:0
FNDA:0,(anonymous_0)
FNDA:0,(anonymous_1)
FNDA:0,(anonymous_2)
FNDA:0,(anonymous_3)
FNDA:0,(anonymous_4)
FNDA:0,(anonymous_5)
FNDA:0,(anonymous_6)
FNDA:0,(anonymous_7)
FNDA:0,(anonymous_8)
FNDA:0,(anonymous_9)
FNDA:0,(anonymous_10)
FNDA:0,(anonymous_11)
FNDA:0,(anonymous_12)
FNDA:0,(anonymous_13)
FNDA:0,(anonymous_14)
FNDA:0,(anonymous_15)
FNDA:0,(anonymous_16)
FNDA:0,(anonymous_17)
FNDA:0,(anonymous_18)
FNDA:0,(anonymous_19)
FNDA:0,(anonymous_20)
FNDA:0,(anonymous_21)
FNDA:0,(anonymous_22)
FNDA:0,(anonymous_23)
FNDA:0,(anonymous_24)
FNDA:0,(anonymous_25)
FNDA:0,(anonymous_26)
FNDA:0,(anonymous_27)
FNDA:0,(anonymous_28)
FNDA:0,(anonymous_29)
FNDA:0,(anonymous_30)
FNDA:0,(anonymous_31)
DA:20,0
DA:24,0
DA:26,0
DA:27,0
DA:38,0
DA:40,0
DA:41,0
DA:54,0
DA:55,0
DA:72,0
DA:74,0
DA:75,0
DA:88,0
DA:90,0
DA:91,0
DA:125,0
DA:127,0
DA:128,0
DA:134,0
DA:142,0
DA:143,0
DA:155,0
DA:158,0
DA:165,0
DA:166,0
DA:167,0
DA:168,0
DA:173,0
DA:178,0
DA:179,0
DA:180,0
DA:187,0
DA:193,0
DA:217,0
DA:218,0
DA:219,0
DA:220,0
DA:222,0
DA:223,0
DA:224,0
DA:225,0
DA:229,0
DA:231,0
DA:232,0
DA:234,0
DA:242,0
DA:243,0
DA:247,0
DA:248,0
DA:249,0
DA:251,0
DA:254,0
DA:264,0
DA:266,0
DA:267,0
DA:268,0
DA:274,0
DA:276,0
DA:277,0
DA:281,0
DA:282,0
DA:283,0
DA:287,0
DA:290,0
DA:292,0
DA:293,0
DA:298,0
DA:299,0
DA:300,0
DA:304,0
DA:307,0
DA:309,0
DA:310,0
DA:315,0
DA:316,0
DA:317,0
DA:320,0
DA:321,0
DA:339,0
DA:352,0
DA:366,0
DA:386,0
DA:398,0
DA:401,0
DA:403,0
DA:404,0
DA:408,0
DA:411,0
DA:414,0
DA:418,0
DA:419,0
DA:422,0
DA:423,0
DA:424,0
DA:425,0
DA:438,0
DA:440,0
DA:442,0
DA:453,0
DA:463,0
DA:464,0
DA:468,0
DA:469,0
DA:470,0
DA:471,0
DA:475,0
DA:484,0
DA:490,0
DA:492,0
DA:505,0
DA:514,0
DA:515,0
DA:517,0
DA:521,0
DA:529,0
DA:531,0
DA:532,0
DA:535,0
DA:539,0
DA:541,0
DA:552,0
DA:554,0
DA:556,0
DA:566,0
DA:573,0
DA:575,0
DA:577,0
DA:582,0
DA:607,0
DA:608,0
DA:609,0
DA:610,0
DA:611,0
DA:612,0
DA:613,0
DA:614,0
LF:136
LH:0
BRDA:28,0,0,0
BRDA:28,0,1,0
BRDA:64,1,0,0
BRDA:64,1,1,0
BRDA:83,2,0,0
BRDA:83,2,1,0
BRDA:89,3,0,0
BRDA:93,4,0,0
BRDA:93,4,1,0
BRDA:94,5,0,0
BRDA:94,5,1,0
BRDA:99,6,0,0
BRDA:99,6,1,0
BRDA:148,7,0,0
BRDA:148,7,1,0
BRDA:149,8,0,0
BRDA:149,8,1,0
BRDA:166,9,0,0
BRDA:166,9,1,0
BRDA:166,10,0,0
BRDA:166,10,1,0
BRDA:178,11,0,0
BRDA:178,11,1,0
BRDA:179,12,0,0
BRDA:179,12,1,0
BRDA:194,13,0,0
BRDA:196,14,0,0
BRDA:197,15,0,0
BRDA:198,16,0,0
BRDA:199,17,0,0
BRDA:201,18,0,0
BRDA:202,19,0,0
BRDA:204,20,0,0
BRDA:205,21,0,0
BRDA:206,22,0,0
BRDA:207,23,0,0
BRDA:208,24,0,0
BRDA:209,25,0,0
BRDA:210,26,0,0
BRDA:211,27,0,0
BRDA:212,28,0,0
BRDA:213,29,0,0
BRDA:214,30,0,0
BRDA:215,31,0,0
BRDA:220,32,0,0
BRDA:222,33,0,0
BRDA:222,33,1,0
BRDA:222,33,2,0
BRDA:224,34,0,0
BRDA:224,34,1,0
BRDA:224,35,0,0
BRDA:224,35,1,0
BRDA:231,36,0,0
BRDA:231,36,1,0
BRDA:231,37,0,0
BRDA:231,37,1,0
BRDA:234,38,0,0
BRDA:234,38,1,0
BRDA:248,39,0,0
BRDA:248,39,1,0
BRDA:266,40,0,0
BRDA:266,40,1,0
BRDA:268,41,0,0
BRDA:268,41,1,0
BRDA:269,42,0,0
BRDA:269,42,1,0
BRDA:274,43,0,0
BRDA:274,43,1,0
BRDA:276,44,0,0
BRDA:276,44,1,0
BRDA:277,45,0,0
BRDA:277,45,1,0
BRDA:283,46,0,0
BRDA:283,46,1,0
BRDA:284,47,0,0
BRDA:284,47,1,0
BRDA:287,48,0,0
BRDA:287,48,1,0
BRDA:287,49,0,0
BRDA:287,49,1,0
BRDA:290,50,0,0
BRDA:290,50,1,0
BRDA:292,51,0,0
BRDA:292,51,1,0
BRDA:293,52,0,0
BRDA:293,52,1,0
BRDA:298,53,0,0
BRDA:298,53,1,0
BRDA:300,54,0,0
BRDA:300,54,1,0
BRDA:301,55,0,0
BRDA:301,55,1,0
BRDA:304,56,0,0
BRDA:304,56,1,0
BRDA:304,57,0,0
BRDA:304,57,1,0
BRDA:307,58,0,0
BRDA:307,58,1,0
BRDA:309,59,0,0
BRDA:309,59,1,0
BRDA:310,60,0,0
BRDA:310,60,1,0
BRDA:345,61,0,0
BRDA:348,62,0,0
BRDA:353,63,0,0
BRDA:353,63,1,0
BRDA:353,63,2,0
BRDA:363,64,0,0
BRDA:363,64,1,0
BRDA:366,65,0,0
BRDA:366,65,1,0
BRDA:372,66,0,0
BRDA:372,66,1,0
BRDA:377,67,0,0
BRDA:377,67,1,0
BRDA:378,68,0,0
BRDA:378,68,1,0
BRDA:378,69,0,0
BRDA:378,69,1,0
BRDA:378,69,2,0
BRDA:378,69,3,0
BRDA:386,70,0,0
BRDA:386,70,1,0
BRDA:411,71,0,0
BRDA:411,71,1,0
BRDA:418,72,0,0
BRDA:418,72,1,0
BRDA:423,73,0,0
BRDA:423,73,1,0
BRDA:424,74,0,0
BRDA:424,74,1,0
BRDA:434,75,0,0
BRDA:434,75,1,0
BRDA:438,76,0,0
BRDA:438,76,1,0
BRDA:440,77,0,0
BRDA:440,77,1,0
BRDA:454,78,0,0
BRDA:454,78,1,0
BRDA:454,78,2,0
BRDA:463,79,0,0
BRDA:463,79,1,0
BRDA:468,80,0,0
BRDA:468,80,1,0
BRDA:469,81,0,0
BRDA:469,81,1,0
BRDA:470,82,0,0
BRDA:470,82,1,0
BRDA:471,83,0,0
BRDA:471,83,1,0
BRDA:484,84,0,0
BRDA:484,84,1,0
BRDA:485,85,0,0
BRDA:485,85,1,0
BRDA:485,85,2,0
BRDA:488,86,0,0
BRDA:488,86,1,0
BRDA:490,87,0,0
BRDA:490,87,1,0
BRDA:506,88,0,0
BRDA:506,88,1,0
BRDA:506,88,2,0
BRDA:514,89,0,0
BRDA:514,89,1,0
BRDA:531,90,0,0
BRDA:531,90,1,0
BRDA:539,91,0,0
BRDA:539,91,1,0
BRDA:552,92,0,0
BRDA:552,92,1,0
BRDA:554,93,0,0
BRDA:554,93,1,0
BRDA:569,94,0,0
BRDA:569,94,1,0
BRDA:573,95,0,0
BRDA:573,95,1,0
BRDA:575,96,0,0
BRDA:575,96,1,0
BRDA:578,97,0,0
BRDA:578,97,1,0
BRDA:578,97,2,0
BRDA:584,98,0,0
BRDA:584,98,1,0
BRDA:592,99,0,0
BRDA:592,99,1,0
BRF:185
BRH:0
end_of_record
TN:
SF:src/components/Table/types.ts
FNF:0
FNH:0
LF:0
LH:0
BRF:0
BRH:0
end_of_record
TN:
SF:src/components/Text/Text.tsx
FN:12,(anonymous_0)
FN:35,(anonymous_1)
FN:42,(anonymous_2)
FN:53,(anonymous_3)
FNF:4
FNH:4
FNDA:24,(anonymous_0)
FNDA:1,(anonymous_1)
FNDA:5,(anonymous_2)
FNDA:24,(anonymous_3)
DA:11,2
DA:12,24
DA:34,2
DA:35,1
DA:41,2
DA:42,5
DA:53,2
DA:67,24
DA:102,2
DA:103,2
LF:10
LH:10
BRDA:43,0,0,3
BRDA:43,0,1,2
BRDA:60,1,0,24
BRDA:62,2,0,5
BRDA:63,3,0,24
BRDA:64,4,0,24
BRDA:65,5,0,24
BRDA:68,6,0,24
BRDA:68,6,1,1
BRDA:69,7,0,24
BRDA:69,7,1,23
BRDA:69,7,2,22
BRDA:69,7,3,2
BRDA:72,8,0,1
BRDA:72,8,1,1
BRDA:72,9,0,2
BRDA:72,9,1,1
BRDA:81,10,0,24
BRDA:81,10,1,23
BRDA:81,10,2,1
BRDA:86,11,0,24
BRDA:86,11,1,23
BRDA:88,12,0,24
BRDA:88,12,1,23
BRDA:88,12,2,2
BRDA:90,13,0,1
BRDA:90,13,1,1
BRF:27
BRH:27
end_of_record
TN:
SF:src/components/TextInput/TextInput.tsx
FN:12,(anonymous_0)
FN:28,(anonymous_1)
FN:43,(anonymous_2)
FN:60,(anonymous_3)
FN:76,(anonymous_4)
FN:88,(anonymous_5)
FN:139,(anonymous_6)
FN:154,(anonymous_7)
FN:156,(anonymous_8)
FN:221,(anonymous_9)
FNF:10
FNH:0
FNDA:0,(anonymous_0)
FNDA:0,(anonymous_1)
FNDA:0,(anonymous_2)
FNDA:0,(anonymous_3)
FNDA:0,(anonymous_4)
FNDA:0,(anonymous_5)
FNDA:0,(anonymous_6)
FNDA:0,(anonymous_7)
FNDA:0,(anonymous_8)
FNDA:0,(anonymous_9)
DA:11,0
DA:13,0
DA:14,0
DA:27,0
DA:29,0
DA:30,0
DA:42,0
DA:44,0
DA:45,0
DA:59,0
DA:61,0
DA:63,0
DA:75,0
DA:77,0
DA:78,0
DA:87,0
DA:89,0
DA:90,0
DA:139,0
DA:143,0
DA:144,0
DA:151,0
DA:154,0
DA:156,0
DA:196,0
DA:203,0
DA:204,0
DA:205,0
DA:206,0
DA:207,0
DA:209,0
DA:211,0
DA:222,0
DA:223,0
DA:224,0
DA:228,0
DA:229,0
DA:265,0
DA:266,0
DA:267,0
DA:268,0
DA:269,0
LF:42
LH:0
BRDA:12,0,0,0
BRDA:15,1,0,0
BRDA:15,1,1,0
BRDA:22,2,0,0
BRDA:22,2,1,0
BRDA:54,3,0,0
BRDA:54,3,1,0
BRDA:80,4,0,0
BRDA:80,4,1,0
BRDA:80,5,0,0
BRDA:80,5,1,0
BRDA:82,6,0,0
BRDA:82,6,1,0
BRDA:143,7,0,0
BRDA:143,7,1,0
BRDA:161,8,0,0
BRDA:162,9,0,0
BRDA:170,10,0,0
BRDA:171,11,0,0
BRDA:173,12,0,0
BRDA:174,13,0,0
BRDA:178,14,0,0
BRDA:179,15,0,0
BRDA:180,16,0,0
BRDA:183,17,0,0
BRDA:184,18,0,0
BRDA:186,19,0,0
BRDA:188,20,0,0
BRDA:189,21,0,0
BRDA:190,22,0,0
BRDA:191,23,0,0
BRDA:192,24,0,0
BRDA:193,25,0,0
BRDA:204,26,0,0
BRDA:204,26,1,0
BRDA:206,27,0,0
BRDA:206,27,1,0
BRDA:209,28,0,0
BRDA:209,28,1,0
BRDA:213,29,0,0
BRDA:213,29,1,0
BRDA:223,30,0,0
BRDA:223,30,1,0
BRDA:223,31,0,0
BRDA:223,31,1,0
BRDA:224,32,0,0
BRDA:224,32,1,0
BRDA:244,33,0,0
BRDA:244,33,1,0
BRDA:249,34,0,0
BRDA:249,34,1,0
BRDA:249,34,2,0
BRDA:258,35,0,0
BRDA:258,35,1,0
BRDA:258,35,2,0
BRF:55
BRH:0
end_of_record
TN:
SF:src/context/index.tsx
FN:29,(anonymous_0)
FN:57,useTheme
FN:62,(anonymous_2)
FN:64,(anonymous_3)
FN:69,(anonymous_4)
FNF:5
FNH:4
FNDA:0,(anonymous_0)
FNDA:171,useTheme
FNDA:66,(anonymous_2)
FNDA:228,(anonymous_3)
FNDA:228,(anonymous_4)
DA:6,7
DA:22,7
DA:27,7
DA:29,7
DA:36,0
DA:40,0
DA:46,0
DA:50,0
DA:58,171
DA:59,171
DA:62,7
DA:63,66
DA:65,228
DA:69,66
DA:70,228
DA:71,228
LF:16
LH:12
BRDA:8,0,0,7
BRDA:8,0,1,0
BRDA:30,1,0,0
BRDA:36,2,0,0
BRDA:36,3,0,0
BRDA:40,4,0,0
BRDA:40,4,1,0
BRF:7
BRH:1
end_of_record
TN:
SF:src/enums/colors.ts
FNF:0
FNH:0
LF:0
LH:0
BRF:0
BRH:0
end_of_record
TN:
SF:src/enums/fonts.ts
FNF:0
FNH:0
LF:0
LH:0
BRF:0
BRH:0
end_of_record
TN:
SF:src/enums/timings.ts
FNF:0
FNH:0
LF:0
LH:0
BRF:0
BRH:0
end_of_record
TN:
SF:src/enums/variants.ts
FNF:0
FNH:0
LF:0
LH:0
BRF:0
BRH:0
end_of_record
TN:
SF:src/htmlElements/index.tsx
FNF:0
FNH:0
DA:6,6
DA:7,6
DA:8,6
DA:9,6
DA:10,6
DA:11,6
DA:12,6
DA:13,6
DA:14,6
DA:15,6
DA:16,6
LF:11
LH:11
BRF:0
BRH:0
end_of_record
TN:
SF:src/utils/color.ts
FN:13,(anonymous_0)
FN:31,(anonymous_1)
FN:48,(anonymous_2)
FNF:3
FNH:2
FNDA:48,(anonymous_0)
FNDA:36,(anonymous_1)
FNDA:0,(anonymous_2)
DA:13,3
DA:19,48
DA:20,14
DA:22,34
DA:31,3
DA:36,36
DA:39,28
DA:41,8
DA:48,3
DA:56,0
LF:10
LH:9
BRDA:16,0,0,12
BRDA:17,1,0,12
BRDA:19,2,0,14
BRDA:19,2,1,34
BRDA:34,3,0,0
BRDA:36,4,0,1
BRDA:36,4,1,28
BRDA:36,4,2,8
BRDA:48,5,0,0
BRDA:49,6,0,0
BRDA:50,7,0,0
BRDA:51,8,0,0
BRF:12
BRH:7
end_of_record
TN:
SF:src/utils/math.ts
FN:1,(anonymous_0)
FNF:1
FNH:0
FNDA:0,(anonymous_0)
DA:1,1
DA:2,0
LF:2
LH:1
BRF:0
BRH:0
end_of_record
TN:
SF:src/utils/styles.ts
FN:17,(anonymous_0)
FN:31,(anonymous_1)
FN:52,(anonymous_2)
FNF:3
FNH:3
FNDA:1,(anonymous_0)
FNDA:1,(anonymous_1)
FNDA:61,(anonymous_2)
DA:3,2
DA:17,2
DA:18,1
DA:26,1
DA:27,0
DA:29,1
DA:30,1
DA:31,1
DA:33,1
DA:36,1
DA:37,1
DA:40,1
DA:41,1
DA:42,1
DA:52,2
DA:53,61
DA:54,60
DA:56,1
DA:57,1
DA:59,1
LF:20
LH:19
BRDA:17,0,0,0
BRDA:26,1,0,0
BRDA:26,1,1,1
BRDA:37,2,0,0
BRDA:37,2,1,1
BRDA:40,3,0,0
BRDA:40,3,1,1
BRDA:52,4,0,0
BRDA:53,5,0,60
BRDA:53,5,1,1
BRDA:59,6,0,1
BRDA:59,6,1,0
BRF:12
BRH:6
end_of_record
