TN:
SF:src/serviceWorker.ts
FN:21,register
FN:32,(anonymous_1)
FN:41,(anonymous_2)
FN:55,registerValidSW
FN:58,(anonymous_4)
FN:59,(anonymous_5)
FN:64,(anonymous_6)
FN:94,(anonymous_7)
FN:99,checkValidServiceWorker
FN:104,(anonymous_9)
FN:112,(anonymous_10)
FN:113,(anonymous_11)
FN:122,(anonymous_12)
FN:127,unregister
FN:130,(anonymous_14)
FN:133,(anonymous_15)
FNF:16
FNH:0
FNDA:0,register
FNDA:0,(anonymous_1)
FNDA:0,(anonymous_2)
FNDA:0,registerValidSW
FNDA:0,(anonymous_4)
FNDA:0,(anonymous_5)
FNDA:0,(anonymous_6)
FNDA:0,(anonymous_7)
FNDA:0,checkValidServiceWorker
FNDA:0,(anonymous_9)
FNDA:0,(anonymous_10)
FNDA:0,(anonymous_11)
FNDA:0,(anonymous_12)
FNDA:0,unregister
FNDA:0,(anonymous_14)
FNDA:0,(anonymous_15)
DA:13,0
DA:22,0
DA:24,0
DA:25,0
DA:29,0
DA:32,0
DA:33,0
DA:35,0
DA:37,0
DA:41,0
DA:42,0
DA:49,0
DA:56,0
DA:59,0
DA:60,0
DA:61,0
DA:62,0
DA:64,0
DA:65,0
DA:66,0
DA:70,0
DA:76,0
DA:77,0
DA:83,0
DA:86,0
DA:87,0
DA:95,0
DA:101,0
DA:106,0
DA:107,0
DA:112,0
DA:113,0
DA:114,0
DA:119,0
DA:123,0
DA:128,0
DA:129,0
DA:131,0
DA:134,0
LF:39
LH:0
BRDA:14,0,0,0
BRDA:14,0,1,0
BRDA:14,0,2,0
BRDA:22,1,0,0
BRDA:22,1,1,0
BRDA:22,2,0,0
BRDA:22,2,1,0
BRDA:25,3,0,0
BRDA:25,3,1,0
BRDA:35,4,0,0
BRDA:35,4,1,0
BRDA:61,5,0,0
BRDA:61,5,1,0
BRDA:65,6,0,0
BRDA:65,6,1,0
BRDA:66,7,0,0
BRDA:66,7,1,0
BRDA:76,8,0,0
BRDA:76,8,1,0
BRDA:76,9,0,0
BRDA:76,9,1,0
BRDA:86,10,0,0
BRDA:86,10,1,0
BRDA:86,11,0,0
BRDA:86,11,1,0
BRDA:107,12,0,0
BRDA:107,12,1,0
BRDA:108,13,0,0
BRDA:108,13,1,0
BRDA:108,13,2,0
BRDA:128,14,0,0
BRDA:128,14,1,0
BRF:32
BRH:0
end_of_record
TN:
SF:src/components/Button/Button.tsx
FN:55,(anonymous_0)
FN:73,(anonymous_1)
FN:90,(anonymous_2)
FN:139,(anonymous_3)
FN:145,(anonymous_4)
FN:150,(anonymous_5)
FNF:6
FNH:6
FNDA:38,(anonymous_0)
FNDA:38,(anonymous_1)
FNDA:38,(anonymous_2)
FNDA:3,(anonymous_3)
FNDA:2,(anonymous_4)
FNDA:38,(anonymous_5)
DA:55,2
DA:61,38
DA:62,35
DA:64,3
DA:73,2
DA:78,38
DA:81,3
DA:83,35
DA:87,2
DA:91,38
DA:92,38
DA:93,38
DA:95,38
DA:127,2
DA:134,2
DA:138,2
DA:139,3
DA:144,2
DA:145,2
DA:150,2
DA:165,38
DA:166,38
DA:167,38
DA:169,38
DA:219,2
DA:220,2
DA:221,2
DA:222,2
LF:28
LH:28
BRDA:61,0,0,35
BRDA:61,0,1,3
BRDA:78,1,0,1
BRDA:78,1,1,3
BRDA:78,1,2,35
BRDA:81,2,0,3
BRDA:81,2,1,0
BRDA:90,3,0,0
BRDA:108,4,0,2
BRDA:108,4,1,36
BRDA:115,5,0,35
BRDA:115,5,1,3
BRDA:120,6,0,35
BRDA:120,6,1,3
BRDA:140,7,0,0
BRDA:140,7,1,3
BRDA:146,8,0,0
BRDA:146,8,1,2
BRDA:151,9,0,11
BRDA:152,10,0,11
BRDA:158,11,0,37
BRDA:159,12,0,7
BRDA:160,13,0,38
BRDA:163,14,0,38
BRDA:167,15,0,38
BRDA:167,15,1,37
BRDA:169,16,0,2
BRDA:169,16,1,36
BRDA:191,17,0,36
BRDA:191,17,1,35
BRDA:191,17,2,2
BRDA:193,18,0,1
BRDA:193,18,1,1
BRDA:193,19,0,2
BRDA:193,19,1,1
BRDA:200,20,0,36
BRDA:200,20,1,1
BRDA:207,21,0,36
BRDA:207,21,1,2
BRDA:208,22,0,1
BRDA:208,22,1,1
BRF:41
BRH:37
end_of_record
TN:
SF:src/components/Card/Card.tsx
FN:10,(anonymous_0)
FN:26,(anonymous_1)
FN:43,(anonymous_2)
FN:53,(anonymous_3)
FN:89,(anonymous_4)
FN:100,(anonymous_5)
FNF:6
FNH:0
FNDA:0,(anonymous_0)
FNDA:0,(anonymous_1)
FNDA:0,(anonymous_2)
FNDA:0,(anonymous_3)
FNDA:0,(anonymous_4)
FNDA:0,(anonymous_5)
DA:9,0
DA:11,0
DA:12,0
DA:25,0
DA:27,0
DA:28,0
DA:37,0
DA:42,0
DA:44,0
DA:45,0
DA:52,0
DA:54,0
DA:55,0
DA:89,0
DA:108,0
DA:115,0
DA:116,0
DA:117,0
DA:118,0
DA:119,0
LF:20
LH:0
BRDA:17,0,0,0
BRDA:17,0,1,0
BRDA:90,1,0,0
BRDA:91,2,0,0
BRDA:92,3,0,0
BRDA:93,4,0,0
BRDA:100,5,0,0
BRDA:106,6,0,0
BRDA:109,7,0,0
BRDA:109,7,1,0
BRDA:110,8,0,0
BRDA:110,8,1,0
BRDA:111,9,0,0
BRDA:111,9,1,0
BRF:14
BRH:0
end_of_record
TN:
SF:src/components/Checkbox/Checkbox.tsx
FN:33,(anonymous_0)
FN:48,(anonymous_1)
FN:74,(anonymous_2)
FN:86,(anonymous_3)
FN:97,(anonymous_4)
FN:108,(anonymous_5)
FN:150,(anonymous_6)
FNF:7
FNH:4
FNDA:4,(anonymous_0)
FNDA:4,(anonymous_1)
FNDA:0,(anonymous_2)
FNDA:0,(anonymous_3)
FNDA:2,(anonymous_4)
FNDA:0,(anonymous_5)
FNDA:4,(anonymous_6)
DA:19,1
DA:32,1
DA:34,4
DA:35,4
DA:47,1
DA:49,4
DA:50,4
DA:64,1
DA:69,1
DA:73,1
DA:75,0
DA:76,0
DA:85,1
DA:87,0
DA:88,0
DA:96,1
DA:98,2
DA:99,2
DA:107,1
DA:109,0
DA:110,0
DA:134,1
DA:142,1
DA:150,1
DA:162,4
DA:163,4
DA:164,4
DA:177,1
DA:178,1
DA:179,1
DA:180,1
DA:181,1
LF:32
LH:26
BRDA:151,0,0,4
BRDA:152,1,0,4
BRDA:153,2,0,4
BRDA:154,3,0,4
BRDA:156,4,0,4
BRDA:157,5,0,1
BRDA:168,6,0,2
BRDA:168,6,1,2
BRF:8
BRH:8
end_of_record
TN:
SF:src/components/Divider/Divider.tsx
FN:8,(anonymous_0)
FN:33,(anonymous_1)
FNF:2
FNH:2
FNDA:2,(anonymous_0)
FNDA:2,(anonymous_1)
DA:7,1
DA:9,2
DA:10,2
DA:19,1
DA:33,1
DA:39,2
DA:44,1
LF:7
LH:7
BRDA:8,0,0,0
BRDA:8,1,0,0
BRDA:34,2,0,2
BRDA:35,3,0,2
BRDA:36,4,0,1
BRDA:37,5,0,1
BRF:6
BRH:4
end_of_record
TN:
SF:src/components/Dropdown/Dropdown.tsx
FN:14,(anonymous_0)
FN:24,(anonymous_1)
FN:63,(anonymous_2)
FN:81,(anonymous_3)
FN:129,(anonymous_4)
FN:161,(anonymous_5)
FN:166,(anonymous_6)
FN:176,(anonymous_7)
FN:177,(anonymous_8)
FN:180,(anonymous_9)
FN:201,(anonymous_10)
FN:204,(anonymous_11)
FN:216,(anonymous_12)
FN:219,(anonymous_13)
FN:260,(anonymous_14)
FN:263,(anonymous_15)
FN:273,(anonymous_16)
FN:292,(anonymous_17)
FN:294,(anonymous_18)
FN:304,(anonymous_19)
FN:314,(anonymous_20)
FN:319,(anonymous_21)
FNF:22
FNH:18
FNDA:27,(anonymous_0)
FNDA:27,(anonymous_1)
FNDA:14,(anonymous_2)
FNDA:42,(anonymous_3)
FNDA:27,(anonymous_4)
FNDA:10,(anonymous_5)
FNDA:3,(anonymous_6)
FNDA:6,(anonymous_7)
FNDA:6,(anonymous_8)
FNDA:1,(anonymous_9)
FNDA:0,(anonymous_10)
FNDA:0,(anonymous_11)
FNDA:5,(anonymous_12)
FNDA:5,(anonymous_13)
FNDA:8,(anonymous_14)
FNDA:8,(anonymous_15)
FNDA:0,(anonymous_16)
FNDA:10,(anonymous_17)
FNDA:10,(anonymous_18)
FNDA:0,(anonymous_19)
FNDA:42,(anonymous_20)
FNDA:5,(anonymous_21)
DA:13,1
DA:14,27
DA:23,1
DA:24,27
DA:44,1
DA:53,1
DA:57,1
DA:62,1
DA:64,14
DA:65,14
DA:80,1
DA:82,42
DA:83,42
DA:98,1
DA:129,1
DA:149,27
DA:158,27
DA:160,27
DA:162,10
DA:163,10
DA:165,10
DA:166,3
DA:167,3
DA:168,0
DA:175,27
DA:177,6
DA:178,6
DA:179,4
DA:180,1
DA:182,4
DA:183,0
DA:185,4
DA:191,2
DA:192,0
DA:194,2
DA:200,27
DA:202,0
DA:203,0
DA:204,0
DA:208,0
DA:209,0
DA:215,27
DA:219,5
DA:220,5
DA:221,5
DA:223,1
DA:224,1
DA:225,1
DA:227,1
DA:229,1
DA:230,1
DA:231,1
DA:232,1
DA:235,1
DA:237,3
DA:238,1
DA:239,1
DA:240,1
DA:241,1
DA:242,1
DA:245,2
DA:246,2
DA:247,2
DA:248,2
DA:251,3
DA:253,0
DA:260,27
DA:261,8
DA:262,8
DA:263,8
DA:264,8
DA:269,27
DA:273,0
DA:283,27
DA:293,10
DA:294,10
DA:304,0
DA:315,42
DA:319,5
DA:340,1
DA:341,1
DA:342,1
DA:343,1
DA:344,1
LF:84
LH:73
BRDA:19,0,0,14
BRDA:19,0,1,13
BRDA:31,1,0,14
BRDA:31,1,1,13
BRDA:130,2,0,27
BRDA:131,3,0,27
BRDA:132,4,0,27
BRDA:133,5,0,27
BRDA:134,6,0,27
BRDA:136,7,0,27
BRDA:138,8,0,27
BRDA:139,9,0,16
BRDA:145,10,0,27
BRDA:146,11,0,27
BRDA:147,12,0,26
BRDA:165,13,0,3
BRDA:165,13,1,7
BRDA:165,14,0,10
BRDA:165,14,1,7
BRDA:165,14,2,7
BRDA:167,15,0,0
BRDA:167,15,1,3
BRDA:178,16,0,4
BRDA:178,16,1,2
BRDA:179,17,0,1
BRDA:179,17,1,3
BRDA:182,18,0,0
BRDA:182,18,1,4
BRDA:191,19,0,0
BRDA:191,19,1,2
BRDA:208,20,0,0
BRDA:208,20,1,0
BRDA:221,21,0,1
BRDA:221,21,1,1
BRDA:221,21,2,3
BRDA:221,21,3,0
BRDA:223,22,0,1
BRDA:223,22,1,1
BRDA:224,23,0,1
BRDA:224,23,1,0
BRDA:229,24,0,1
BRDA:229,24,1,0
BRDA:229,25,0,1
BRDA:229,25,1,1
BRDA:231,26,0,1
BRDA:231,26,1,0
BRDA:237,27,0,1
BRDA:237,27,1,2
BRDA:237,28,0,3
BRDA:237,28,1,3
BRDA:239,29,0,1
BRDA:239,29,1,0
BRDA:241,30,0,1
BRDA:241,30,1,0
BRDA:245,31,0,2
BRDA:245,31,1,0
BRDA:245,32,0,2
BRDA:245,32,1,2
BRDA:247,33,0,2
BRDA:247,33,1,0
BRDA:270,34,0,27
BRDA:270,34,1,0
BRDA:279,35,0,14
BRDA:279,35,1,13
BRDA:308,36,0,27
BRDA:308,36,1,1
BRDA:308,36,2,26
BRDA:312,37,0,27
BRDA:312,37,1,14
BRDA:323,38,0,42
BRDA:323,38,1,4
BRF:71
BRH:57
end_of_record
TN:
SF:src/components/Label/Label.tsx
FN:9,(anonymous_0)
FN:45,(anonymous_1)
FNF:2
FNH:2
FNDA:4,(anonymous_0)
FNDA:4,(anonymous_1)
DA:8,1
DA:10,4
DA:11,4
DA:12,4
DA:21,1
DA:23,1
DA:25,1
DA:45,1
DA:59,4
DA:63,4
DA:64,1
DA:65,1
DA:66,3
DA:67,1
DA:68,1
DA:70,2
DA:71,2
DA:74,4
DA:89,1
DA:90,1
DA:91,1
DA:92,1
LF:22
LH:22
BRDA:11,0,0,4
BRDA:11,0,1,0
BRDA:47,1,0,4
BRDA:48,2,0,4
BRDA:49,3,0,4
BRDA:50,4,0,4
BRDA:55,5,0,4
BRDA:56,6,0,1
BRDA:63,7,0,1
BRDA:63,7,1,3
BRDA:64,8,0,1
BRDA:64,8,1,0
BRDA:66,9,0,1
BRDA:66,9,1,2
BRDA:67,10,0,1
BRDA:67,10,1,0
BRDA:68,11,0,1
BRDA:68,11,1,0
BRDA:70,12,0,2
BRDA:70,12,1,1
BRDA:71,13,0,1
BRDA:71,13,1,1
BRF:22
BRH:18
end_of_record
TN:
SF:src/components/Modal/Modal.tsx
FN:10,(anonymous_0)
FN:38,(anonymous_1)
FN:88,(anonymous_2)
FN:95,(anonymous_3)
FN:96,(anonymous_4)
FNF:5
FNH:0
FNDA:0,(anonymous_0)
FNDA:0,(anonymous_1)
FNDA:0,(anonymous_2)
FNDA:0,(anonymous_3)
FNDA:0,(anonymous_4)
DA:9,0
DA:10,0
DA:25,0
DA:35,0
DA:37,0
DA:41,0
DA:43,0
DA:44,0
DA:45,0
DA:47,0
DA:48,0
DA:49,0
DA:51,0
DA:52,0
DA:53,0
DA:55,0
DA:56,0
DA:57,0
DA:60,0
DA:88,0
DA:101,0
DA:102,0
DA:144,0
DA:145,0
DA:146,0
LF:25
LH:0
BRDA:41,0,0,0
BRDA:41,0,1,0
BRDA:41,0,2,0
BRDA:41,0,3,0
BRDA:89,1,0,0
BRDA:90,2,0,0
BRDA:91,3,0,0
BRDA:92,4,0,0
BRDA:93,5,0,0
BRDA:95,6,0,0
BRDA:96,7,0,0
BRDA:97,8,0,0
BRDA:98,9,0,0
BRDA:99,10,0,0
BRDA:104,11,0,0
BRDA:104,11,1,0
BRDA:120,12,0,0
BRDA:120,12,1,0
BRDA:127,13,0,0
BRDA:127,13,1,0
BRDA:128,14,0,0
BRDA:128,14,1,0
BRF:22
BRH:0
end_of_record
TN:
SF:src/components/Progress/Progress.tsx
FN:18,(anonymous_0)
FNF:1
FNH:1
FNDA:3,(anonymous_0)
DA:5,3
DA:11,3
DA:17,3
DA:18,3
LF:4
LH:4
BRF:0
BRH:0
end_of_record
TN:
SF:src/components/RangeSlider/RangeSlider.tsx
FN:25,(anonymous_0)
FN:68,(anonymous_1)
FN:92,(anonymous_2)
FN:111,(anonymous_3)
FN:130,(anonymous_4)
FN:147,(anonymous_5)
FN:159,(anonymous_6)
FN:175,(anonymous_7)
FN:189,(anonymous_8)
FN:201,(anonymous_9)
FN:204,(anonymous_10)
FN:211,(anonymous_11)
FN:221,(anonymous_12)
FN:226,(anonymous_13)
FN:231,(anonymous_14)
FN:235,(anonymous_15)
FN:270,(anonymous_16)
FN:305,(anonymous_17)
FNF:18
FNH:7
FNDA:1,(anonymous_0)
FNDA:0,(anonymous_1)
FNDA:0,(anonymous_2)
FNDA:1,(anonymous_3)
FNDA:1,(anonymous_4)
FNDA:2,(anonymous_5)
FNDA:1,(anonymous_6)
FNDA:0,(anonymous_7)
FNDA:0,(anonymous_8)
FNDA:0,(anonymous_9)
FNDA:0,(anonymous_10)
FNDA:0,(anonymous_11)
FNDA:0,(anonymous_12)
FNDA:1,(anonymous_13)
FNDA:0,(anonymous_14)
FNDA:0,(anonymous_15)
FNDA:1,(anonymous_16)
FNDA:0,(anonymous_17)
DA:24,1
DA:25,1
DA:67,1
DA:69,0
DA:70,0
DA:71,0
DA:91,1
DA:93,0
DA:94,0
DA:110,1
DA:112,1
DA:113,1
DA:129,1
DA:131,1
DA:132,1
DA:146,1
DA:148,2
DA:149,2
DA:176,0
DA:185,1
DA:186,1
DA:190,0
DA:191,0
DA:193,0
DA:194,0
DA:196,0
DA:199,1
DA:201,0
DA:204,0
DA:207,1
DA:210,1
DA:211,1
DA:212,1
DA:215,1
DA:219,1
DA:220,1
DA:221,0
DA:225,1
DA:226,1
DA:230,1
DA:232,0
DA:233,0
DA:234,0
DA:235,0
DA:236,0
DA:237,0
DA:238,0
DA:242,0
DA:246,0
DA:247,0
DA:248,0
DA:270,1
DA:271,1
DA:280,1
DA:306,0
LF:55
LH:29
BRDA:25,0,0,1
BRDA:34,1,0,0
BRDA:34,1,1,1
BRDA:39,2,0,0
BRDA:39,2,1,1
BRDA:48,3,0,1
BRDA:48,3,1,0
BRDA:57,4,0,0
BRDA:57,4,1,1
BRDA:68,5,0,0
BRDA:70,6,0,0
BRDA:70,6,1,0
BRDA:86,7,0,0
BRDA:86,7,1,0
BRDA:92,8,0,0
BRDA:160,9,0,1
BRDA:161,10,0,1
BRDA:162,11,0,1
BRDA:163,12,0,1
BRDA:164,13,0,1
BRDA:165,14,0,1
BRDA:167,15,0,1
BRDA:168,16,0,1
BRDA:170,17,0,1
BRDA:171,18,0,1
BRDA:173,19,0,1
BRDA:174,20,0,1
BRDA:175,21,0,1
BRDA:178,22,0,1
BRDA:186,23,0,0
BRDA:186,23,1,1
BRDA:190,24,0,0
BRDA:190,24,1,0
BRDA:193,25,0,0
BRDA:193,25,1,0
BRDA:202,26,0,0
BRDA:202,26,1,1
BRDA:202,27,0,1
BRDA:202,27,1,1
BRDA:202,27,2,0
BRDA:234,28,0,0
BRDA:234,28,1,0
BRDA:236,29,0,0
BRDA:236,29,1,0
BRDA:237,30,0,0
BRDA:237,30,1,0
BRDA:242,31,0,0
BRDA:242,31,1,0
BRDA:242,32,0,0
BRDA:242,32,1,0
BRDA:246,33,0,0
BRDA:246,33,1,0
BRDA:249,34,0,0
BRDA:249,34,1,0
BRDA:250,35,0,0
BRDA:250,35,1,0
BRDA:252,36,0,0
BRDA:252,36,1,0
BRDA:288,37,0,1
BRDA:288,37,1,1
BRDA:298,38,0,1
BRDA:298,38,1,1
BRDA:319,39,0,1
BRDA:319,39,1,0
BRF:64
BRH:28
end_of_record
TN:
SF:src/components/RangeSlider/types.ts
FNF:0
FNH:0
LF:0
LH:0
BRF:0
BRH:0
end_of_record
TN:
SF:src/components/Table/Table.tsx
FN:84,(anonymous_0)
FN:98,(anonymous_1)
FN:114,(anonymous_2)
FN:132,(anonymous_3)
FN:148,(anonymous_4)
FN:185,(anonymous_5)
FN:202,(anonymous_6)
FN:224,(anonymous_7)
FN:232,(anonymous_8)
FN:252,(anonymous_9)
FN:282,(anonymous_10)
FN:294,(anonymous_11)
FN:316,(anonymous_12)
FN:319,(anonymous_13)
FN:333,(anonymous_14)
FN:334,(anonymous_15)
FN:351,(anonymous_16)
FN:372,(anonymous_17)
FN:391,(anonymous_18)
FN:415,(anonymous_19)
FN:435,(anonymous_20)
FN:448,(anonymous_21)
FN:452,(anonymous_22)
FN:453,(anonymous_23)
FN:472,(anonymous_24)
FN:486,(anonymous_25)
FN:531,(anonymous_26)
FN:576,(anonymous_27)
FN:584,(anonymous_28)
FN:598,(anonymous_29)
FN:618,(anonymous_30)
FN:628,(anonymous_31)
FNF:32
FNH:0
FNDA:0,(anonymous_0)
FNDA:0,(anonymous_1)
FNDA:0,(anonymous_2)
FNDA:0,(anonymous_3)
FNDA:0,(anonymous_4)
FNDA:0,(anonymous_5)
FNDA:0,(anonymous_6)
FNDA:0,(anonymous_7)
FNDA:0,(anonymous_8)
FNDA:0,(anonymous_9)
FNDA:0,(anonymous_10)
FNDA:0,(anonymous_11)
FNDA:0,(anonymous_12)
FNDA:0,(anonymous_13)
FNDA:0,(anonymous_14)
FNDA:0,(anonymous_15)
FNDA:0,(anonymous_16)
FNDA:0,(anonymous_17)
FNDA:0,(anonymous_18)
FNDA:0,(anonymous_19)
FNDA:0,(anonymous_20)
FNDA:0,(anonymous_21)
FNDA:0,(anonymous_22)
FNDA:0,(anonymous_23)
FNDA:0,(anonymous_24)
FNDA:0,(anonymous_25)
FNDA:0,(anonymous_26)
FNDA:0,(anonymous_27)
FNDA:0,(anonymous_28)
FNDA:0,(anonymous_29)
FNDA:0,(anonymous_30)
FNDA:0,(anonymous_31)
DA:79,0
DA:83,0
DA:85,0
DA:86,0
DA:97,0
DA:99,0
DA:100,0
DA:113,0
DA:114,0
DA:131,0
DA:133,0
DA:134,0
DA:147,0
DA:149,0
DA:150,0
DA:184,0
DA:186,0
DA:187,0
DA:193,0
DA:201,0
DA:202,0
DA:214,0
DA:217,0
DA:224,0
DA:225,0
DA:226,0
DA:227,0
DA:232,0
DA:237,0
DA:238,0
DA:239,0
DA:246,0
DA:252,0
DA:269,0
DA:270,0
DA:271,0
DA:272,0
DA:274,0
DA:275,0
DA:276,0
DA:277,0
DA:281,0
DA:283,0
DA:284,0
DA:286,0
DA:294,0
DA:295,0
DA:299,0
DA:300,0
DA:301,0
DA:303,0
DA:306,0
DA:316,0
DA:318,0
DA:319,0
DA:320,0
DA:326,0
DA:328,0
DA:329,0
DA:333,0
DA:334,0
DA:335,0
DA:339,0
DA:342,0
DA:344,0
DA:345,0
DA:350,0
DA:351,0
DA:352,0
DA:356,0
DA:359,0
DA:361,0
DA:362,0
DA:367,0
DA:368,0
DA:369,0
DA:372,0
DA:373,0
DA:391,0
DA:403,0
DA:416,0
DA:436,0
DA:448,0
DA:451,0
DA:453,0
DA:454,0
DA:458,0
DA:461,0
DA:464,0
DA:468,0
DA:469,0
DA:472,0
DA:473,0
DA:474,0
DA:475,0
DA:487,0
DA:489,0
DA:491,0
DA:502,0
DA:512,0
DA:513,0
DA:517,0
DA:518,0
DA:519,0
DA:520,0
DA:524,0
DA:532,0
DA:538,0
DA:540,0
DA:552,0
DA:561,0
DA:562,0
DA:564,0
DA:568,0
DA:576,0
DA:578,0
DA:579,0
DA:582,0
DA:586,0
DA:588,0
DA:599,0
DA:601,0
DA:603,0
DA:613,0
DA:620,0
DA:622,0
DA:624,0
DA:629,0
DA:653,0
DA:654,0
DA:655,0
DA:656,0
DA:657,0
DA:658,0
DA:659,0
DA:660,0
LF:136
LH:0
BRDA:87,0,0,0
BRDA:87,0,1,0
BRDA:123,1,0,0
BRDA:123,1,1,0
BRDA:142,2,0,0
BRDA:142,2,1,0
BRDA:148,3,0,0
BRDA:152,4,0,0
BRDA:152,4,1,0
BRDA:153,5,0,0
BRDA:153,5,1,0
BRDA:158,6,0,0
BRDA:158,6,1,0
BRDA:207,7,0,0
BRDA:207,7,1,0
BRDA:208,8,0,0
BRDA:208,8,1,0
BRDA:225,9,0,0
BRDA:225,9,1,0
BRDA:225,10,0,0
BRDA:225,10,1,0
BRDA:237,11,0,0
BRDA:237,11,1,0
BRDA:238,12,0,0
BRDA:238,12,1,0
BRDA:253,13,0,0
BRDA:255,14,0,0
BRDA:256,15,0,0
BRDA:257,16,0,0
BRDA:258,17,0,0
BRDA:260,18,0,0
BRDA:261,19,0,0
BRDA:262,20,0,0
BRDA:263,21,0,0
BRDA:264,22,0,0
BRDA:265,23,0,0
BRDA:266,24,0,0
BRDA:267,25,0,0
BRDA:272,26,0,0
BRDA:274,27,0,0
BRDA:274,27,1,0
BRDA:274,27,2,0
BRDA:276,28,0,0
BRDA:276,28,1,0
BRDA:276,29,0,0
BRDA:276,29,1,0
BRDA:283,30,0,0
BRDA:283,30,1,0
BRDA:283,31,0,0
BRDA:283,31,1,0
BRDA:286,32,0,0
BRDA:286,32,1,0
BRDA:300,33,0,0
BRDA:300,33,1,0
BRDA:318,34,0,0
BRDA:318,34,1,0
BRDA:320,35,0,0
BRDA:320,35,1,0
BRDA:321,36,0,0
BRDA:321,36,1,0
BRDA:326,37,0,0
BRDA:326,37,1,0
BRDA:328,38,0,0
BRDA:328,38,1,0
BRDA:329,39,0,0
BRDA:329,39,1,0
BRDA:335,40,0,0
BRDA:335,40,1,0
BRDA:336,41,0,0
BRDA:336,41,1,0
BRDA:339,42,0,0
BRDA:339,42,1,0
BRDA:339,43,0,0
BRDA:339,43,1,0
BRDA:342,44,0,0
BRDA:342,44,1,0
BRDA:344,45,0,0
BRDA:344,45,1,0
BRDA:345,46,0,0
BRDA:345,46,1,0
BRDA:350,47,0,0
BRDA:350,47,1,0
BRDA:352,48,0,0
BRDA:352,48,1,0
BRDA:353,49,0,0
BRDA:353,49,1,0
BRDA:356,50,0,0
BRDA:356,50,1,0
BRDA:356,51,0,0
BRDA:356,51,1,0
BRDA:359,52,0,0
BRDA:359,52,1,0
BRDA:361,53,0,0
BRDA:361,53,1,0
BRDA:362,54,0,0
BRDA:362,54,1,0
BRDA:397,55,0,0
BRDA:400,56,0,0
BRDA:404,57,0,0
BRDA:404,57,1,0
BRDA:404,57,2,0
BRDA:413,58,0,0
BRDA:413,58,1,0
BRDA:416,59,0,0
BRDA:416,59,1,0
BRDA:422,60,0,0
BRDA:422,60,1,0
BRDA:427,61,0,0
BRDA:427,61,1,0
BRDA:428,62,0,0
BRDA:428,62,1,0
BRDA:428,63,0,0
BRDA:428,63,1,0
BRDA:428,63,2,0
BRDA:428,63,3,0
BRDA:436,64,0,0
BRDA:436,64,1,0
BRDA:461,65,0,0
BRDA:461,65,1,0
BRDA:468,66,0,0
BRDA:468,66,1,0
BRDA:473,67,0,0
BRDA:473,67,1,0
BRDA:474,68,0,0
BRDA:474,68,1,0
BRDA:484,69,0,0
BRDA:484,69,1,0
BRDA:487,70,0,0
BRDA:487,70,1,0
BRDA:489,71,0,0
BRDA:489,71,1,0
BRDA:503,72,0,0
BRDA:503,72,1,0
BRDA:503,72,2,0
BRDA:512,73,0,0
BRDA:512,73,1,0
BRDA:517,74,0,0
BRDA:517,74,1,0
BRDA:518,75,0,0
BRDA:518,75,1,0
BRDA:519,76,0,0
BRDA:519,76,1,0
BRDA:520,77,0,0
BRDA:520,77,1,0
BRDA:532,78,0,0
BRDA:532,78,1,0
BRDA:533,79,0,0
BRDA:533,79,1,0
BRDA:533,79,2,0
BRDA:536,80,0,0
BRDA:536,80,1,0
BRDA:538,81,0,0
BRDA:538,81,1,0
BRDA:553,82,0,0
BRDA:553,82,1,0
BRDA:553,82,2,0
BRDA:561,83,0,0
BRDA:561,83,1,0
BRDA:578,84,0,0
BRDA:578,84,1,0
BRDA:586,85,0,0
BRDA:586,85,1,0
BRDA:599,86,0,0
BRDA:599,86,1,0
BRDA:601,87,0,0
BRDA:601,87,1,0
BRDA:616,88,0,0
BRDA:616,88,1,0
BRDA:620,89,0,0
BRDA:620,89,1,0
BRDA:622,90,0,0
BRDA:622,90,1,0
BRDA:625,91,0,0
BRDA:625,91,1,0
BRDA:625,91,2,0
BRDA:631,92,0,0
BRDA:631,92,1,0
BRDA:638,93,0,0
BRDA:638,93,1,0
BRF:179
BRH:0
end_of_record
TN:
SF:src/components/Text/Text.tsx
FN:11,(anonymous_0)
FN:31,(anonymous_1)
FN:38,(anonymous_2)
FN:49,(anonymous_3)
FNF:4
FNH:4
FNDA:5,(anonymous_0)
FNDA:1,(anonymous_1)
FNDA:5,(anonymous_2)
FNDA:5,(anonymous_3)
DA:10,1
DA:11,5
DA:30,1
DA:31,1
DA:37,1
DA:38,5
DA:49,1
DA:60,5
DA:93,1
DA:94,1
LF:10
LH:10
BRDA:39,0,0,3
BRDA:39,0,1,2
BRDA:56,1,0,5
BRDA:57,2,0,5
BRDA:58,3,0,5
BRDA:61,4,0,5
BRDA:61,4,1,1
BRDA:62,5,0,5
BRDA:62,5,1,4
BRDA:62,5,2,3
BRDA:62,5,3,2
BRDA:65,6,0,1
BRDA:65,6,1,1
BRDA:65,7,0,2
BRDA:65,7,1,1
BRDA:74,8,0,5
BRDA:74,8,1,4
BRDA:74,8,2,1
BRDA:79,9,0,5
BRDA:79,9,1,4
BRDA:81,10,0,5
BRDA:81,10,1,4
BRDA:81,10,2,2
BRDA:83,11,0,1
BRDA:83,11,1,1
BRF:25
BRH:25
end_of_record
TN:
SF:src/components/TextInput/TextInput.tsx
FN:10,(anonymous_0)
FN:25,(anonymous_1)
FN:40,(anonymous_2)
FN:57,(anonymous_3)
FN:72,(anonymous_4)
FN:113,(anonymous_5)
FN:128,(anonymous_6)
FN:130,(anonymous_7)
FN:181,(anonymous_8)
FNF:9
FNH:0
FNDA:0,(anonymous_0)
FNDA:0,(anonymous_1)
FNDA:0,(anonymous_2)
FNDA:0,(anonymous_3)
FNDA:0,(anonymous_4)
FNDA:0,(anonymous_5)
FNDA:0,(anonymous_6)
FNDA:0,(anonymous_7)
FNDA:0,(anonymous_8)
DA:9,0
DA:11,0
DA:12,0
DA:24,0
DA:26,0
DA:27,0
DA:39,0
DA:41,0
DA:42,0
DA:56,0
DA:58,0
DA:59,0
DA:71,0
DA:73,0
DA:74,0
DA:113,0
DA:117,0
DA:118,0
DA:125,0
DA:128,0
DA:130,0
DA:160,0
DA:164,0
DA:165,0
DA:166,0
DA:167,0
DA:168,0
DA:171,0
DA:182,0
DA:183,0
DA:184,0
DA:208,0
DA:209,0
DA:210,0
DA:211,0
LF:35
LH:0
BRDA:13,0,0,0
BRDA:13,0,1,0
BRDA:51,1,0,0
BRDA:51,1,1,0
BRDA:117,2,0,0
BRDA:117,2,1,0
BRDA:135,3,0,0
BRDA:136,4,0,0
BRDA:144,5,0,0
BRDA:145,6,0,0
BRDA:152,7,0,0
BRDA:153,8,0,0
BRDA:155,9,0,0
BRDA:156,10,0,0
BRDA:165,11,0,0
BRDA:165,11,1,0
BRDA:167,12,0,0
BRDA:167,12,1,0
BRDA:173,13,0,0
BRDA:173,13,1,0
BRDA:193,14,0,0
BRDA:193,14,1,0
BRDA:198,15,0,0
BRDA:198,15,1,0
BRDA:203,16,0,0
BRDA:203,16,1,0
BRDA:203,16,2,0
BRF:27
BRH:0
end_of_record
TN:
SF:src/context/index.tsx
FN:29,(anonymous_0)
FN:52,useColors
FN:57,(anonymous_2)
FN:59,(anonymous_3)
FN:62,(anonymous_4)
FNF:5
FNH:4
FNDA:0,(anonymous_0)
FNDA:183,useColors
FNDA:66,(anonymous_2)
FNDA:267,(anonymous_3)
FNDA:267,(anonymous_4)
DA:6,7
DA:23,7
DA:29,7
DA:36,0
DA:37,0
DA:41,0
DA:45,0
DA:53,183
DA:54,183
DA:57,7
DA:58,66
DA:59,267
DA:62,66
DA:63,267
DA:64,267
LF:15
LH:11
BRDA:8,0,0,7
BRDA:8,0,1,0
BRDA:8,1,0,7
BRDA:8,1,1,7
BRDA:8,1,2,7
BRDA:36,2,0,0
BRDA:36,3,0,0
BRF:7
BRH:4
end_of_record
TN:
SF:src/enums/colors.ts
FNF:0
FNH:0
LF:0
LH:0
BRF:0
BRH:0
end_of_record
TN:
SF:src/enums/fonts.ts
FNF:0
FNH:0
LF:0
LH:0
BRF:0
BRH:0
end_of_record
TN:
SF:src/enums/timings.ts
FNF:0
FNH:0
LF:0
LH:0
BRF:0
BRH:0
end_of_record
TN:
SF:src/htmlElements/index.tsx
FNF:0
FNH:0
DA:6,6
DA:7,6
DA:8,6
DA:9,6
DA:10,6
DA:11,6
DA:12,6
DA:13,6
DA:14,6
DA:15,6
DA:16,6
LF:11
LH:11
BRF:0
BRH:0
end_of_record
TN:
SF:src/utils/math.ts
FN:1,(anonymous_0)
FNF:1
FNH:0
FNDA:0,(anonymous_0)
DA:1,1
DA:2,0
LF:2
LH:1
BRF:0
BRH:0
end_of_record
TN:
SF:src/utils/styles.ts
FN:17,(anonymous_0)
FN:31,(anonymous_1)
FN:52,(anonymous_2)
FNF:3
FNH:3
FNDA:1,(anonymous_0)
FNDA:1,(anonymous_1)
FNDA:65,(anonymous_2)
DA:3,2
DA:17,2
DA:18,1
DA:26,1
DA:27,0
DA:29,1
DA:30,1
DA:31,1
DA:33,1
DA:36,1
DA:37,1
DA:40,1
DA:41,1
DA:42,1
DA:52,2
DA:53,65
DA:54,64
DA:56,1
DA:57,1
DA:59,1
LF:20
LH:19
BRDA:17,0,0,0
BRDA:26,1,0,0
BRDA:26,1,1,1
BRDA:37,2,0,0
BRDA:37,2,1,1
BRDA:40,3,0,0
BRDA:40,3,1,1
BRDA:52,4,0,0
BRDA:53,5,0,64
BRDA:53,5,1,1
BRDA:59,6,0,1
BRDA:59,6,1,0
BRF:12
BRH:6
end_of_record
