{"total": {"lines":{"total":1234,"covered":882,"skipped":0,"pct":71.47},"statements":{"total":1269,"covered":896,"skipped":0,"pct":70.6},"functions":{"total":290,"covered":194,"skipped":0,"pct":66.89},"branches":{"total":1174,"covered":742,"skipped":0,"pct":63.2},"branchesTrue":{"total":0,"covered":0,"skipped":0,"pct":100}}
,"/home/runner/work/foundry-ui/foundry-ui/src/components/commonTypes.ts": {"lines":{"total":0,"covered":0,"skipped":0,"pct":100},"functions":{"total":0,"covered":0,"skipped":0,"pct":100},"statements":{"total":0,"covered":0,"skipped":0,"pct":100},"branches":{"total":0,"covered":0,"skipped":0,"pct":100}}
,"/home/runner/work/foundry-ui/foundry-ui/src/components/Avatar/Avatar.tsx": {"lines":{"total":16,"covered":16,"skipped":0,"pct":100},"functions":{"total":4,"covered":4,"skipped":0,"pct":100},"statements":{"total":16,"covered":16,"skipped":0,"pct":100},"branches":{"total":19,"covered":17,"skipped":0,"pct":89.47}}
,"/home/runner/work/foundry-ui/foundry-ui/src/components/Button/Button.tsx": {"lines":{"total":30,"covered":28,"skipped":0,"pct":93.33},"functions":{"total":15,"covered":11,"skipped":0,"pct":73.33},"statements":{"total":30,"covered":28,"skipped":0,"pct":93.33},"branches":{"total":58,"covered":50,"skipped":0,"pct":86.2}}
,"/home/runner/work/foundry-ui/foundry-ui/src/components/Card/Card.tsx": {"lines":{"total":30,"covered":29,"skipped":0,"pct":96.66},"functions":{"total":7,"covered":5,"skipped":0,"pct":71.42},"statements":{"total":30,"covered":29,"skipped":0,"pct":96.66},"branches":{"total":32,"covered":28,"skipped":0,"pct":87.5}}
,"/home/runner/work/foundry-ui/foundry-ui/src/components/Checkbox/Checkbox.tsx": {"lines":{"total":49,"covered":42,"skipped":0,"pct":85.71},"functions":{"total":9,"covered":6,"skipped":0,"pct":66.66},"statements":{"total":51,"covered":43,"skipped":0,"pct":84.31},"branches":{"total":43,"covered":34,"skipped":0,"pct":79.06}}
,"/home/runner/work/foundry-ui/foundry-ui/src/components/Divider/Divider.tsx": {"lines":{"total":9,"covered":9,"skipped":0,"pct":100},"functions":{"total":2,"covered":2,"skipped":0,"pct":100},"statements":{"total":9,"covered":9,"skipped":0,"pct":100},"branches":{"total":8,"covered":6,"skipped":0,"pct":75}}
,"/home/runner/work/foundry-ui/foundry-ui/src/components/Dropdown/Dropdown.tsx": {"lines":{"total":281,"covered":215,"skipped":0,"pct":76.51},"functions":{"total":62,"covered":44,"skipped":0,"pct":70.96},"statements":{"total":285,"covered":217,"skipped":0,"pct":76.14},"branches":{"total":260,"covered":179,"skipped":0,"pct":68.84}}
,"/home/runner/work/foundry-ui/foundry-ui/src/components/InteractionFeedback/InteractionFeedback.tsx": {"lines":{"total":33,"covered":32,"skipped":0,"pct":96.96},"functions":{"total":14,"covered":11,"skipped":0,"pct":78.57},"statements":{"total":38,"covered":35,"skipped":0,"pct":92.1},"branches":{"total":15,"covered":13,"skipped":0,"pct":86.66}}
,"/home/runner/work/foundry-ui/foundry-ui/src/components/Label/Label.tsx": {"lines":{"total":28,"covered":25,"skipped":0,"pct":89.28},"functions":{"total":3,"covered":2,"skipped":0,"pct":66.66},"statements":{"total":28,"covered":25,"skipped":0,"pct":89.28},"branches":{"total":32,"covered":25,"skipped":0,"pct":78.12}}
,"/home/runner/work/foundry-ui/foundry-ui/src/components/Modal/Modal.tsx": {"lines":{"total":61,"covered":35,"skipped":0,"pct":57.37},"functions":{"total":19,"covered":7,"skipped":0,"pct":36.84},"statements":{"total":63,"covered":36,"skipped":0,"pct":57.14},"branches":{"total":38,"covered":21,"skipped":0,"pct":55.26}}
,"/home/runner/work/foundry-ui/foundry-ui/src/components/Progress/Progress.tsx": {"lines":{"total":4,"covered":4,"skipped":0,"pct":100},"functions":{"total":1,"covered":1,"skipped":0,"pct":100},"statements":{"total":4,"covered":4,"skipped":0,"pct":100},"branches":{"total":0,"covered":0,"skipped":0,"pct":100}}
,"/home/runner/work/foundry-ui/foundry-ui/src/components/RangeSlider/RangeSlider.tsx": {"lines":{"total":116,"covered":71,"skipped":0,"pct":61.2},"functions":{"total":32,"covered":22,"skipped":0,"pct":68.75},"statements":{"total":128,"covered":73,"skipped":0,"pct":57.03},"branches":{"total":120,"covered":59,"skipped":0,"pct":49.16}}
,"/home/runner/work/foundry-ui/foundry-ui/src/components/RangeSlider/types.ts": {"lines":{"total":0,"covered":0,"skipped":0,"pct":100},"functions":{"total":0,"covered":0,"skipped":0,"pct":100},"statements":{"total":0,"covered":0,"skipped":0,"pct":100},"branches":{"total":0,"covered":0,"skipped":0,"pct":100}}
,"/home/runner/work/foundry-ui/foundry-ui/src/components/Skeleton/Skeleton.tsx": {"lines":{"total":15,"covered":15,"skipped":0,"pct":100},"functions":{"total":3,"covered":3,"skipped":0,"pct":100},"statements":{"total":15,"covered":15,"skipped":0,"pct":100},"branches":{"total":14,"covered":12,"skipped":0,"pct":85.71}}
,"/home/runner/work/foundry-ui/foundry-ui/src/components/Spotlight/Spotlight.tsx": {"lines":{"total":73,"covered":38,"skipped":0,"pct":52.05},"functions":{"total":10,"covered":8,"skipped":0,"pct":80},"statements":{"total":75,"covered":40,"skipped":0,"pct":53.33},"branches":{"total":72,"covered":30,"skipped":0,"pct":41.66}}
,"/home/runner/work/foundry-ui/foundry-ui/src/components/Table/Table.tsx": {"lines":{"total":167,"covered":86,"skipped":0,"pct":51.49},"functions":{"total":40,"covered":19,"skipped":0,"pct":47.5},"statements":{"total":171,"covered":87,"skipped":0,"pct":50.87},"branches":{"total":204,"covered":91,"skipped":0,"pct":44.6}}
,"/home/runner/work/foundry-ui/foundry-ui/src/components/Table/types.ts": {"lines":{"total":0,"covered":0,"skipped":0,"pct":100},"functions":{"total":0,"covered":0,"skipped":0,"pct":100},"statements":{"total":0,"covered":0,"skipped":0,"pct":100},"branches":{"total":0,"covered":0,"skipped":0,"pct":100}}
,"/home/runner/work/foundry-ui/foundry-ui/src/components/Tag/Tag.tsx": {"lines":{"total":17,"covered":17,"skipped":0,"pct":100},"functions":{"total":3,"covered":3,"skipped":0,"pct":100},"statements":{"total":17,"covered":17,"skipped":0,"pct":100},"branches":{"total":35,"covered":33,"skipped":0,"pct":94.28}}
,"/home/runner/work/foundry-ui/foundry-ui/src/components/Text/Text.tsx": {"lines":{"total":9,"covered":9,"skipped":0,"pct":100},"functions":{"total":3,"covered":3,"skipped":0,"pct":100},"statements":{"total":9,"covered":9,"skipped":0,"pct":100},"branches":{"total":23,"covered":23,"skipped":0,"pct":100}}
,"/home/runner/work/foundry-ui/foundry-ui/src/components/TextInput/TextInput.tsx": {"lines":{"total":59,"covered":51,"skipped":0,"pct":86.44},"functions":{"total":15,"covered":11,"skipped":0,"pct":73.33},"statements":{"total":59,"covered":51,"skipped":0,"pct":86.44},"branches":{"total":80,"covered":59,"skipped":0,"pct":73.75}}
,"/home/runner/work/foundry-ui/foundry-ui/src/components/Toggle/Toggle.tsx": {"lines":{"total":22,"covered":22,"skipped":0,"pct":100},"functions":{"total":4,"covered":4,"skipped":0,"pct":100},"statements":{"total":22,"covered":22,"skipped":0,"pct":100},"branches":{"total":33,"covered":26,"skipped":0,"pct":78.78}}
,"/home/runner/work/foundry-ui/foundry-ui/src/context/index.tsx": {"lines":{"total":39,"covered":31,"skipped":0,"pct":79.48},"functions":{"total":10,"covered":8,"skipped":0,"pct":80},"statements":{"total":39,"covered":31,"skipped":0,"pct":79.48},"branches":{"total":21,"covered":8,"skipped":0,"pct":38.09}}
,"/home/runner/work/foundry-ui/foundry-ui/src/enums/checkboxTypes.ts": {"lines":{"total":0,"covered":0,"skipped":0,"pct":100},"functions":{"total":0,"covered":0,"skipped":0,"pct":100},"statements":{"total":0,"covered":0,"skipped":0,"pct":100},"branches":{"total":0,"covered":0,"skipped":0,"pct":100}}
,"/home/runner/work/foundry-ui/foundry-ui/src/enums/colors.ts": {"lines":{"total":0,"covered":0,"skipped":0,"pct":100},"functions":{"total":0,"covered":0,"skipped":0,"pct":100},"statements":{"total":0,"covered":0,"skipped":0,"pct":100},"branches":{"total":0,"covered":0,"skipped":0,"pct":100}}
,"/home/runner/work/foundry-ui/foundry-ui/src/enums/feedbackTypes.ts": {"lines":{"total":0,"covered":0,"skipped":0,"pct":100},"functions":{"total":0,"covered":0,"skipped":0,"pct":100},"statements":{"total":0,"covered":0,"skipped":0,"pct":100},"branches":{"total":0,"covered":0,"skipped":0,"pct":100}}
,"/home/runner/work/foundry-ui/foundry-ui/src/enums/fonts.ts": {"lines":{"total":0,"covered":0,"skipped":0,"pct":100},"functions":{"total":0,"covered":0,"skipped":0,"pct":100},"statements":{"total":0,"covered":0,"skipped":0,"pct":100},"branches":{"total":0,"covered":0,"skipped":0,"pct":100}}
,"/home/runner/work/foundry-ui/foundry-ui/src/enums/timings.ts": {"lines":{"total":0,"covered":0,"skipped":0,"pct":100},"functions":{"total":0,"covered":0,"skipped":0,"pct":100},"statements":{"total":0,"covered":0,"skipped":0,"pct":100},"branches":{"total":0,"covered":0,"skipped":0,"pct":100}}
,"/home/runner/work/foundry-ui/foundry-ui/src/enums/variants.ts": {"lines":{"total":0,"covered":0,"skipped":0,"pct":100},"functions":{"total":0,"covered":0,"skipped":0,"pct":100},"statements":{"total":0,"covered":0,"skipped":0,"pct":100},"branches":{"total":0,"covered":0,"skipped":0,"pct":100}}
,"/home/runner/work/foundry-ui/foundry-ui/src/htmlElements/index.tsx": {"lines":{"total":13,"covered":13,"skipped":0,"pct":100},"functions":{"total":0,"covered":0,"skipped":0,"pct":100},"statements":{"total":13,"covered":13,"skipped":0,"pct":100},"branches":{"total":0,"covered":0,"skipped":0,"pct":100}}
,"/home/runner/work/foundry-ui/foundry-ui/src/utils/a11y.ts": {"lines":{"total":11,"covered":1,"skipped":0,"pct":9.09},"functions":{"total":4,"covered":0,"skipped":0,"pct":0},"statements":{"total":12,"covered":1,"skipped":0,"pct":8.33},"branches":{"total":3,"covered":0,"skipped":0,"pct":0}}
,"/home/runner/work/foundry-ui/foundry-ui/src/utils/color.ts": {"lines":{"total":10,"covered":10,"skipped":0,"pct":100},"functions":{"total":3,"covered":3,"skipped":0,"pct":100},"statements":{"total":10,"covered":10,"skipped":0,"pct":100},"branches":{"total":12,"covered":12,"skipped":0,"pct":100}}
,"/home/runner/work/foundry-ui/foundry-ui/src/utils/hooks.ts": {"lines":{"total":64,"covered":35,"skipped":0,"pct":54.68},"functions":{"total":15,"covered":8,"skipped":0,"pct":53.33},"statements":{"total":64,"covered":35,"skipped":0,"pct":54.68},"branches":{"total":18,"covered":4,"skipped":0,"pct":22.22}}
,"/home/runner/work/foundry-ui/foundry-ui/src/utils/math.ts": {"lines":{"total":8,"covered":8,"skipped":0,"pct":100},"functions":{"total":2,"covered":2,"skipped":0,"pct":100},"statements":{"total":9,"covered":9,"skipped":0,"pct":100},"branches":{"total":0,"covered":0,"skipped":0,"pct":100}}
,"/home/runner/work/foundry-ui/foundry-ui/src/utils/performance.ts": {"lines":{"total":5,"covered":1,"skipped":0,"pct":20},"functions":{"total":3,"covered":0,"skipped":0,"pct":0},"statements":{"total":6,"covered":1,"skipped":0,"pct":16.66},"branches":{"total":0,"covered":0,"skipped":0,"pct":100}}
,"/home/runner/work/foundry-ui/foundry-ui/src/utils/refs.ts": {"lines":{"total":8,"covered":8,"skipped":0,"pct":100},"functions":{"total":3,"covered":3,"skipped":0,"pct":100},"statements":{"total":8,"covered":8,"skipped":0,"pct":100},"branches":{"total":4,"covered":3,"skipped":0,"pct":75}}
,"/home/runner/work/foundry-ui/foundry-ui/src/utils/styles.ts": {"lines":{"total":57,"covered":31,"skipped":0,"pct":54.38},"functions":{"total":4,"covered":4,"skipped":0,"pct":100},"statements":{"total":58,"covered":32,"skipped":0,"pct":55.17},"branches":{"total":30,"covered":9,"skipped":0,"pct":30}}
}
