{"total": {"lines":{"total":779,"covered":577,"skipped":0,"pct":74.07},"statements":{"total":793,"covered":583,"skipped":0,"pct":73.52},"functions":{"total":175,"covered":124,"skipped":0,"pct":70.86},"branches":{"total":841,"covered":529,"skipped":0,"pct":62.9}}
,"/home/runner/work/foundry-ui/foundry-ui/src/components/commonTypes.ts": {"lines":{"total":0,"covered":0,"skipped":0,"pct":100},"functions":{"total":0,"covered":0,"skipped":0,"pct":100},"statements":{"total":0,"covered":0,"skipped":0,"pct":100},"branches":{"total":0,"covered":0,"skipped":0,"pct":100}}
,"/home/runner/work/foundry-ui/foundry-ui/src/components/Button/Button.tsx": {"lines":{"total":23,"covered":23,"skipped":0,"pct":100},"functions":{"total":8,"covered":6,"skipped":0,"pct":75},"statements":{"total":23,"covered":23,"skipped":0,"pct":100},"branches":{"total":58,"covered":47,"skipped":0,"pct":81.03}}
,"/home/runner/work/foundry-ui/foundry-ui/src/components/Card/Card.tsx": {"lines":{"total":26,"covered":26,"skipped":0,"pct":100},"functions":{"total":6,"covered":5,"skipped":0,"pct":83.33},"statements":{"total":26,"covered":26,"skipped":0,"pct":100},"branches":{"total":30,"covered":28,"skipped":0,"pct":93.33}}
,"/home/runner/work/foundry-ui/foundry-ui/src/components/Checkbox/Checkbox.tsx": {"lines":{"total":42,"covered":35,"skipped":0,"pct":83.33},"functions":{"total":8,"covered":5,"skipped":0,"pct":62.5},"statements":{"total":44,"covered":36,"skipped":0,"pct":81.82},"branches":{"total":41,"covered":32,"skipped":0,"pct":78.05}}
,"/home/runner/work/foundry-ui/foundry-ui/src/components/Divider/Divider.tsx": {"lines":{"total":8,"covered":8,"skipped":0,"pct":100},"functions":{"total":2,"covered":2,"skipped":0,"pct":100},"statements":{"total":8,"covered":8,"skipped":0,"pct":100},"branches":{"total":8,"covered":6,"skipped":0,"pct":75}}
,"/home/runner/work/foundry-ui/foundry-ui/src/components/Dropdown/Dropdown.tsx": {"lines":{"total":158,"covered":127,"skipped":0,"pct":80.38},"functions":{"total":34,"covered":26,"skipped":0,"pct":76.47},"statements":{"total":158,"covered":127,"skipped":0,"pct":80.38},"branches":{"total":162,"covered":110,"skipped":0,"pct":67.9}}
,"/home/runner/work/foundry-ui/foundry-ui/src/components/InteractionFeedback/InteractionFeedback.tsx": {"lines":{"total":30,"covered":29,"skipped":0,"pct":96.67},"functions":{"total":13,"covered":10,"skipped":0,"pct":76.92},"statements":{"total":35,"covered":32,"skipped":0,"pct":91.43},"branches":{"total":15,"covered":13,"skipped":0,"pct":86.67}}
,"/home/runner/work/foundry-ui/foundry-ui/src/components/Label/Label.tsx": {"lines":{"total":22,"covered":22,"skipped":0,"pct":100},"functions":{"total":2,"covered":2,"skipped":0,"pct":100},"statements":{"total":22,"covered":22,"skipped":0,"pct":100},"branches":{"total":26,"covered":22,"skipped":0,"pct":84.62}}
,"/home/runner/work/foundry-ui/foundry-ui/src/components/Modal/Modal.tsx": {"lines":{"total":40,"covered":25,"skipped":0,"pct":62.5},"functions":{"total":8,"covered":5,"skipped":0,"pct":62.5},"statements":{"total":40,"covered":25,"skipped":0,"pct":62.5},"branches":{"total":29,"covered":20,"skipped":0,"pct":68.97}}
,"/home/runner/work/foundry-ui/foundry-ui/src/components/Progress/Progress.tsx": {"lines":{"total":4,"covered":4,"skipped":0,"pct":100},"functions":{"total":1,"covered":1,"skipped":0,"pct":100},"statements":{"total":4,"covered":4,"skipped":0,"pct":100},"branches":{"total":0,"covered":0,"skipped":0,"pct":100}}
,"/home/runner/work/foundry-ui/foundry-ui/src/components/RangeSlider/RangeSlider.tsx": {"lines":{"total":102,"covered":67,"skipped":0,"pct":65.69},"functions":{"total":26,"covered":19,"skipped":0,"pct":73.08},"statements":{"total":103,"covered":67,"skipped":0,"pct":65.05},"branches":{"total":111,"covered":61,"skipped":0,"pct":54.95}}
,"/home/runner/work/foundry-ui/foundry-ui/src/components/RangeSlider/types.ts": {"lines":{"total":0,"covered":0,"skipped":0,"pct":100},"functions":{"total":0,"covered":0,"skipped":0,"pct":100},"statements":{"total":0,"covered":0,"skipped":0,"pct":100},"branches":{"total":0,"covered":0,"skipped":0,"pct":100}}
,"/home/runner/work/foundry-ui/foundry-ui/src/components/Skeleton/Skeleton.tsx": {"lines":{"total":13,"covered":13,"skipped":0,"pct":100},"functions":{"total":3,"covered":3,"skipped":0,"pct":100},"statements":{"total":13,"covered":13,"skipped":0,"pct":100},"branches":{"total":9,"covered":9,"skipped":0,"pct":100}}
,"/home/runner/work/foundry-ui/foundry-ui/src/components/Table/Table.tsx": {"lines":{"total":136,"covered":68,"skipped":0,"pct":50},"functions":{"total":32,"covered":15,"skipped":0,"pct":46.88},"statements":{"total":139,"covered":68,"skipped":0,"pct":48.92},"branches":{"total":185,"covered":68,"skipped":0,"pct":36.76}}
,"/home/runner/work/foundry-ui/foundry-ui/src/components/Table/types.ts": {"lines":{"total":0,"covered":0,"skipped":0,"pct":100},"functions":{"total":0,"covered":0,"skipped":0,"pct":100},"statements":{"total":0,"covered":0,"skipped":0,"pct":100},"branches":{"total":0,"covered":0,"skipped":0,"pct":100}}
,"/home/runner/work/foundry-ui/foundry-ui/src/components/Tag/Tag.tsx": {"lines":{"total":17,"covered":17,"skipped":0,"pct":100},"functions":{"total":3,"covered":3,"skipped":0,"pct":100},"statements":{"total":17,"covered":17,"skipped":0,"pct":100},"branches":{"total":35,"covered":33,"skipped":0,"pct":94.29}}
,"/home/runner/work/foundry-ui/foundry-ui/src/components/Text/Text.tsx": {"lines":{"total":9,"covered":9,"skipped":0,"pct":100},"functions":{"total":3,"covered":3,"skipped":0,"pct":100},"statements":{"total":9,"covered":9,"skipped":0,"pct":100},"branches":{"total":20,"covered":20,"skipped":0,"pct":100}}
,"/home/runner/work/foundry-ui/foundry-ui/src/components/TextInput/TextInput.tsx": {"lines":{"total":41,"covered":27,"skipped":0,"pct":65.85},"functions":{"total":10,"covered":5,"skipped":0,"pct":50},"statements":{"total":41,"covered":27,"skipped":0,"pct":65.85},"branches":{"total":55,"covered":36,"skipped":0,"pct":65.45}}
,"/home/runner/work/foundry-ui/foundry-ui/src/context/index.tsx": {"lines":{"total":16,"covered":12,"skipped":0,"pct":75},"functions":{"total":5,"covered":4,"skipped":0,"pct":80},"statements":{"total":16,"covered":12,"skipped":0,"pct":75},"branches":{"total":7,"covered":1,"skipped":0,"pct":14.29}}
,"/home/runner/work/foundry-ui/foundry-ui/src/enums/colors.ts": {"lines":{"total":0,"covered":0,"skipped":0,"pct":100},"functions":{"total":0,"covered":0,"skipped":0,"pct":100},"statements":{"total":0,"covered":0,"skipped":0,"pct":100},"branches":{"total":0,"covered":0,"skipped":0,"pct":100}}
,"/home/runner/work/foundry-ui/foundry-ui/src/enums/feedbackTypes.ts": {"lines":{"total":0,"covered":0,"skipped":0,"pct":100},"functions":{"total":0,"covered":0,"skipped":0,"pct":100},"statements":{"total":0,"covered":0,"skipped":0,"pct":100},"branches":{"total":0,"covered":0,"skipped":0,"pct":100}}
,"/home/runner/work/foundry-ui/foundry-ui/src/enums/fonts.ts": {"lines":{"total":0,"covered":0,"skipped":0,"pct":100},"functions":{"total":0,"covered":0,"skipped":0,"pct":100},"statements":{"total":0,"covered":0,"skipped":0,"pct":100},"branches":{"total":0,"covered":0,"skipped":0,"pct":100}}
,"/home/runner/work/foundry-ui/foundry-ui/src/enums/timings.ts": {"lines":{"total":0,"covered":0,"skipped":0,"pct":100},"functions":{"total":0,"covered":0,"skipped":0,"pct":100},"statements":{"total":0,"covered":0,"skipped":0,"pct":100},"branches":{"total":0,"covered":0,"skipped":0,"pct":100}}
,"/home/runner/work/foundry-ui/foundry-ui/src/enums/variants.ts": {"lines":{"total":0,"covered":0,"skipped":0,"pct":100},"functions":{"total":0,"covered":0,"skipped":0,"pct":100},"statements":{"total":0,"covered":0,"skipped":0,"pct":100},"branches":{"total":0,"covered":0,"skipped":0,"pct":100}}
,"/home/runner/work/foundry-ui/foundry-ui/src/htmlElements/index.tsx": {"lines":{"total":13,"covered":13,"skipped":0,"pct":100},"functions":{"total":0,"covered":0,"skipped":0,"pct":100},"statements":{"total":13,"covered":13,"skipped":0,"pct":100},"branches":{"total":0,"covered":0,"skipped":0,"pct":100}}
,"/home/runner/work/foundry-ui/foundry-ui/src/utils/color.ts": {"lines":{"total":10,"covered":9,"skipped":0,"pct":90},"functions":{"total":3,"covered":2,"skipped":0,"pct":66.67},"statements":{"total":10,"covered":9,"skipped":0,"pct":90},"branches":{"total":12,"covered":8,"skipped":0,"pct":66.67}}
,"/home/runner/work/foundry-ui/foundry-ui/src/utils/math.ts": {"lines":{"total":2,"covered":2,"skipped":0,"pct":100},"functions":{"total":1,"covered":1,"skipped":0,"pct":100},"statements":{"total":2,"covered":2,"skipped":0,"pct":100},"branches":{"total":0,"covered":0,"skipped":0,"pct":100}}
,"/home/runner/work/foundry-ui/foundry-ui/src/utils/refs.ts": {"lines":{"total":10,"covered":10,"skipped":0,"pct":100},"functions":{"total":3,"covered":3,"skipped":0,"pct":100},"statements":{"total":12,"covered":11,"skipped":0,"pct":91.67},"branches":{"total":8,"covered":6,"skipped":0,"pct":75}}
,"/home/runner/work/foundry-ui/foundry-ui/src/utils/styles.ts": {"lines":{"total":57,"covered":31,"skipped":0,"pct":54.39},"functions":{"total":4,"covered":4,"skipped":0,"pct":100},"statements":{"total":58,"covered":32,"skipped":0,"pct":55.17},"branches":{"total":30,"covered":9,"skipped":0,"pct":30}}
}
